[0.400s] Invoking command in '/home/albert/Workspaces/line_follower/src/software_sensors_py': PYTHONPATH=/home/albert/Workspaces/line_follower/build/software_sensors_py/prefix_override:/home/albert/Workspaces/line_follower/install/software_sensors_py/lib/python3.10/site-packages:${PYTHONPATH} /usr/bin/python3 -W ignore:setup.py install is deprecated setup.py egg_info --egg-base ../../build/software_sensors_py build --build-base /home/albert/Workspaces/line_follower/build/software_sensors_py/build install --record /home/albert/Workspaces/line_follower/build/software_sensors_py/install.log --single-version-externally-managed install_data
[0.553s] running egg_info
[0.553s] writing ../../build/software_sensors_py/software_sensors_py.egg-info/PKG-INFO
[0.553s] writing dependency_links to ../../build/software_sensors_py/software_sensors_py.egg-info/dependency_links.txt
[0.554s] writing entry points to ../../build/software_sensors_py/software_sensors_py.egg-info/entry_points.txt
[0.554s] writing requirements to ../../build/software_sensors_py/software_sensors_py.egg-info/requires.txt
[0.554s] writing top-level names to ../../build/software_sensors_py/software_sensors_py.egg-info/top_level.txt
[0.555s] reading manifest file '../../build/software_sensors_py/software_sensors_py.egg-info/SOURCES.txt'
[0.555s] writing manifest file '../../build/software_sensors_py/software_sensors_py.egg-info/SOURCES.txt'
[0.555s] running build
[0.555s] running build_py
[0.555s] copying software_sensors_py/camera_node.py -> /home/albert/Workspaces/line_follower/build/software_sensors_py/build/lib/software_sensors_py
[0.556s] running install
[0.556s] running install_lib
[0.556s] copying /home/albert/Workspaces/line_follower/build/software_sensors_py/build/lib/software_sensors_py/camera_node.py -> /home/albert/Workspaces/line_follower/install/software_sensors_py/lib/python3.10/site-packages/software_sensors_py
[0.557s] byte-compiling /home/albert/Workspaces/line_follower/install/software_sensors_py/lib/python3.10/site-packages/software_sensors_py/camera_node.py to camera_node.cpython-310.pyc
[0.558s] running install_data
[0.558s] running install_egg_info
[0.559s] removing '/home/albert/Workspaces/line_follower/install/software_sensors_py/lib/python3.10/site-packages/software_sensors_py-0.0.0-py3.10.egg-info' (and everything under it)
[0.559s] Copying ../../build/software_sensors_py/software_sensors_py.egg-info to /home/albert/Workspaces/line_follower/install/software_sensors_py/lib/python3.10/site-packages/software_sensors_py-0.0.0-py3.10.egg-info
[0.559s] running install_scripts
[0.573s] Installing camera_node script to /home/albert/Workspaces/line_follower/install/software_sensors_py/lib/software_sensors_py
[0.574s] Installing line_detector_node script to /home/albert/Workspaces/line_follower/install/software_sensors_py/lib/software_sensors_py
[0.574s] writing list of installed files to '/home/albert/Workspaces/line_follower/build/software_sensors_py/install.log'
[0.590s] Invoked command in '/home/albert/Workspaces/line_follower/src/software_sensors_py' returned '0': PYTHONPATH=/home/albert/Workspaces/line_follower/build/software_sensors_py/prefix_override:/home/albert/Workspaces/line_follower/install/software_sensors_py/lib/python3.10/site-packages:${PYTHONPATH} /usr/bin/python3 -W ignore:setup.py install is deprecated setup.py egg_info --egg-base ../../build/software_sensors_py build --build-base /home/albert/Workspaces/line_follower/build/software_sensors_py/build install --record /home/albert/Workspaces/line_follower/build/software_sensors_py/install.log --single-version-externally-managed install_data
