-- Found ament_cmake: 1.3.8 (/opt/ros/humble/share/ament_cmake/cmake)
-- Found rclcpp: 16.0.8 (/opt/ros/humble/share/rclcpp/cmake)
-- Found rosidl_generator_c: 3.1.5 (/opt/ros/humble/share/rosidl_generator_c/cmake)
-- Found rosidl_adapter: 3.1.5 (/opt/ros/humble/share/rosidl_adapter/cmake)
-- Found rosidl_generator_cpp: 3.1.5 (/opt/ros/humble/share/rosidl_generator_cpp/cmake)
-- Using all available rosidl_typesupport_c: rosidl_typesupport_fastrtps_c;rosidl_typesupport_introspection_c
-- Using all available rosidl_typesupport_cpp: rosidl_typesupport_fastrtps_cpp;rosidl_typesupport_introspection_cpp
-- Found rmw_implementation_cmake: 6.1.1 (/opt/ros/humble/share/rmw_implementation_cmake/cmake)
-- Found rmw_fastrtps_cpp: 6.2.6 (/opt/ros/humble/share/rmw_fastrtps_cpp/cmake)
-- Using RMW implementation 'rmw_fastrtps_cpp' as default
-- Found ament_lint_auto: 0.12.10 (/opt/ros/humble/share/ament_lint_auto/cmake)
-- Added test 'lint_cmake' to check CMake code style
-- Added test 'xmllint' to check XML markup files
-- Configuring done
-- Generating done
-- Build files have been written to: /home/albert/Workspaces/line_follower/build/software_actuators_cpp
-- Install configuration: ""
-- Up-to-date: /home/albert/Workspaces/line_follower/install/software_actuators_cpp/share/ament_index/resource_index/package_run_dependencies/software_actuators_cpp
-- Up-to-date: /home/albert/Workspaces/line_follower/install/software_actuators_cpp/share/ament_index/resource_index/parent_prefix_path/software_actuators_cpp
-- Up-to-date: /home/albert/Workspaces/line_follower/install/software_actuators_cpp/share/software_actuators_cpp/environment/ament_prefix_path.sh
-- Installing: /home/albert/Workspaces/line_follower/install/software_actuators_cpp/share/software_actuators_cpp/environment/ament_prefix_path.dsv
-- Up-to-date: /home/albert/Workspaces/line_follower/install/software_actuators_cpp/share/software_actuators_cpp/environment/path.sh
-- Installing: /home/albert/Workspaces/line_follower/install/software_actuators_cpp/share/software_actuators_cpp/environment/path.dsv
-- Up-to-date: /home/albert/Workspaces/line_follower/install/software_actuators_cpp/share/software_actuators_cpp/local_setup.bash
-- Up-to-date: /home/albert/Workspaces/line_follower/install/software_actuators_cpp/share/software_actuators_cpp/local_setup.sh
-- Up-to-date: /home/albert/Workspaces/line_follower/install/software_actuators_cpp/share/software_actuators_cpp/local_setup.zsh
-- Installing: /home/albert/Workspaces/line_follower/install/software_actuators_cpp/share/software_actuators_cpp/local_setup.dsv
-- Installing: /home/albert/Workspaces/line_follower/install/software_actuators_cpp/share/software_actuators_cpp/package.dsv
-- Up-to-date: /home/albert/Workspaces/line_follower/install/software_actuators_cpp/share/ament_index/resource_index/packages/software_actuators_cpp
-- Up-to-date: /home/albert/Workspaces/line_follower/install/software_actuators_cpp/share/software_actuators_cpp/cmake/software_actuators_cppConfig.cmake
-- Up-to-date: /home/albert/Workspaces/line_follower/install/software_actuators_cpp/share/software_actuators_cpp/cmake/software_actuators_cppConfig-version.cmake
-- Installing: /home/albert/Workspaces/line_follower/install/software_actuators_cpp/share/software_actuators_cpp/package.xml
