[0.011s] Invoking command in '/home/albert/Workspaces/line_follower/build/software_actuators_cpp': CMAKE_PREFIX_PATH=/opt/ros/humble /usr/bin/cmake --build /home/albert/Workspaces/line_follower/build/software_actuators_cpp -- -j20 -l20
[0.026s] -- Found ament_cmake: 1.3.8 (/opt/ros/humble/share/ament_cmake/cmake)
[0.107s] -- Found rclcpp: 16.0.8 (/opt/ros/humble/share/rclcpp/cmake)
[0.126s] -- Found rosidl_generator_c: 3.1.5 (/opt/ros/humble/share/rosidl_generator_c/cmake)
[0.127s] -- Found rosidl_adapter: 3.1.5 (/opt/ros/humble/share/rosidl_adapter/cmake)
[0.132s] -- Found rosidl_generator_cpp: 3.1.5 (/opt/ros/humble/share/rosidl_generator_cpp/cmake)
[0.139s] -- Using all available rosidl_typesupport_c: rosidl_typesupport_fastrtps_c;rosidl_typesupport_introspection_c
[0.149s] -- Using all available rosidl_typesupport_cpp: rosidl_typesupport_fastrtps_cpp;rosidl_typesupport_introspection_cpp
[0.186s] -- Found rmw_implementation_cmake: 6.1.1 (/opt/ros/humble/share/rmw_implementation_cmake/cmake)
[0.188s] -- Found rmw_fastrtps_cpp: 6.2.6 (/opt/ros/humble/share/rmw_fastrtps_cpp/cmake)
[0.262s] -- Using RMW implementation 'rmw_fastrtps_cpp' as default
[0.365s] -- Found ament_lint_auto: 0.12.10 (/opt/ros/humble/share/ament_lint_auto/cmake)
[0.409s] -- Added test 'lint_cmake' to check CMake code style
[0.409s] -- Added test 'xmllint' to check XML markup files
[0.409s] -- Configuring done
[0.411s] -- Generating done
[0.412s] -- Build files have been written to: /home/albert/Workspaces/line_follower/build/software_actuators_cpp
[0.430s] Invoked command in '/home/albert/Workspaces/line_follower/build/software_actuators_cpp' returned '0': CMAKE_PREFIX_PATH=/opt/ros/humble /usr/bin/cmake --build /home/albert/Workspaces/line_follower/build/software_actuators_cpp -- -j20 -l20
[0.445s] Invoking command in '/home/albert/Workspaces/line_follower/build/software_actuators_cpp': CMAKE_PREFIX_PATH=/opt/ros/humble /usr/bin/cmake --install /home/albert/Workspaces/line_follower/build/software_actuators_cpp
[0.450s] -- Install configuration: ""
[0.450s] -- Up-to-date: /home/albert/Workspaces/line_follower/install/software_actuators_cpp/share/ament_index/resource_index/package_run_dependencies/software_actuators_cpp
[0.450s] -- Up-to-date: /home/albert/Workspaces/line_follower/install/software_actuators_cpp/share/ament_index/resource_index/parent_prefix_path/software_actuators_cpp
[0.450s] -- Up-to-date: /home/albert/Workspaces/line_follower/install/software_actuators_cpp/share/software_actuators_cpp/environment/ament_prefix_path.sh
[0.450s] -- Installing: /home/albert/Workspaces/line_follower/install/software_actuators_cpp/share/software_actuators_cpp/environment/ament_prefix_path.dsv
[0.450s] -- Up-to-date: /home/albert/Workspaces/line_follower/install/software_actuators_cpp/share/software_actuators_cpp/environment/path.sh
[0.450s] -- Installing: /home/albert/Workspaces/line_follower/install/software_actuators_cpp/share/software_actuators_cpp/environment/path.dsv
[0.450s] -- Up-to-date: /home/albert/Workspaces/line_follower/install/software_actuators_cpp/share/software_actuators_cpp/local_setup.bash
[0.450s] -- Up-to-date: /home/albert/Workspaces/line_follower/install/software_actuators_cpp/share/software_actuators_cpp/local_setup.sh
[0.450s] -- Up-to-date: /home/albert/Workspaces/line_follower/install/software_actuators_cpp/share/software_actuators_cpp/local_setup.zsh
[0.450s] -- Installing: /home/albert/Workspaces/line_follower/install/software_actuators_cpp/share/software_actuators_cpp/local_setup.dsv
[0.450s] -- Installing: /home/albert/Workspaces/line_follower/install/software_actuators_cpp/share/software_actuators_cpp/package.dsv
[0.450s] -- Up-to-date: /home/albert/Workspaces/line_follower/install/software_actuators_cpp/share/ament_index/resource_index/packages/software_actuators_cpp
[0.451s] -- Up-to-date: /home/albert/Workspaces/line_follower/install/software_actuators_cpp/share/software_actuators_cpp/cmake/software_actuators_cppConfig.cmake
[0.451s] -- Up-to-date: /home/albert/Workspaces/line_follower/install/software_actuators_cpp/share/software_actuators_cpp/cmake/software_actuators_cppConfig-version.cmake
[0.451s] -- Installing: /home/albert/Workspaces/line_follower/install/software_actuators_cpp/share/software_actuators_cpp/package.xml
[0.452s] Invoked command in '/home/albert/Workspaces/line_follower/build/software_actuators_cpp' returned '0': CMAKE_PREFIX_PATH=/opt/ros/humble /usr/bin/cmake --install /home/albert/Workspaces/line_follower/build/software_actuators_cpp
