[0.013s] Invoking command in '/home/albert/Workspaces/line_follower/build/line_follower_bringup': CMAKE_PREFIX_PATH=/opt/ros/humble /usr/bin/cmake /home/albert/Workspaces/line_follower/src/line_follower_bringup -DCMAKE_INSTALL_PREFIX=/home/albert/Workspaces/line_follower/install/line_follower_bringup
[0.049s] -- The C compiler identification is GNU 11.4.0
[0.085s] -- The CXX compiler identification is GNU 11.4.0
[0.090s] -- Detecting C compiler ABI info
[0.134s] -- Detecting C compiler ABI info - done
[0.139s] -- Check for working C compiler: /usr/bin/cc - skipped
[0.139s] -- Detecting C compile features
[0.139s] -- Detecting C compile features - done
[0.141s] -- Detecting CXX compiler ABI info
[0.193s] -- Detecting CXX compiler ABI info - done
[0.199s] -- Check for working CXX compiler: /usr/bin/c++ - skipped
[0.200s] -- Detecting CXX compile features
[0.201s] -- Detecting CXX compile features - done
[0.201s] -- Found ament_cmake: 1.3.8 (/opt/ros/humble/share/ament_cmake/cmake)
[0.300s] -- Found Python3: /usr/bin/python3 (found version "3.10.12") found components: Interpreter 
[0.353s] -- Found ament_lint_auto: 0.12.10 (/opt/ros/humble/share/ament_lint_auto/cmake)
[0.403s] -- Added test 'lint_cmake' to check CMake code style
[0.404s] -- Added test 'xmllint' to check XML markup files
[0.404s] -- Configuring done
[0.406s] -- Generating done
[0.406s] -- Build files have been written to: /home/albert/Workspaces/line_follower/build/line_follower_bringup
[0.409s] Invoked command in '/home/albert/Workspaces/line_follower/build/line_follower_bringup' returned '0': CMAKE_PREFIX_PATH=/opt/ros/humble /usr/bin/cmake /home/albert/Workspaces/line_follower/src/line_follower_bringup -DCMAKE_INSTALL_PREFIX=/home/albert/Workspaces/line_follower/install/line_follower_bringup
[0.410s] Invoking command in '/home/albert/Workspaces/line_follower/build/line_follower_bringup': CMAKE_PREFIX_PATH=/opt/ros/humble /usr/bin/cmake --build /home/albert/Workspaces/line_follower/build/line_follower_bringup -- -j20 -l20
[0.434s] Invoked command in '/home/albert/Workspaces/line_follower/build/line_follower_bringup' returned '0': CMAKE_PREFIX_PATH=/opt/ros/humble /usr/bin/cmake --build /home/albert/Workspaces/line_follower/build/line_follower_bringup -- -j20 -l20
[0.450s] Invoking command in '/home/albert/Workspaces/line_follower/build/line_follower_bringup': CMAKE_PREFIX_PATH=/opt/ros/humble /usr/bin/cmake --install /home/albert/Workspaces/line_follower/build/line_follower_bringup
[0.455s] -- Install configuration: ""
[0.455s] -- Installing: /home/albert/Workspaces/line_follower/install/line_follower_bringup/share/ament_index/resource_index/package_run_dependencies/line_follower_bringup
[0.455s] -- Installing: /home/albert/Workspaces/line_follower/install/line_follower_bringup/share/ament_index/resource_index/parent_prefix_path/line_follower_bringup
[0.455s] -- Installing: /home/albert/Workspaces/line_follower/install/line_follower_bringup/share/line_follower_bringup/environment/ament_prefix_path.sh
[0.455s] -- Installing: /home/albert/Workspaces/line_follower/install/line_follower_bringup/share/line_follower_bringup/environment/ament_prefix_path.dsv
[0.455s] -- Installing: /home/albert/Workspaces/line_follower/install/line_follower_bringup/share/line_follower_bringup/environment/path.sh
[0.455s] -- Installing: /home/albert/Workspaces/line_follower/install/line_follower_bringup/share/line_follower_bringup/environment/path.dsv
[0.455s] -- Installing: /home/albert/Workspaces/line_follower/install/line_follower_bringup/share/line_follower_bringup/local_setup.bash
[0.455s] -- Installing: /home/albert/Workspaces/line_follower/install/line_follower_bringup/share/line_follower_bringup/local_setup.sh
[0.455s] -- Installing: /home/albert/Workspaces/line_follower/install/line_follower_bringup/share/line_follower_bringup/local_setup.zsh
[0.455s] -- Installing: /home/albert/Workspaces/line_follower/install/line_follower_bringup/share/line_follower_bringup/local_setup.dsv
[0.455s] -- Installing: /home/albert/Workspaces/line_follower/install/line_follower_bringup/share/line_follower_bringup/package.dsv
[0.455s] -- Installing: /home/albert/Workspaces/line_follower/install/line_follower_bringup/share/ament_index/resource_index/packages/line_follower_bringup
[0.455s] -- Installing: /home/albert/Workspaces/line_follower/install/line_follower_bringup/share/line_follower_bringup/cmake/line_follower_bringupConfig.cmake
[0.455s] -- Installing: /home/albert/Workspaces/line_follower/install/line_follower_bringup/share/line_follower_bringup/cmake/line_follower_bringupConfig-version.cmake
[0.455s] -- Installing: /home/albert/Workspaces/line_follower/install/line_follower_bringup/share/line_follower_bringup/package.xml
[0.456s] Invoked command in '/home/albert/Workspaces/line_follower/build/line_follower_bringup' returned '0': CMAKE_PREFIX_PATH=/opt/ros/humble /usr/bin/cmake --install /home/albert/Workspaces/line_follower/build/line_follower_bringup
