[0.069s] DEBUG:colcon:Command line arguments: ['/usr/bin/colcon', 'build']
[0.069s] DEBUG:colcon:Parsed command line arguments: Namespace(log_base=None, log_level=None, verb_name='build', build_base='build', install_base='install', merge_install=False, symlink_install=False, test_result_base=None, continue_on_error=False, executor='parallel', parallel_workers=20, event_handlers=None, ignore_user_meta=False, metas=['./colcon.meta'], base_paths=['.'], packages_ignore=None, packages_ignore_regex=None, paths=None, packages_up_to=None, packages_up_to_regex=None, packages_above=None, packages_above_and_dependencies=None, packages_above_depth=None, packages_select_by_dep=None, packages_skip_by_dep=None, packages_skip_up_to=None, packages_select_build_failed=False, packages_skip_build_finished=False, packages_select_test_failures=False, packages_skip_test_passed=False, packages_select=None, packages_skip=None, packages_select_regex=None, packages_skip_regex=None, packages_start=None, packages_end=None, allow_overriding=[], cmake_args=None, cmake_target=None, cmake_target_skip_unavailable=False, cmake_clean_cache=False, cmake_clean_first=False, cmake_force_configure=False, ament_cmake_args=None, catkin_cmake_args=None, catkin_skip_building_tests=False, verb_parser=<colcon_defaults.argument_parser.defaults.DefaultArgumentsDecorator object at 0x7608fbc35ab0>, verb_extension=<colcon_core.verb.build.BuildVerb object at 0x7608fbc35630>, main=<bound method BuildVerb.main of <colcon_core.verb.build.BuildVerb object at 0x7608fbc35630>>)
[0.172s] Level 1:colcon.colcon_core.package_discovery:discover_packages(colcon_meta) check parameters
[0.172s] Level 1:colcon.colcon_core.package_discovery:discover_packages(recursive) check parameters
[0.172s] Level 1:colcon.colcon_core.package_discovery:discover_packages(ignore) check parameters
[0.172s] Level 1:colcon.colcon_core.package_discovery:discover_packages(path) check parameters
[0.172s] Level 1:colcon.colcon_core.package_discovery:discover_packages(colcon_meta) discover
[0.172s] Level 1:colcon.colcon_core.package_discovery:discover_packages(recursive) discover
[0.172s] INFO:colcon.colcon_core.package_discovery:Crawling recursively for packages in '/home/albert/Workspaces/line_follower'
[0.172s] Level 1:colcon.colcon_core.package_identification:_identify(.) by extensions ['ignore', 'ignore_ament_install']
[0.172s] Level 1:colcon.colcon_core.package_identification:_identify(.) by extension 'ignore'
[0.173s] Level 1:colcon.colcon_core.package_identification:_identify(.) by extension 'ignore_ament_install'
[0.173s] Level 1:colcon.colcon_core.package_identification:_identify(.) by extensions ['colcon_pkg']
[0.173s] Level 1:colcon.colcon_core.package_identification:_identify(.) by extension 'colcon_pkg'
[0.173s] Level 1:colcon.colcon_core.package_identification:_identify(.) by extensions ['colcon_meta']
[0.173s] Level 1:colcon.colcon_core.package_identification:_identify(.) by extension 'colcon_meta'
[0.173s] Level 1:colcon.colcon_core.package_identification:_identify(.) by extensions ['ros']
[0.173s] Level 1:colcon.colcon_core.package_identification:_identify(.) by extension 'ros'
[0.182s] Level 1:colcon.colcon_core.package_identification:_identify(.) by extensions ['cmake', 'python']
[0.182s] Level 1:colcon.colcon_core.package_identification:_identify(.) by extension 'cmake'
[0.182s] Level 1:colcon.colcon_core.package_identification:_identify(.) by extension 'python'
[0.182s] Level 1:colcon.colcon_core.package_identification:_identify(.) by extensions ['python_setup_py']
[0.182s] Level 1:colcon.colcon_core.package_identification:_identify(.) by extension 'python_setup_py'
[0.182s] Level 1:colcon.colcon_core.package_identification:_identify(build) by extensions ['ignore', 'ignore_ament_install']
[0.182s] Level 1:colcon.colcon_core.package_identification:_identify(build) by extension 'ignore'
[0.182s] Level 1:colcon.colcon_core.package_identification:_identify(build) ignored
[0.182s] Level 1:colcon.colcon_core.package_identification:_identify(install) by extensions ['ignore', 'ignore_ament_install']
[0.182s] Level 1:colcon.colcon_core.package_identification:_identify(install) by extension 'ignore'
[0.182s] Level 1:colcon.colcon_core.package_identification:_identify(install) ignored
[0.182s] Level 1:colcon.colcon_core.package_identification:_identify(log) by extensions ['ignore', 'ignore_ament_install']
[0.183s] Level 1:colcon.colcon_core.package_identification:_identify(log) by extension 'ignore'
[0.183s] Level 1:colcon.colcon_core.package_identification:_identify(log) ignored
[0.183s] Level 1:colcon.colcon_core.package_identification:_identify(src) by extensions ['ignore', 'ignore_ament_install']
[0.183s] Level 1:colcon.colcon_core.package_identification:_identify(src) by extension 'ignore'
[0.183s] Level 1:colcon.colcon_core.package_identification:_identify(src) by extension 'ignore_ament_install'
[0.183s] Level 1:colcon.colcon_core.package_identification:_identify(src) by extensions ['colcon_pkg']
[0.183s] Level 1:colcon.colcon_core.package_identification:_identify(src) by extension 'colcon_pkg'
[0.183s] Level 1:colcon.colcon_core.package_identification:_identify(src) by extensions ['colcon_meta']
[0.183s] Level 1:colcon.colcon_core.package_identification:_identify(src) by extension 'colcon_meta'
[0.183s] Level 1:colcon.colcon_core.package_identification:_identify(src) by extensions ['ros']
[0.183s] Level 1:colcon.colcon_core.package_identification:_identify(src) by extension 'ros'
[0.183s] Level 1:colcon.colcon_core.package_identification:_identify(src) by extensions ['cmake', 'python']
[0.183s] Level 1:colcon.colcon_core.package_identification:_identify(src) by extension 'cmake'
[0.183s] Level 1:colcon.colcon_core.package_identification:_identify(src) by extension 'python'
[0.183s] Level 1:colcon.colcon_core.package_identification:_identify(src) by extensions ['python_setup_py']
[0.183s] Level 1:colcon.colcon_core.package_identification:_identify(src) by extension 'python_setup_py'
[0.183s] Level 1:colcon.colcon_core.package_identification:_identify(src/line_follower_bringup) by extensions ['ignore', 'ignore_ament_install']
[0.183s] Level 1:colcon.colcon_core.package_identification:_identify(src/line_follower_bringup) by extension 'ignore'
[0.183s] Level 1:colcon.colcon_core.package_identification:_identify(src/line_follower_bringup) by extension 'ignore_ament_install'
[0.183s] Level 1:colcon.colcon_core.package_identification:_identify(src/line_follower_bringup) by extensions ['colcon_pkg']
[0.183s] Level 1:colcon.colcon_core.package_identification:_identify(src/line_follower_bringup) by extension 'colcon_pkg'
[0.183s] Level 1:colcon.colcon_core.package_identification:_identify(src/line_follower_bringup) by extensions ['colcon_meta']
[0.183s] Level 1:colcon.colcon_core.package_identification:_identify(src/line_follower_bringup) by extension 'colcon_meta'
[0.183s] Level 1:colcon.colcon_core.package_identification:_identify(src/line_follower_bringup) by extensions ['ros']
[0.183s] Level 1:colcon.colcon_core.package_identification:_identify(src/line_follower_bringup) by extension 'ros'
[0.185s] DEBUG:colcon.colcon_core.package_identification:Package 'src/line_follower_bringup' with type 'ros.ament_cmake' and name 'line_follower_bringup'
[0.185s] Level 1:colcon.colcon_core.package_identification:_identify(src/line_follower_description) by extensions ['ignore', 'ignore_ament_install']
[0.185s] Level 1:colcon.colcon_core.package_identification:_identify(src/line_follower_description) by extension 'ignore'
[0.185s] Level 1:colcon.colcon_core.package_identification:_identify(src/line_follower_description) by extension 'ignore_ament_install'
[0.185s] Level 1:colcon.colcon_core.package_identification:_identify(src/line_follower_description) by extensions ['colcon_pkg']
[0.185s] Level 1:colcon.colcon_core.package_identification:_identify(src/line_follower_description) by extension 'colcon_pkg'
[0.186s] Level 1:colcon.colcon_core.package_identification:_identify(src/line_follower_description) by extensions ['colcon_meta']
[0.186s] Level 1:colcon.colcon_core.package_identification:_identify(src/line_follower_description) by extension 'colcon_meta'
[0.186s] Level 1:colcon.colcon_core.package_identification:_identify(src/line_follower_description) by extensions ['ros']
[0.186s] Level 1:colcon.colcon_core.package_identification:_identify(src/line_follower_description) by extension 'ros'
[0.186s] DEBUG:colcon.colcon_core.package_identification:Package 'src/line_follower_description' with type 'ros.ament_cmake' and name 'line_follower_description'
[0.186s] Level 1:colcon.colcon_core.package_identification:_identify(src/software_actuators_cpp) by extensions ['ignore', 'ignore_ament_install']
[0.186s] Level 1:colcon.colcon_core.package_identification:_identify(src/software_actuators_cpp) by extension 'ignore'
[0.186s] Level 1:colcon.colcon_core.package_identification:_identify(src/software_actuators_cpp) by extension 'ignore_ament_install'
[0.186s] Level 1:colcon.colcon_core.package_identification:_identify(src/software_actuators_cpp) by extensions ['colcon_pkg']
[0.186s] Level 1:colcon.colcon_core.package_identification:_identify(src/software_actuators_cpp) by extension 'colcon_pkg'
[0.186s] Level 1:colcon.colcon_core.package_identification:_identify(src/software_actuators_cpp) by extensions ['colcon_meta']
[0.186s] Level 1:colcon.colcon_core.package_identification:_identify(src/software_actuators_cpp) by extension 'colcon_meta'
[0.186s] Level 1:colcon.colcon_core.package_identification:_identify(src/software_actuators_cpp) by extensions ['ros']
[0.186s] Level 1:colcon.colcon_core.package_identification:_identify(src/software_actuators_cpp) by extension 'ros'
[0.187s] DEBUG:colcon.colcon_core.package_identification:Package 'src/software_actuators_cpp' with type 'ros.ament_cmake' and name 'software_actuators_cpp'
[0.187s] Level 1:colcon.colcon_core.package_identification:_identify(src/software_pid_controller) by extensions ['ignore', 'ignore_ament_install']
[0.187s] Level 1:colcon.colcon_core.package_identification:_identify(src/software_pid_controller) by extension 'ignore'
[0.187s] Level 1:colcon.colcon_core.package_identification:_identify(src/software_pid_controller) by extension 'ignore_ament_install'
[0.187s] Level 1:colcon.colcon_core.package_identification:_identify(src/software_pid_controller) by extensions ['colcon_pkg']
[0.187s] Level 1:colcon.colcon_core.package_identification:_identify(src/software_pid_controller) by extension 'colcon_pkg'
[0.187s] Level 1:colcon.colcon_core.package_identification:_identify(src/software_pid_controller) by extensions ['colcon_meta']
[0.187s] Level 1:colcon.colcon_core.package_identification:_identify(src/software_pid_controller) by extension 'colcon_meta'
[0.187s] Level 1:colcon.colcon_core.package_identification:_identify(src/software_pid_controller) by extensions ['ros']
[0.187s] Level 1:colcon.colcon_core.package_identification:_identify(src/software_pid_controller) by extension 'ros'
[0.188s] DEBUG:colcon.colcon_core.package_identification:Package 'src/software_pid_controller' with type 'ros.ament_cmake' and name 'software_pid_controller'
[0.188s] Level 1:colcon.colcon_core.package_identification:_identify(src/software_sensors_py) by extensions ['ignore', 'ignore_ament_install']
[0.188s] Level 1:colcon.colcon_core.package_identification:_identify(src/software_sensors_py) by extension 'ignore'
[0.188s] Level 1:colcon.colcon_core.package_identification:_identify(src/software_sensors_py) by extension 'ignore_ament_install'
[0.188s] Level 1:colcon.colcon_core.package_identification:_identify(src/software_sensors_py) by extensions ['colcon_pkg']
[0.188s] Level 1:colcon.colcon_core.package_identification:_identify(src/software_sensors_py) by extension 'colcon_pkg'
[0.188s] Level 1:colcon.colcon_core.package_identification:_identify(src/software_sensors_py) by extensions ['colcon_meta']
[0.188s] Level 1:colcon.colcon_core.package_identification:_identify(src/software_sensors_py) by extension 'colcon_meta'
[0.188s] Level 1:colcon.colcon_core.package_identification:_identify(src/software_sensors_py) by extensions ['ros']
[0.188s] Level 1:colcon.colcon_core.package_identification:_identify(src/software_sensors_py) by extension 'ros'
[0.188s] DEBUG:colcon.colcon_core.package_identification:Package 'src/software_sensors_py' with type 'ros.ament_python' and name 'software_sensors_py'
[0.189s] Level 1:colcon.colcon_core.package_discovery:discover_packages(recursive) using defaults
[0.189s] Level 1:colcon.colcon_core.package_discovery:discover_packages(ignore) discover
[0.189s] Level 1:colcon.colcon_core.package_discovery:discover_packages(ignore) using defaults
[0.189s] Level 1:colcon.colcon_core.package_discovery:discover_packages(path) discover
[0.189s] Level 1:colcon.colcon_core.package_discovery:discover_packages(path) using defaults
[0.203s] Level 1:colcon.colcon_core.package_discovery:discover_packages(prefix_path) check parameters
[0.203s] Level 1:colcon.colcon_core.package_discovery:discover_packages(prefix_path) discover
[0.205s] DEBUG:colcon.colcon_installed_package_information.package_discovery:Found 327 installed packages in /opt/ros/humble
[0.215s] Level 1:colcon.colcon_core.package_discovery:discover_packages(prefix_path) using defaults
[0.241s] Level 5:colcon.colcon_core.verb:set package 'line_follower_description' build argument 'cmake_args' from command line to 'None'
[0.241s] Level 5:colcon.colcon_core.verb:set package 'line_follower_description' build argument 'cmake_target' from command line to 'None'
[0.241s] Level 5:colcon.colcon_core.verb:set package 'line_follower_description' build argument 'cmake_target_skip_unavailable' from command line to 'False'
[0.241s] Level 5:colcon.colcon_core.verb:set package 'line_follower_description' build argument 'cmake_clean_cache' from command line to 'False'
[0.241s] Level 5:colcon.colcon_core.verb:set package 'line_follower_description' build argument 'cmake_clean_first' from command line to 'False'
[0.241s] Level 5:colcon.colcon_core.verb:set package 'line_follower_description' build argument 'cmake_force_configure' from command line to 'False'
[0.241s] Level 5:colcon.colcon_core.verb:set package 'line_follower_description' build argument 'ament_cmake_args' from command line to 'None'
[0.241s] Level 5:colcon.colcon_core.verb:set package 'line_follower_description' build argument 'catkin_cmake_args' from command line to 'None'
[0.241s] Level 5:colcon.colcon_core.verb:set package 'line_follower_description' build argument 'catkin_skip_building_tests' from command line to 'False'
[0.241s] DEBUG:colcon.colcon_core.verb:Building package 'line_follower_description' with the following arguments: {'ament_cmake_args': None, 'build_base': '/home/albert/Workspaces/line_follower/build/line_follower_description', 'catkin_cmake_args': None, 'catkin_skip_building_tests': False, 'cmake_args': None, 'cmake_clean_cache': False, 'cmake_clean_first': False, 'cmake_force_configure': False, 'cmake_target': None, 'cmake_target_skip_unavailable': False, 'install_base': '/home/albert/Workspaces/line_follower/install/line_follower_description', 'merge_install': False, 'path': '/home/albert/Workspaces/line_follower/src/line_follower_description', 'symlink_install': False, 'test_result_base': None}
[0.241s] Level 5:colcon.colcon_core.verb:set package 'software_actuators_cpp' build argument 'cmake_args' from command line to 'None'
[0.241s] Level 5:colcon.colcon_core.verb:set package 'software_actuators_cpp' build argument 'cmake_target' from command line to 'None'
[0.241s] Level 5:colcon.colcon_core.verb:set package 'software_actuators_cpp' build argument 'cmake_target_skip_unavailable' from command line to 'False'
[0.241s] Level 5:colcon.colcon_core.verb:set package 'software_actuators_cpp' build argument 'cmake_clean_cache' from command line to 'False'
[0.241s] Level 5:colcon.colcon_core.verb:set package 'software_actuators_cpp' build argument 'cmake_clean_first' from command line to 'False'
[0.241s] Level 5:colcon.colcon_core.verb:set package 'software_actuators_cpp' build argument 'cmake_force_configure' from command line to 'False'
[0.241s] Level 5:colcon.colcon_core.verb:set package 'software_actuators_cpp' build argument 'ament_cmake_args' from command line to 'None'
[0.241s] Level 5:colcon.colcon_core.verb:set package 'software_actuators_cpp' build argument 'catkin_cmake_args' from command line to 'None'
[0.241s] Level 5:colcon.colcon_core.verb:set package 'software_actuators_cpp' build argument 'catkin_skip_building_tests' from command line to 'False'
[0.241s] DEBUG:colcon.colcon_core.verb:Building package 'software_actuators_cpp' with the following arguments: {'ament_cmake_args': None, 'build_base': '/home/albert/Workspaces/line_follower/build/software_actuators_cpp', 'catkin_cmake_args': None, 'catkin_skip_building_tests': False, 'cmake_args': None, 'cmake_clean_cache': False, 'cmake_clean_first': False, 'cmake_force_configure': False, 'cmake_target': None, 'cmake_target_skip_unavailable': False, 'install_base': '/home/albert/Workspaces/line_follower/install/software_actuators_cpp', 'merge_install': False, 'path': '/home/albert/Workspaces/line_follower/src/software_actuators_cpp', 'symlink_install': False, 'test_result_base': None}
[0.241s] Level 5:colcon.colcon_core.verb:set package 'software_pid_controller' build argument 'cmake_args' from command line to 'None'
[0.241s] Level 5:colcon.colcon_core.verb:set package 'software_pid_controller' build argument 'cmake_target' from command line to 'None'
[0.241s] Level 5:colcon.colcon_core.verb:set package 'software_pid_controller' build argument 'cmake_target_skip_unavailable' from command line to 'False'
[0.241s] Level 5:colcon.colcon_core.verb:set package 'software_pid_controller' build argument 'cmake_clean_cache' from command line to 'False'
[0.241s] Level 5:colcon.colcon_core.verb:set package 'software_pid_controller' build argument 'cmake_clean_first' from command line to 'False'
[0.241s] Level 5:colcon.colcon_core.verb:set package 'software_pid_controller' build argument 'cmake_force_configure' from command line to 'False'
[0.241s] Level 5:colcon.colcon_core.verb:set package 'software_pid_controller' build argument 'ament_cmake_args' from command line to 'None'
[0.241s] Level 5:colcon.colcon_core.verb:set package 'software_pid_controller' build argument 'catkin_cmake_args' from command line to 'None'
[0.241s] Level 5:colcon.colcon_core.verb:set package 'software_pid_controller' build argument 'catkin_skip_building_tests' from command line to 'False'
[0.242s] DEBUG:colcon.colcon_core.verb:Building package 'software_pid_controller' with the following arguments: {'ament_cmake_args': None, 'build_base': '/home/albert/Workspaces/line_follower/build/software_pid_controller', 'catkin_cmake_args': None, 'catkin_skip_building_tests': False, 'cmake_args': None, 'cmake_clean_cache': False, 'cmake_clean_first': False, 'cmake_force_configure': False, 'cmake_target': None, 'cmake_target_skip_unavailable': False, 'install_base': '/home/albert/Workspaces/line_follower/install/software_pid_controller', 'merge_install': False, 'path': '/home/albert/Workspaces/line_follower/src/software_pid_controller', 'symlink_install': False, 'test_result_base': None}
[0.242s] Level 5:colcon.colcon_core.verb:set package 'software_sensors_py' build argument 'cmake_args' from command line to 'None'
[0.242s] Level 5:colcon.colcon_core.verb:set package 'software_sensors_py' build argument 'cmake_target' from command line to 'None'
[0.242s] Level 5:colcon.colcon_core.verb:set package 'software_sensors_py' build argument 'cmake_target_skip_unavailable' from command line to 'False'
[0.242s] Level 5:colcon.colcon_core.verb:set package 'software_sensors_py' build argument 'cmake_clean_cache' from command line to 'False'
[0.242s] Level 5:colcon.colcon_core.verb:set package 'software_sensors_py' build argument 'cmake_clean_first' from command line to 'False'
[0.242s] Level 5:colcon.colcon_core.verb:set package 'software_sensors_py' build argument 'cmake_force_configure' from command line to 'False'
[0.242s] Level 5:colcon.colcon_core.verb:set package 'software_sensors_py' build argument 'ament_cmake_args' from command line to 'None'
[0.242s] Level 5:colcon.colcon_core.verb:set package 'software_sensors_py' build argument 'catkin_cmake_args' from command line to 'None'
[0.242s] Level 5:colcon.colcon_core.verb:set package 'software_sensors_py' build argument 'catkin_skip_building_tests' from command line to 'False'
[0.242s] DEBUG:colcon.colcon_core.verb:Building package 'software_sensors_py' with the following arguments: {'ament_cmake_args': None, 'build_base': '/home/albert/Workspaces/line_follower/build/software_sensors_py', 'catkin_cmake_args': None, 'catkin_skip_building_tests': False, 'cmake_args': None, 'cmake_clean_cache': False, 'cmake_clean_first': False, 'cmake_force_configure': False, 'cmake_target': None, 'cmake_target_skip_unavailable': False, 'install_base': '/home/albert/Workspaces/line_follower/install/software_sensors_py', 'merge_install': False, 'path': '/home/albert/Workspaces/line_follower/src/software_sensors_py', 'symlink_install': False, 'test_result_base': None}
[0.242s] Level 5:colcon.colcon_core.verb:set package 'line_follower_bringup' build argument 'cmake_args' from command line to 'None'
[0.242s] Level 5:colcon.colcon_core.verb:set package 'line_follower_bringup' build argument 'cmake_target' from command line to 'None'
[0.242s] Level 5:colcon.colcon_core.verb:set package 'line_follower_bringup' build argument 'cmake_target_skip_unavailable' from command line to 'False'
[0.242s] Level 5:colcon.colcon_core.verb:set package 'line_follower_bringup' build argument 'cmake_clean_cache' from command line to 'False'
[0.242s] Level 5:colcon.colcon_core.verb:set package 'line_follower_bringup' build argument 'cmake_clean_first' from command line to 'False'
[0.242s] Level 5:colcon.colcon_core.verb:set package 'line_follower_bringup' build argument 'cmake_force_configure' from command line to 'False'
[0.242s] Level 5:colcon.colcon_core.verb:set package 'line_follower_bringup' build argument 'ament_cmake_args' from command line to 'None'
[0.242s] Level 5:colcon.colcon_core.verb:set package 'line_follower_bringup' build argument 'catkin_cmake_args' from command line to 'None'
[0.242s] Level 5:colcon.colcon_core.verb:set package 'line_follower_bringup' build argument 'catkin_skip_building_tests' from command line to 'False'
[0.242s] DEBUG:colcon.colcon_core.verb:Building package 'line_follower_bringup' with the following arguments: {'ament_cmake_args': None, 'build_base': '/home/albert/Workspaces/line_follower/build/line_follower_bringup', 'catkin_cmake_args': None, 'catkin_skip_building_tests': False, 'cmake_args': None, 'cmake_clean_cache': False, 'cmake_clean_first': False, 'cmake_force_configure': False, 'cmake_target': None, 'cmake_target_skip_unavailable': False, 'install_base': '/home/albert/Workspaces/line_follower/install/line_follower_bringup', 'merge_install': False, 'path': '/home/albert/Workspaces/line_follower/src/line_follower_bringup', 'symlink_install': False, 'test_result_base': None}
[0.242s] INFO:colcon.colcon_core.executor:Executing jobs using 'parallel' executor
[0.243s] DEBUG:colcon.colcon_parallel_executor.executor.parallel:run_until_complete
[0.243s] INFO:colcon.colcon_ros.task.ament_cmake.build:Building ROS package in '/home/albert/Workspaces/line_follower/src/line_follower_description' with build type 'ament_cmake'
[0.244s] INFO:colcon.colcon_cmake.task.cmake.build:Building CMake package in '/home/albert/Workspaces/line_follower/src/line_follower_description'
[0.245s] INFO:colcon.colcon_core.plugin_system:Skipping extension 'colcon_core.shell.bat': Not used on non-Windows systems
[0.245s] INFO:colcon.colcon_core.shell:Skip shell extension 'powershell' for command environment: Not usable outside of PowerShell
[0.245s] DEBUG:colcon.colcon_core.shell:Skip shell extension 'dsv' for command environment
[0.247s] INFO:colcon.colcon_ros.task.ament_cmake.build:Building ROS package in '/home/albert/Workspaces/line_follower/src/software_actuators_cpp' with build type 'ament_cmake'
[0.247s] INFO:colcon.colcon_cmake.task.cmake.build:Building CMake package in '/home/albert/Workspaces/line_follower/src/software_actuators_cpp'
[0.247s] INFO:colcon.colcon_core.shell:Skip shell extension 'powershell' for command environment: Not usable outside of PowerShell
[0.247s] DEBUG:colcon.colcon_core.shell:Skip shell extension 'dsv' for command environment
[0.249s] INFO:colcon.colcon_ros.task.ament_cmake.build:Building ROS package in '/home/albert/Workspaces/line_follower/src/software_pid_controller' with build type 'ament_cmake'
[0.249s] INFO:colcon.colcon_cmake.task.cmake.build:Building CMake package in '/home/albert/Workspaces/line_follower/src/software_pid_controller'
[0.249s] INFO:colcon.colcon_core.shell:Skip shell extension 'powershell' for command environment: Not usable outside of PowerShell
[0.249s] DEBUG:colcon.colcon_core.shell:Skip shell extension 'dsv' for command environment
[0.251s] INFO:colcon.colcon_ros.task.ament_python.build:Building ROS package in '/home/albert/Workspaces/line_follower/src/software_sensors_py' with build type 'ament_python'
[0.251s] Level 1:colcon.colcon_core.shell:create_environment_hook('software_sensors_py', 'ament_prefix_path')
[0.251s] INFO:colcon.colcon_core.shell:Creating environment hook '/home/albert/Workspaces/line_follower/install/software_sensors_py/share/software_sensors_py/hook/ament_prefix_path.ps1'
[0.251s] INFO:colcon.colcon_core.shell:Creating environment descriptor '/home/albert/Workspaces/line_follower/install/software_sensors_py/share/software_sensors_py/hook/ament_prefix_path.dsv'
[0.252s] INFO:colcon.colcon_core.shell:Creating environment hook '/home/albert/Workspaces/line_follower/install/software_sensors_py/share/software_sensors_py/hook/ament_prefix_path.sh'
[0.252s] INFO:colcon.colcon_core.shell:Skip shell extension 'powershell' for command environment: Not usable outside of PowerShell
[0.252s] DEBUG:colcon.colcon_core.shell:Skip shell extension 'dsv' for command environment
[0.258s] DEBUG:colcon.colcon_core.event_handler.log_command:Invoking command in '/home/albert/Workspaces/line_follower/build/line_follower_description': CMAKE_PREFIX_PATH=/opt/ros/humble /usr/bin/cmake --build /home/albert/Workspaces/line_follower/build/line_follower_description -- -j20 -l20
[0.260s] DEBUG:colcon.colcon_core.event_handler.log_command:Invoking command in '/home/albert/Workspaces/line_follower/build/software_actuators_cpp': CMAKE_PREFIX_PATH=/opt/ros/humble /usr/bin/cmake --build /home/albert/Workspaces/line_follower/build/software_actuators_cpp -- -j20 -l20
[0.263s] DEBUG:colcon.colcon_core.event_handler.log_command:Invoking command in '/home/albert/Workspaces/line_follower/build/software_pid_controller': CMAKE_PREFIX_PATH=/opt/ros/humble /usr/bin/cmake --build /home/albert/Workspaces/line_follower/build/software_pid_controller -- -j20 -l20
[0.420s] INFO:colcon.colcon_core.task.python.build:Building Python package in '/home/albert/Workspaces/line_follower/src/software_sensors_py'
[0.420s] INFO:colcon.colcon_core.shell:Skip shell extension 'powershell' for command environment: Not usable outside of PowerShell
[0.420s] DEBUG:colcon.colcon_core.shell:Skip shell extension 'dsv' for command environment
[0.424s] DEBUG:colcon.colcon_core.event_handler.log_command:Invoked command in '/home/albert/Workspaces/line_follower/build/software_actuators_cpp' returned '0': CMAKE_PREFIX_PATH=/opt/ros/humble /usr/bin/cmake --build /home/albert/Workspaces/line_follower/build/software_actuators_cpp -- -j20 -l20
[0.424s] DEBUG:colcon.colcon_core.event_handler.log_command:Invoked command in '/home/albert/Workspaces/line_follower/build/line_follower_description' returned '0': CMAKE_PREFIX_PATH=/opt/ros/humble /usr/bin/cmake --build /home/albert/Workspaces/line_follower/build/line_follower_description -- -j20 -l20
[0.443s] DEBUG:colcon.colcon_core.event_handler.log_command:Invoking command in '/home/albert/Workspaces/line_follower/build/software_actuators_cpp': CMAKE_PREFIX_PATH=/opt/ros/humble /usr/bin/cmake --install /home/albert/Workspaces/line_follower/build/software_actuators_cpp
[0.444s] DEBUG:colcon.colcon_core.event_handler.log_command:Invoking command in '/home/albert/Workspaces/line_follower/build/line_follower_description': CMAKE_PREFIX_PATH=/opt/ros/humble /usr/bin/cmake --install /home/albert/Workspaces/line_follower/build/line_follower_description
[0.450s] Level 1:colcon.colcon_core.environment:create_environment_scripts_only(software_actuators_cpp)
[0.450s] DEBUG:colcon.colcon_core.event_handler.log_command:Invoked command in '/home/albert/Workspaces/line_follower/build/software_actuators_cpp' returned '0': CMAKE_PREFIX_PATH=/opt/ros/humble /usr/bin/cmake --install /home/albert/Workspaces/line_follower/build/software_actuators_cpp
[0.453s] Level 1:colcon.colcon_core.environment:checking '/home/albert/Workspaces/line_follower/install/software_actuators_cpp' for CMake module files
[0.453s] Level 1:colcon.colcon_core.environment:checking '/home/albert/Workspaces/line_follower/install/software_actuators_cpp' for CMake config files
[0.454s] Level 1:colcon.colcon_core.shell:create_environment_hook('software_actuators_cpp', 'cmake_prefix_path')
[0.454s] INFO:colcon.colcon_core.shell:Creating environment hook '/home/albert/Workspaces/line_follower/install/software_actuators_cpp/share/software_actuators_cpp/hook/cmake_prefix_path.ps1'
[0.454s] INFO:colcon.colcon_core.shell:Creating environment descriptor '/home/albert/Workspaces/line_follower/install/software_actuators_cpp/share/software_actuators_cpp/hook/cmake_prefix_path.dsv'
[0.454s] INFO:colcon.colcon_core.shell:Creating environment hook '/home/albert/Workspaces/line_follower/install/software_actuators_cpp/share/software_actuators_cpp/hook/cmake_prefix_path.sh'
[0.455s] Level 1:colcon.colcon_core.environment:checking '/home/albert/Workspaces/line_follower/install/software_actuators_cpp/bin'
[0.455s] Level 1:colcon.colcon_core.environment:checking '/home/albert/Workspaces/line_follower/install/software_actuators_cpp/lib/pkgconfig/software_actuators_cpp.pc'
[0.455s] Level 1:colcon.colcon_core.environment:checking '/home/albert/Workspaces/line_follower/install/software_actuators_cpp/lib/python3.10/site-packages'
[0.455s] Level 1:colcon.colcon_core.environment:checking '/home/albert/Workspaces/line_follower/install/software_actuators_cpp/bin'
[0.455s] INFO:colcon.colcon_core.shell:Creating package script '/home/albert/Workspaces/line_follower/install/software_actuators_cpp/share/software_actuators_cpp/package.ps1'
[0.456s] INFO:colcon.colcon_core.shell:Creating package descriptor '/home/albert/Workspaces/line_follower/install/software_actuators_cpp/share/software_actuators_cpp/package.dsv'
[0.456s] INFO:colcon.colcon_core.shell:Creating package script '/home/albert/Workspaces/line_follower/install/software_actuators_cpp/share/software_actuators_cpp/package.sh'
[0.456s] INFO:colcon.colcon_core.shell:Creating package script '/home/albert/Workspaces/line_follower/install/software_actuators_cpp/share/software_actuators_cpp/package.bash'
[0.457s] INFO:colcon.colcon_core.shell:Creating package script '/home/albert/Workspaces/line_follower/install/software_actuators_cpp/share/software_actuators_cpp/package.zsh'
[0.457s] Level 1:colcon.colcon_core.environment:create_file_with_runtime_dependencies(/home/albert/Workspaces/line_follower/install/software_actuators_cpp/share/colcon-core/packages/software_actuators_cpp)
[0.458s] Level 1:colcon.colcon_core.environment:create_environment_scripts_only(line_follower_description)
[0.458s] Level 1:colcon.colcon_core.environment:checking '/home/albert/Workspaces/line_follower/install/line_follower_description' for CMake module files
[0.458s] DEBUG:colcon.colcon_core.event_handler.log_command:Invoked command in '/home/albert/Workspaces/line_follower/build/line_follower_description' returned '0': CMAKE_PREFIX_PATH=/opt/ros/humble /usr/bin/cmake --install /home/albert/Workspaces/line_follower/build/line_follower_description
[0.459s] Level 1:colcon.colcon_core.environment:checking '/home/albert/Workspaces/line_follower/install/line_follower_description' for CMake config files
[0.459s] Level 1:colcon.colcon_core.shell:create_environment_hook('line_follower_description', 'cmake_prefix_path')
[0.459s] INFO:colcon.colcon_core.shell:Creating environment hook '/home/albert/Workspaces/line_follower/install/line_follower_description/share/line_follower_description/hook/cmake_prefix_path.ps1'
[0.459s] INFO:colcon.colcon_core.shell:Creating environment descriptor '/home/albert/Workspaces/line_follower/install/line_follower_description/share/line_follower_description/hook/cmake_prefix_path.dsv'
[0.459s] INFO:colcon.colcon_core.shell:Creating environment hook '/home/albert/Workspaces/line_follower/install/line_follower_description/share/line_follower_description/hook/cmake_prefix_path.sh'
[0.460s] Level 1:colcon.colcon_core.environment:checking '/home/albert/Workspaces/line_follower/install/line_follower_description/bin'
[0.460s] Level 1:colcon.colcon_core.environment:checking '/home/albert/Workspaces/line_follower/install/line_follower_description/lib/pkgconfig/line_follower_description.pc'
[0.460s] Level 1:colcon.colcon_core.environment:checking '/home/albert/Workspaces/line_follower/install/line_follower_description/lib/python3.10/site-packages'
[0.460s] Level 1:colcon.colcon_core.environment:checking '/home/albert/Workspaces/line_follower/install/line_follower_description/bin'
[0.460s] INFO:colcon.colcon_core.shell:Creating package script '/home/albert/Workspaces/line_follower/install/line_follower_description/share/line_follower_description/package.ps1'
[0.460s] INFO:colcon.colcon_core.shell:Creating package descriptor '/home/albert/Workspaces/line_follower/install/line_follower_description/share/line_follower_description/package.dsv'
[0.461s] INFO:colcon.colcon_core.shell:Creating package script '/home/albert/Workspaces/line_follower/install/line_follower_description/share/line_follower_description/package.sh'
[0.461s] INFO:colcon.colcon_core.shell:Creating package script '/home/albert/Workspaces/line_follower/install/line_follower_description/share/line_follower_description/package.bash'
[0.461s] INFO:colcon.colcon_core.shell:Creating package script '/home/albert/Workspaces/line_follower/install/line_follower_description/share/line_follower_description/package.zsh'
[0.461s] Level 1:colcon.colcon_core.environment:create_file_with_runtime_dependencies(/home/albert/Workspaces/line_follower/install/line_follower_description/share/colcon-core/packages/line_follower_description)
[0.472s] Level 1:colcon.colcon_core.environment:create_environment_scripts_only(software_actuators_cpp)
[0.472s] Level 1:colcon.colcon_core.environment:checking '/home/albert/Workspaces/line_follower/install/software_actuators_cpp' for CMake module files
[0.472s] Level 1:colcon.colcon_core.environment:checking '/home/albert/Workspaces/line_follower/install/software_actuators_cpp' for CMake config files
[0.472s] Level 1:colcon.colcon_core.shell:create_environment_hook('software_actuators_cpp', 'cmake_prefix_path')
[0.473s] INFO:colcon.colcon_core.shell:Creating environment hook '/home/albert/Workspaces/line_follower/install/software_actuators_cpp/share/software_actuators_cpp/hook/cmake_prefix_path.ps1'
[0.473s] INFO:colcon.colcon_core.shell:Creating environment descriptor '/home/albert/Workspaces/line_follower/install/software_actuators_cpp/share/software_actuators_cpp/hook/cmake_prefix_path.dsv'
[0.474s] INFO:colcon.colcon_core.shell:Creating environment hook '/home/albert/Workspaces/line_follower/install/software_actuators_cpp/share/software_actuators_cpp/hook/cmake_prefix_path.sh'
[0.474s] Level 1:colcon.colcon_core.environment:checking '/home/albert/Workspaces/line_follower/install/software_actuators_cpp/bin'
[0.474s] Level 1:colcon.colcon_core.environment:checking '/home/albert/Workspaces/line_follower/install/software_actuators_cpp/lib/pkgconfig/software_actuators_cpp.pc'
[0.474s] Level 1:colcon.colcon_core.environment:checking '/home/albert/Workspaces/line_follower/install/software_actuators_cpp/lib/python3.10/site-packages'
[0.474s] Level 1:colcon.colcon_core.environment:checking '/home/albert/Workspaces/line_follower/install/software_actuators_cpp/bin'
[0.474s] INFO:colcon.colcon_core.shell:Creating package script '/home/albert/Workspaces/line_follower/install/software_actuators_cpp/share/software_actuators_cpp/package.ps1'
[0.475s] INFO:colcon.colcon_core.shell:Creating package descriptor '/home/albert/Workspaces/line_follower/install/software_actuators_cpp/share/software_actuators_cpp/package.dsv'
[0.475s] INFO:colcon.colcon_core.shell:Creating package script '/home/albert/Workspaces/line_follower/install/software_actuators_cpp/share/software_actuators_cpp/package.sh'
[0.475s] INFO:colcon.colcon_core.shell:Creating package script '/home/albert/Workspaces/line_follower/install/software_actuators_cpp/share/software_actuators_cpp/package.bash'
[0.475s] INFO:colcon.colcon_core.shell:Creating package script '/home/albert/Workspaces/line_follower/install/software_actuators_cpp/share/software_actuators_cpp/package.zsh'
[0.476s] Level 1:colcon.colcon_core.environment:create_file_with_runtime_dependencies(/home/albert/Workspaces/line_follower/install/software_actuators_cpp/share/colcon-core/packages/software_actuators_cpp)
[0.476s] Level 1:colcon.colcon_core.environment:create_environment_scripts_only(line_follower_description)
[0.476s] Level 1:colcon.colcon_core.environment:checking '/home/albert/Workspaces/line_follower/install/line_follower_description' for CMake module files
[0.477s] Level 1:colcon.colcon_core.environment:checking '/home/albert/Workspaces/line_follower/install/line_follower_description' for CMake config files
[0.477s] Level 1:colcon.colcon_core.shell:create_environment_hook('line_follower_description', 'cmake_prefix_path')
[0.477s] INFO:colcon.colcon_core.shell:Creating environment hook '/home/albert/Workspaces/line_follower/install/line_follower_description/share/line_follower_description/hook/cmake_prefix_path.ps1'
[0.477s] INFO:colcon.colcon_core.shell:Creating environment descriptor '/home/albert/Workspaces/line_follower/install/line_follower_description/share/line_follower_description/hook/cmake_prefix_path.dsv'
[0.478s] INFO:colcon.colcon_core.shell:Creating environment hook '/home/albert/Workspaces/line_follower/install/line_follower_description/share/line_follower_description/hook/cmake_prefix_path.sh'
[0.478s] Level 1:colcon.colcon_core.environment:checking '/home/albert/Workspaces/line_follower/install/line_follower_description/bin'
[0.478s] Level 1:colcon.colcon_core.environment:checking '/home/albert/Workspaces/line_follower/install/line_follower_description/lib/pkgconfig/line_follower_description.pc'
[0.478s] Level 1:colcon.colcon_core.environment:checking '/home/albert/Workspaces/line_follower/install/line_follower_description/lib/python3.10/site-packages'
[0.478s] Level 1:colcon.colcon_core.environment:checking '/home/albert/Workspaces/line_follower/install/line_follower_description/bin'
[0.478s] INFO:colcon.colcon_core.shell:Creating package script '/home/albert/Workspaces/line_follower/install/line_follower_description/share/line_follower_description/package.ps1'
[0.479s] INFO:colcon.colcon_core.shell:Creating package descriptor '/home/albert/Workspaces/line_follower/install/line_follower_description/share/line_follower_description/package.dsv'
[0.479s] INFO:colcon.colcon_core.shell:Creating package script '/home/albert/Workspaces/line_follower/install/line_follower_description/share/line_follower_description/package.sh'
[0.479s] INFO:colcon.colcon_core.shell:Creating package script '/home/albert/Workspaces/line_follower/install/line_follower_description/share/line_follower_description/package.bash'
[0.479s] INFO:colcon.colcon_core.shell:Creating package script '/home/albert/Workspaces/line_follower/install/line_follower_description/share/line_follower_description/package.zsh'
[0.479s] Level 1:colcon.colcon_core.environment:create_file_with_runtime_dependencies(/home/albert/Workspaces/line_follower/install/line_follower_description/share/colcon-core/packages/line_follower_description)
[0.480s] INFO:colcon.colcon_ros.task.ament_cmake.build:Building ROS package in '/home/albert/Workspaces/line_follower/src/line_follower_bringup' with build type 'ament_cmake'
[0.480s] INFO:colcon.colcon_cmake.task.cmake.build:Building CMake package in '/home/albert/Workspaces/line_follower/src/line_follower_bringup'
[0.480s] INFO:colcon.colcon_core.shell:Skip shell extension 'powershell' for command environment: Not usable outside of PowerShell
[0.480s] DEBUG:colcon.colcon_core.shell:Skip shell extension 'dsv' for command environment
[0.485s] DEBUG:colcon.colcon_core.event_handler.log_command:Invoking command in '/home/albert/Workspaces/line_follower/build/line_follower_bringup': AMENT_PREFIX_PATH=/home/albert/Workspaces/line_follower/install/line_follower_description:${AMENT_PREFIX_PATH} CMAKE_PREFIX_PATH=/home/albert/Workspaces/line_follower/install/line_follower_description:/opt/ros/humble /usr/bin/cmake --build /home/albert/Workspaces/line_follower/build/line_follower_bringup -- -j20 -l20
[0.511s] DEBUG:colcon.colcon_core.event_handler.log_command:Invoked command in '/home/albert/Workspaces/line_follower/build/line_follower_bringup' returned '0': AMENT_PREFIX_PATH=/home/albert/Workspaces/line_follower/install/line_follower_description:${AMENT_PREFIX_PATH} CMAKE_PREFIX_PATH=/home/albert/Workspaces/line_follower/install/line_follower_description:/opt/ros/humble /usr/bin/cmake --build /home/albert/Workspaces/line_follower/build/line_follower_bringup -- -j20 -l20
[0.526s] DEBUG:colcon.colcon_core.event_handler.log_command:Invoking command in '/home/albert/Workspaces/line_follower/build/line_follower_bringup': AMENT_PREFIX_PATH=/home/albert/Workspaces/line_follower/install/line_follower_description:${AMENT_PREFIX_PATH} CMAKE_PREFIX_PATH=/home/albert/Workspaces/line_follower/install/line_follower_description:/opt/ros/humble /usr/bin/cmake --install /home/albert/Workspaces/line_follower/build/line_follower_bringup
[0.533s] Level 1:colcon.colcon_core.environment:create_environment_scripts_only(line_follower_bringup)
[0.534s] DEBUG:colcon.colcon_core.event_handler.log_command:Invoked command in '/home/albert/Workspaces/line_follower/build/line_follower_bringup' returned '0': AMENT_PREFIX_PATH=/home/albert/Workspaces/line_follower/install/line_follower_description:${AMENT_PREFIX_PATH} CMAKE_PREFIX_PATH=/home/albert/Workspaces/line_follower/install/line_follower_description:/opt/ros/humble /usr/bin/cmake --install /home/albert/Workspaces/line_follower/build/line_follower_bringup
[0.534s] Level 1:colcon.colcon_core.environment:checking '/home/albert/Workspaces/line_follower/install/line_follower_bringup' for CMake module files
[0.535s] Level 1:colcon.colcon_core.environment:checking '/home/albert/Workspaces/line_follower/install/line_follower_bringup' for CMake config files
[0.535s] Level 1:colcon.colcon_core.shell:create_environment_hook('line_follower_bringup', 'cmake_prefix_path')
[0.535s] INFO:colcon.colcon_core.shell:Creating environment hook '/home/albert/Workspaces/line_follower/install/line_follower_bringup/share/line_follower_bringup/hook/cmake_prefix_path.ps1'
[0.536s] INFO:colcon.colcon_core.shell:Creating environment descriptor '/home/albert/Workspaces/line_follower/install/line_follower_bringup/share/line_follower_bringup/hook/cmake_prefix_path.dsv'
[0.536s] INFO:colcon.colcon_core.shell:Creating environment hook '/home/albert/Workspaces/line_follower/install/line_follower_bringup/share/line_follower_bringup/hook/cmake_prefix_path.sh'
[0.537s] Level 1:colcon.colcon_core.environment:checking '/home/albert/Workspaces/line_follower/install/line_follower_bringup/bin'
[0.537s] Level 1:colcon.colcon_core.environment:checking '/home/albert/Workspaces/line_follower/install/line_follower_bringup/lib/pkgconfig/line_follower_bringup.pc'
[0.537s] Level 1:colcon.colcon_core.environment:checking '/home/albert/Workspaces/line_follower/install/line_follower_bringup/lib/python3.10/site-packages'
[0.537s] Level 1:colcon.colcon_core.environment:checking '/home/albert/Workspaces/line_follower/install/line_follower_bringup/bin'
[0.538s] INFO:colcon.colcon_core.shell:Creating package script '/home/albert/Workspaces/line_follower/install/line_follower_bringup/share/line_follower_bringup/package.ps1'
[0.538s] INFO:colcon.colcon_core.shell:Creating package descriptor '/home/albert/Workspaces/line_follower/install/line_follower_bringup/share/line_follower_bringup/package.dsv'
[0.539s] INFO:colcon.colcon_core.shell:Creating package script '/home/albert/Workspaces/line_follower/install/line_follower_bringup/share/line_follower_bringup/package.sh'
[0.539s] INFO:colcon.colcon_core.shell:Creating package script '/home/albert/Workspaces/line_follower/install/line_follower_bringup/share/line_follower_bringup/package.bash'
[0.540s] INFO:colcon.colcon_core.shell:Creating package script '/home/albert/Workspaces/line_follower/install/line_follower_bringup/share/line_follower_bringup/package.zsh'
[0.540s] Level 1:colcon.colcon_core.environment:create_file_with_runtime_dependencies(/home/albert/Workspaces/line_follower/install/line_follower_bringup/share/colcon-core/packages/line_follower_bringup)
[0.556s] Level 1:colcon.colcon_core.environment:create_environment_scripts_only(line_follower_bringup)
[0.556s] Level 1:colcon.colcon_core.environment:checking '/home/albert/Workspaces/line_follower/install/line_follower_bringup' for CMake module files
[0.557s] Level 1:colcon.colcon_core.environment:checking '/home/albert/Workspaces/line_follower/install/line_follower_bringup' for CMake config files
[0.557s] Level 1:colcon.colcon_core.shell:create_environment_hook('line_follower_bringup', 'cmake_prefix_path')
[0.557s] INFO:colcon.colcon_core.shell:Creating environment hook '/home/albert/Workspaces/line_follower/install/line_follower_bringup/share/line_follower_bringup/hook/cmake_prefix_path.ps1'
[0.558s] INFO:colcon.colcon_core.shell:Creating environment descriptor '/home/albert/Workspaces/line_follower/install/line_follower_bringup/share/line_follower_bringup/hook/cmake_prefix_path.dsv'
[0.558s] INFO:colcon.colcon_core.shell:Creating environment hook '/home/albert/Workspaces/line_follower/install/line_follower_bringup/share/line_follower_bringup/hook/cmake_prefix_path.sh'
[0.558s] Level 1:colcon.colcon_core.environment:checking '/home/albert/Workspaces/line_follower/install/line_follower_bringup/bin'
[0.558s] Level 1:colcon.colcon_core.environment:checking '/home/albert/Workspaces/line_follower/install/line_follower_bringup/lib/pkgconfig/line_follower_bringup.pc'
[0.558s] Level 1:colcon.colcon_core.environment:checking '/home/albert/Workspaces/line_follower/install/line_follower_bringup/lib/python3.10/site-packages'
[0.559s] Level 1:colcon.colcon_core.environment:checking '/home/albert/Workspaces/line_follower/install/line_follower_bringup/bin'
[0.559s] INFO:colcon.colcon_core.shell:Creating package script '/home/albert/Workspaces/line_follower/install/line_follower_bringup/share/line_follower_bringup/package.ps1'
[0.559s] INFO:colcon.colcon_core.shell:Creating package descriptor '/home/albert/Workspaces/line_follower/install/line_follower_bringup/share/line_follower_bringup/package.dsv'
[0.559s] INFO:colcon.colcon_core.shell:Creating package script '/home/albert/Workspaces/line_follower/install/line_follower_bringup/share/line_follower_bringup/package.sh'
[0.560s] INFO:colcon.colcon_core.shell:Creating package script '/home/albert/Workspaces/line_follower/install/line_follower_bringup/share/line_follower_bringup/package.bash'
[0.560s] INFO:colcon.colcon_core.shell:Creating package script '/home/albert/Workspaces/line_follower/install/line_follower_bringup/share/line_follower_bringup/package.zsh'
[0.560s] Level 1:colcon.colcon_core.environment:create_file_with_runtime_dependencies(/home/albert/Workspaces/line_follower/install/line_follower_bringup/share/colcon-core/packages/line_follower_bringup)
[0.642s] DEBUG:colcon.colcon_core.event_handler.log_command:Invoking command in '/home/albert/Workspaces/line_follower/src/software_sensors_py': PYTHONPATH=/home/albert/Workspaces/line_follower/build/software_sensors_py/prefix_override:/home/albert/Workspaces/line_follower/install/software_sensors_py/lib/python3.10/site-packages:${PYTHONPATH} /usr/bin/python3 -W ignore:setup.py install is deprecated setup.py egg_info --egg-base ../../build/software_sensors_py build --build-base /home/albert/Workspaces/line_follower/build/software_sensors_py/build install --record /home/albert/Workspaces/line_follower/build/software_sensors_py/install.log --single-version-externally-managed install_data
[0.816s] Level 1:colcon.colcon_core.environment:checking '/home/albert/Workspaces/line_follower/install/software_sensors_py' for CMake module files
[0.817s] DEBUG:colcon.colcon_core.event_handler.log_command:Invoked command in '/home/albert/Workspaces/line_follower/src/software_sensors_py' returned '0': PYTHONPATH=/home/albert/Workspaces/line_follower/build/software_sensors_py/prefix_override:/home/albert/Workspaces/line_follower/install/software_sensors_py/lib/python3.10/site-packages:${PYTHONPATH} /usr/bin/python3 -W ignore:setup.py install is deprecated setup.py egg_info --egg-base ../../build/software_sensors_py build --build-base /home/albert/Workspaces/line_follower/build/software_sensors_py/build install --record /home/albert/Workspaces/line_follower/build/software_sensors_py/install.log --single-version-externally-managed install_data
[0.817s] Level 1:colcon.colcon_core.environment:checking '/home/albert/Workspaces/line_follower/install/software_sensors_py' for CMake config files
[0.817s] Level 1:colcon.colcon_core.environment:checking '/home/albert/Workspaces/line_follower/install/software_sensors_py/lib'
[0.817s] Level 1:colcon.colcon_core.environment:checking '/home/albert/Workspaces/line_follower/install/software_sensors_py/bin'
[0.817s] Level 1:colcon.colcon_core.environment:checking '/home/albert/Workspaces/line_follower/install/software_sensors_py/lib/pkgconfig/software_sensors_py.pc'
[0.818s] Level 1:colcon.colcon_core.environment:checking '/home/albert/Workspaces/line_follower/install/software_sensors_py/lib/python3.10/site-packages'
[0.818s] Level 1:colcon.colcon_core.shell:create_environment_hook('software_sensors_py', 'pythonpath')
[0.818s] INFO:colcon.colcon_core.shell:Creating environment hook '/home/albert/Workspaces/line_follower/install/software_sensors_py/share/software_sensors_py/hook/pythonpath.ps1'
[0.818s] INFO:colcon.colcon_core.shell:Creating environment descriptor '/home/albert/Workspaces/line_follower/install/software_sensors_py/share/software_sensors_py/hook/pythonpath.dsv'
[0.818s] INFO:colcon.colcon_core.shell:Creating environment hook '/home/albert/Workspaces/line_follower/install/software_sensors_py/share/software_sensors_py/hook/pythonpath.sh'
[0.819s] Level 1:colcon.colcon_core.environment:checking '/home/albert/Workspaces/line_follower/install/software_sensors_py/bin'
[0.819s] Level 1:colcon.colcon_core.environment:create_environment_scripts_only(software_sensors_py)
[0.819s] INFO:colcon.colcon_core.shell:Creating package script '/home/albert/Workspaces/line_follower/install/software_sensors_py/share/software_sensors_py/package.ps1'
[0.819s] INFO:colcon.colcon_core.shell:Creating package descriptor '/home/albert/Workspaces/line_follower/install/software_sensors_py/share/software_sensors_py/package.dsv'
[0.820s] INFO:colcon.colcon_core.shell:Creating package script '/home/albert/Workspaces/line_follower/install/software_sensors_py/share/software_sensors_py/package.sh'
[0.820s] INFO:colcon.colcon_core.shell:Creating package script '/home/albert/Workspaces/line_follower/install/software_sensors_py/share/software_sensors_py/package.bash'
[0.820s] INFO:colcon.colcon_core.shell:Creating package script '/home/albert/Workspaces/line_follower/install/software_sensors_py/share/software_sensors_py/package.zsh'
[0.820s] Level 1:colcon.colcon_core.environment:create_file_with_runtime_dependencies(/home/albert/Workspaces/line_follower/install/software_sensors_py/share/colcon-core/packages/software_sensors_py)
[2.191s] DEBUG:colcon.colcon_core.event_handler.log_command:Invoked command in '/home/albert/Workspaces/line_follower/build/software_pid_controller' returned '2': CMAKE_PREFIX_PATH=/opt/ros/humble /usr/bin/cmake --build /home/albert/Workspaces/line_follower/build/software_pid_controller -- -j20 -l20
[2.228s] Level 1:colcon.colcon_core.environment:create_environment_scripts_only(software_pid_controller)
[2.229s] Level 1:colcon.colcon_core.environment:checking '/home/albert/Workspaces/line_follower/install/software_pid_controller' for CMake module files
[2.230s] Level 1:colcon.colcon_core.environment:checking '/home/albert/Workspaces/line_follower/install/software_pid_controller' for CMake config files
[2.230s] Level 1:colcon.colcon_core.shell:create_environment_hook('software_pid_controller', 'cmake_prefix_path')
[2.231s] INFO:colcon.colcon_core.shell:Creating environment hook '/home/albert/Workspaces/line_follower/install/software_pid_controller/share/software_pid_controller/hook/cmake_prefix_path.ps1'
[2.231s] INFO:colcon.colcon_core.shell:Creating environment descriptor '/home/albert/Workspaces/line_follower/install/software_pid_controller/share/software_pid_controller/hook/cmake_prefix_path.dsv'
[2.232s] INFO:colcon.colcon_core.shell:Creating environment hook '/home/albert/Workspaces/line_follower/install/software_pid_controller/share/software_pid_controller/hook/cmake_prefix_path.sh'
[2.233s] Level 1:colcon.colcon_core.environment:checking '/home/albert/Workspaces/line_follower/install/software_pid_controller/lib'
[2.233s] Level 1:colcon.colcon_core.environment:checking '/home/albert/Workspaces/line_follower/install/software_pid_controller/bin'
[2.233s] Level 1:colcon.colcon_core.environment:checking '/home/albert/Workspaces/line_follower/install/software_pid_controller/lib/pkgconfig/software_pid_controller.pc'
[2.233s] Level 1:colcon.colcon_core.environment:checking '/home/albert/Workspaces/line_follower/install/software_pid_controller/lib/python3.10/site-packages'
[2.234s] Level 1:colcon.colcon_core.environment:checking '/home/albert/Workspaces/line_follower/install/software_pid_controller/bin'
[2.234s] INFO:colcon.colcon_core.shell:Creating package script '/home/albert/Workspaces/line_follower/install/software_pid_controller/share/software_pid_controller/package.ps1'
[2.235s] INFO:colcon.colcon_core.shell:Creating package descriptor '/home/albert/Workspaces/line_follower/install/software_pid_controller/share/software_pid_controller/package.dsv'
[2.235s] INFO:colcon.colcon_core.shell:Creating package script '/home/albert/Workspaces/line_follower/install/software_pid_controller/share/software_pid_controller/package.sh'
[2.236s] INFO:colcon.colcon_core.shell:Creating package script '/home/albert/Workspaces/line_follower/install/software_pid_controller/share/software_pid_controller/package.bash'
[2.236s] INFO:colcon.colcon_core.shell:Creating package script '/home/albert/Workspaces/line_follower/install/software_pid_controller/share/software_pid_controller/package.zsh'
[2.237s] Level 1:colcon.colcon_core.environment:create_file_with_runtime_dependencies(/home/albert/Workspaces/line_follower/install/software_pid_controller/share/colcon-core/packages/software_pid_controller)
[2.238s] DEBUG:colcon.colcon_parallel_executor.executor.parallel:closing loop
[2.238s] DEBUG:colcon.colcon_parallel_executor.executor.parallel:loop closed
[2.238s] DEBUG:colcon.colcon_parallel_executor.executor.parallel:run_until_complete finished with '2'
[2.238s] DEBUG:colcon.colcon_core.event_reactor:joining thread
[2.248s] INFO:colcon.colcon_core.plugin_system:Skipping extension 'colcon_notification.desktop_notification.terminal_notifier': Not used on non-Darwin systems
[2.248s] INFO:colcon.colcon_core.plugin_system:Skipping extension 'colcon_notification.desktop_notification.win32': Not used on non-Windows systems
[2.248s] INFO:colcon.colcon_notification.desktop_notification:Sending desktop notification using 'notify2'
[2.271s] DEBUG:colcon.colcon_core.event_reactor:joined thread
[2.272s] INFO:colcon.colcon_core.shell:Creating prefix script '/home/albert/Workspaces/line_follower/install/local_setup.ps1'
[2.273s] INFO:colcon.colcon_core.shell:Creating prefix util module '/home/albert/Workspaces/line_follower/install/_local_setup_util_ps1.py'
[2.275s] INFO:colcon.colcon_core.shell:Creating prefix chain script '/home/albert/Workspaces/line_follower/install/setup.ps1'
[2.276s] INFO:colcon.colcon_core.shell:Creating prefix script '/home/albert/Workspaces/line_follower/install/local_setup.sh'
[2.277s] INFO:colcon.colcon_core.shell:Creating prefix util module '/home/albert/Workspaces/line_follower/install/_local_setup_util_sh.py'
[2.277s] INFO:colcon.colcon_core.shell:Creating prefix chain script '/home/albert/Workspaces/line_follower/install/setup.sh'
[2.278s] INFO:colcon.colcon_core.shell:Creating prefix script '/home/albert/Workspaces/line_follower/install/local_setup.bash'
[2.278s] INFO:colcon.colcon_core.shell:Creating prefix chain script '/home/albert/Workspaces/line_follower/install/setup.bash'
[2.279s] INFO:colcon.colcon_core.shell:Creating prefix script '/home/albert/Workspaces/line_follower/install/local_setup.zsh'
[2.279s] INFO:colcon.colcon_core.shell:Creating prefix chain script '/home/albert/Workspaces/line_follower/install/setup.zsh'
