In file included from [01m[K/opt/ros/humble/include/rclcpp/rclcpp/logging.hpp:24[m[K,
                 from [01m[K/opt/ros/humble/include/rclcpp/rclcpp/client.hpp:40[m[K,
                 from [01m[K/opt/ros/humble/include/rclcpp/rclcpp/callback_group.hpp:24[m[K,
                 from [01m[K/opt/ros/humble/include/rclcpp/rclcpp/any_executable.hpp:20[m[K,
                 from [01m[K/opt/ros/humble/include/rclcpp/rclcpp/memory_strategy.hpp:25[m[K,
                 from [01m[K/opt/ros/humble/include/rclcpp/rclcpp/memory_strategies.hpp:18[m[K,
                 from [01m[K/opt/ros/humble/include/rclcpp/rclcpp/executor_options.hpp:20[m[K,
                 from [01m[K/opt/ros/humble/include/rclcpp/rclcpp/executor.hpp:37[m[K,
                 from [01m[K/opt/ros/humble/include/rclcpp/rclcpp/executors/multi_threaded_executor.hpp:25[m[K,
                 from [01m[K/opt/ros/humble/include/rclcpp/rclcpp/executors.hpp:21[m[K,
                 from [01m[K/opt/ros/humble/include/rclcpp/rclcpp/rclcpp.hpp:155[m[K,
                 from [01m[K/home/albert/Workspaces/line_follower/src/software_pid_controller/src/pid_controller_node.cpp:1[m[K:
[01m[K/home/albert/Workspaces/line_follower/src/software_pid_controller/src/pid_controller_node.cpp:[m[K In member function ‘[01m[Kvoid PID_Controller_Node::subscribe_error_state(std_msgs::msg::Float64_<std::allocator<void> >::SharedPtr)[m[K’:
[01m[K/home/albert/Workspaces/line_follower/src/software_pid_controller/src/pid_controller_node.cpp:149:40:[m[K [01;35m[Kwarning: [m[Kformat ‘[01m[K%s[m[K’ expects argument of type ‘[01m[Kchar*[m[K’, but argument 5 has type ‘[01m[Kint[m[K’ [[01;35m[K]8;;https://gcc.gnu.org/onlinedocs/gcc/Warning-Options.html#index-Wformat=-Wformat=]8;;[m[K]
  149 |         RCLCPP_INFO(this->get_logger(),[01;35m[K"Left Speed: %s"[m[K,[32m[K'\n'[m[K);
      |                                        [01;35m[K^~~~~~~~~~~~~~~~[m[K [32m[K~~~~[m[K
      |                                                         [32m[K|[m[K
      |                                                         [32m[Kint[m[K
[01m[K/home/albert/Workspaces/line_follower/src/software_pid_controller/src/pid_controller_node.cpp:149:54:[m[K [01;36m[Knote: [m[Kformat string is defined here
  149 |   RCLCPP_INFO(this->get_logger(),"Left Speed: [01;36m[K%s[m[K",'\n');
      |                                               [01;36m[K~^[m[K
      |                                                [01;36m[K|[m[K
      |                                                [01;36m[Kchar*[m[K
      |                                               [32m[K%d[m[K
