[0.066s] DEBUG:colcon:Command line arguments: ['/usr/bin/colcon', 'build']
[0.066s] DEBUG:colcon:Parsed command line arguments: Namespace(log_base=None, log_level=None, verb_name='build', build_base='build', install_base='install', merge_install=False, symlink_install=False, test_result_base=None, continue_on_error=False, executor='parallel', parallel_workers=20, event_handlers=None, ignore_user_meta=False, metas=['./colcon.meta'], base_paths=['.'], packages_ignore=None, packages_ignore_regex=None, paths=None, packages_up_to=None, packages_up_to_regex=None, packages_above=None, packages_above_and_dependencies=None, packages_above_depth=None, packages_select_by_dep=None, packages_skip_by_dep=None, packages_skip_up_to=None, packages_select_build_failed=False, packages_skip_build_finished=False, packages_select_test_failures=False, packages_skip_test_passed=False, packages_select=None, packages_skip=None, packages_select_regex=None, packages_skip_regex=None, packages_start=None, packages_end=None, allow_overriding=[], cmake_args=None, cmake_target=None, cmake_target_skip_unavailable=False, cmake_clean_cache=False, cmake_clean_first=False, cmake_force_configure=False, ament_cmake_args=None, catkin_cmake_args=None, catkin_skip_building_tests=False, verb_parser=<colcon_defaults.argument_parser.defaults.DefaultArgumentsDecorator object at 0x7b0d7be31ab0>, verb_extension=<colcon_core.verb.build.BuildVerb object at 0x7b0d7be31630>, main=<bound method BuildVerb.main of <colcon_core.verb.build.BuildVerb object at 0x7b0d7be31630>>)
[0.166s] Level 1:colcon.colcon_core.package_discovery:discover_packages(colcon_meta) check parameters
[0.166s] Level 1:colcon.colcon_core.package_discovery:discover_packages(recursive) check parameters
[0.166s] Level 1:colcon.colcon_core.package_discovery:discover_packages(ignore) check parameters
[0.166s] Level 1:colcon.colcon_core.package_discovery:discover_packages(path) check parameters
[0.166s] Level 1:colcon.colcon_core.package_discovery:discover_packages(colcon_meta) discover
[0.166s] Level 1:colcon.colcon_core.package_discovery:discover_packages(recursive) discover
[0.166s] INFO:colcon.colcon_core.package_discovery:Crawling recursively for packages in '/home/albert/Workspaces/line_follower'
[0.166s] Level 1:colcon.colcon_core.package_identification:_identify(.) by extensions ['ignore', 'ignore_ament_install']
[0.166s] Level 1:colcon.colcon_core.package_identification:_identify(.) by extension 'ignore'
[0.166s] Level 1:colcon.colcon_core.package_identification:_identify(.) by extension 'ignore_ament_install'
[0.166s] Level 1:colcon.colcon_core.package_identification:_identify(.) by extensions ['colcon_pkg']
[0.166s] Level 1:colcon.colcon_core.package_identification:_identify(.) by extension 'colcon_pkg'
[0.166s] Level 1:colcon.colcon_core.package_identification:_identify(.) by extensions ['colcon_meta']
[0.166s] Level 1:colcon.colcon_core.package_identification:_identify(.) by extension 'colcon_meta'
[0.166s] Level 1:colcon.colcon_core.package_identification:_identify(.) by extensions ['ros']
[0.166s] Level 1:colcon.colcon_core.package_identification:_identify(.) by extension 'ros'
[0.174s] Level 1:colcon.colcon_core.package_identification:_identify(.) by extensions ['cmake', 'python']
[0.174s] Level 1:colcon.colcon_core.package_identification:_identify(.) by extension 'cmake'
[0.174s] Level 1:colcon.colcon_core.package_identification:_identify(.) by extension 'python'
[0.174s] Level 1:colcon.colcon_core.package_identification:_identify(.) by extensions ['python_setup_py']
[0.174s] Level 1:colcon.colcon_core.package_identification:_identify(.) by extension 'python_setup_py'
[0.174s] Level 1:colcon.colcon_core.package_identification:_identify(build) by extensions ['ignore', 'ignore_ament_install']
[0.174s] Level 1:colcon.colcon_core.package_identification:_identify(build) by extension 'ignore'
[0.174s] Level 1:colcon.colcon_core.package_identification:_identify(build) ignored
[0.175s] Level 1:colcon.colcon_core.package_identification:_identify(install) by extensions ['ignore', 'ignore_ament_install']
[0.175s] Level 1:colcon.colcon_core.package_identification:_identify(install) by extension 'ignore'
[0.175s] Level 1:colcon.colcon_core.package_identification:_identify(install) ignored
[0.175s] Level 1:colcon.colcon_core.package_identification:_identify(log) by extensions ['ignore', 'ignore_ament_install']
[0.175s] Level 1:colcon.colcon_core.package_identification:_identify(log) by extension 'ignore'
[0.175s] Level 1:colcon.colcon_core.package_identification:_identify(log) ignored
[0.175s] Level 1:colcon.colcon_core.package_identification:_identify(src) by extensions ['ignore', 'ignore_ament_install']
[0.175s] Level 1:colcon.colcon_core.package_identification:_identify(src) by extension 'ignore'
[0.175s] Level 1:colcon.colcon_core.package_identification:_identify(src) by extension 'ignore_ament_install'
[0.175s] Level 1:colcon.colcon_core.package_identification:_identify(src) by extensions ['colcon_pkg']
[0.175s] Level 1:colcon.colcon_core.package_identification:_identify(src) by extension 'colcon_pkg'
[0.175s] Level 1:colcon.colcon_core.package_identification:_identify(src) by extensions ['colcon_meta']
[0.175s] Level 1:colcon.colcon_core.package_identification:_identify(src) by extension 'colcon_meta'
[0.175s] Level 1:colcon.colcon_core.package_identification:_identify(src) by extensions ['ros']
[0.175s] Level 1:colcon.colcon_core.package_identification:_identify(src) by extension 'ros'
[0.175s] Level 1:colcon.colcon_core.package_identification:_identify(src) by extensions ['cmake', 'python']
[0.175s] Level 1:colcon.colcon_core.package_identification:_identify(src) by extension 'cmake'
[0.175s] Level 1:colcon.colcon_core.package_identification:_identify(src) by extension 'python'
[0.175s] Level 1:colcon.colcon_core.package_identification:_identify(src) by extensions ['python_setup_py']
[0.175s] Level 1:colcon.colcon_core.package_identification:_identify(src) by extension 'python_setup_py'
[0.175s] Level 1:colcon.colcon_core.package_identification:_identify(src/line_follower_bringup) by extensions ['ignore', 'ignore_ament_install']
[0.175s] Level 1:colcon.colcon_core.package_identification:_identify(src/line_follower_bringup) by extension 'ignore'
[0.175s] Level 1:colcon.colcon_core.package_identification:_identify(src/line_follower_bringup) by extension 'ignore_ament_install'
[0.175s] Level 1:colcon.colcon_core.package_identification:_identify(src/line_follower_bringup) by extensions ['colcon_pkg']
[0.175s] Level 1:colcon.colcon_core.package_identification:_identify(src/line_follower_bringup) by extension 'colcon_pkg'
[0.175s] Level 1:colcon.colcon_core.package_identification:_identify(src/line_follower_bringup) by extensions ['colcon_meta']
[0.175s] Level 1:colcon.colcon_core.package_identification:_identify(src/line_follower_bringup) by extension 'colcon_meta'
[0.175s] Level 1:colcon.colcon_core.package_identification:_identify(src/line_follower_bringup) by extensions ['ros']
[0.175s] Level 1:colcon.colcon_core.package_identification:_identify(src/line_follower_bringup) by extension 'ros'
[0.177s] DEBUG:colcon.colcon_core.package_identification:Package 'src/line_follower_bringup' with type 'ros.ament_cmake' and name 'line_follower_bringup'
[0.177s] Level 1:colcon.colcon_core.package_identification:_identify(src/line_follower_description) by extensions ['ignore', 'ignore_ament_install']
[0.177s] Level 1:colcon.colcon_core.package_identification:_identify(src/line_follower_description) by extension 'ignore'
[0.177s] Level 1:colcon.colcon_core.package_identification:_identify(src/line_follower_description) by extension 'ignore_ament_install'
[0.177s] Level 1:colcon.colcon_core.package_identification:_identify(src/line_follower_description) by extensions ['colcon_pkg']
[0.177s] Level 1:colcon.colcon_core.package_identification:_identify(src/line_follower_description) by extension 'colcon_pkg'
[0.177s] Level 1:colcon.colcon_core.package_identification:_identify(src/line_follower_description) by extensions ['colcon_meta']
[0.178s] Level 1:colcon.colcon_core.package_identification:_identify(src/line_follower_description) by extension 'colcon_meta'
[0.178s] Level 1:colcon.colcon_core.package_identification:_identify(src/line_follower_description) by extensions ['ros']
[0.178s] Level 1:colcon.colcon_core.package_identification:_identify(src/line_follower_description) by extension 'ros'
[0.178s] DEBUG:colcon.colcon_core.package_identification:Package 'src/line_follower_description' with type 'ros.ament_cmake' and name 'line_follower_description'
[0.178s] Level 1:colcon.colcon_core.package_identification:_identify(src/software_actuators_cpp) by extensions ['ignore', 'ignore_ament_install']
[0.178s] Level 1:colcon.colcon_core.package_identification:_identify(src/software_actuators_cpp) by extension 'ignore'
[0.178s] Level 1:colcon.colcon_core.package_identification:_identify(src/software_actuators_cpp) by extension 'ignore_ament_install'
[0.178s] Level 1:colcon.colcon_core.package_identification:_identify(src/software_actuators_cpp) by extensions ['colcon_pkg']
[0.178s] Level 1:colcon.colcon_core.package_identification:_identify(src/software_actuators_cpp) by extension 'colcon_pkg'
[0.178s] Level 1:colcon.colcon_core.package_identification:_identify(src/software_actuators_cpp) by extensions ['colcon_meta']
[0.178s] Level 1:colcon.colcon_core.package_identification:_identify(src/software_actuators_cpp) by extension 'colcon_meta'
[0.178s] Level 1:colcon.colcon_core.package_identification:_identify(src/software_actuators_cpp) by extensions ['ros']
[0.178s] Level 1:colcon.colcon_core.package_identification:_identify(src/software_actuators_cpp) by extension 'ros'
[0.178s] DEBUG:colcon.colcon_core.package_identification:Package 'src/software_actuators_cpp' with type 'ros.ament_cmake' and name 'software_actuators_cpp'
[0.178s] Level 1:colcon.colcon_core.package_identification:_identify(src/software_pid_controller) by extensions ['ignore', 'ignore_ament_install']
[0.179s] Level 1:colcon.colcon_core.package_identification:_identify(src/software_pid_controller) by extension 'ignore'
[0.179s] Level 1:colcon.colcon_core.package_identification:_identify(src/software_pid_controller) by extension 'ignore_ament_install'
[0.179s] Level 1:colcon.colcon_core.package_identification:_identify(src/software_pid_controller) by extensions ['colcon_pkg']
[0.179s] Level 1:colcon.colcon_core.package_identification:_identify(src/software_pid_controller) by extension 'colcon_pkg'
[0.179s] Level 1:colcon.colcon_core.package_identification:_identify(src/software_pid_controller) by extensions ['colcon_meta']
[0.179s] Level 1:colcon.colcon_core.package_identification:_identify(src/software_pid_controller) by extension 'colcon_meta'
[0.179s] Level 1:colcon.colcon_core.package_identification:_identify(src/software_pid_controller) by extensions ['ros']
[0.179s] Level 1:colcon.colcon_core.package_identification:_identify(src/software_pid_controller) by extension 'ros'
[0.179s] DEBUG:colcon.colcon_core.package_identification:Package 'src/software_pid_controller' with type 'ros.ament_cmake' and name 'software_pid_controller'
[0.179s] Level 1:colcon.colcon_core.package_identification:_identify(src/software_sensors_py) by extensions ['ignore', 'ignore_ament_install']
[0.179s] Level 1:colcon.colcon_core.package_identification:_identify(src/software_sensors_py) by extension 'ignore'
[0.179s] Level 1:colcon.colcon_core.package_identification:_identify(src/software_sensors_py) by extension 'ignore_ament_install'
[0.179s] Level 1:colcon.colcon_core.package_identification:_identify(src/software_sensors_py) by extensions ['colcon_pkg']
[0.179s] Level 1:colcon.colcon_core.package_identification:_identify(src/software_sensors_py) by extension 'colcon_pkg'
[0.179s] Level 1:colcon.colcon_core.package_identification:_identify(src/software_sensors_py) by extensions ['colcon_meta']
[0.179s] Level 1:colcon.colcon_core.package_identification:_identify(src/software_sensors_py) by extension 'colcon_meta'
[0.180s] Level 1:colcon.colcon_core.package_identification:_identify(src/software_sensors_py) by extensions ['ros']
[0.180s] Level 1:colcon.colcon_core.package_identification:_identify(src/software_sensors_py) by extension 'ros'
[0.180s] DEBUG:colcon.colcon_core.package_identification:Package 'src/software_sensors_py' with type 'ros.ament_python' and name 'software_sensors_py'
[0.180s] Level 1:colcon.colcon_core.package_discovery:discover_packages(recursive) using defaults
[0.180s] Level 1:colcon.colcon_core.package_discovery:discover_packages(ignore) discover
[0.180s] Level 1:colcon.colcon_core.package_discovery:discover_packages(ignore) using defaults
[0.180s] Level 1:colcon.colcon_core.package_discovery:discover_packages(path) discover
[0.180s] Level 1:colcon.colcon_core.package_discovery:discover_packages(path) using defaults
[0.194s] Level 1:colcon.colcon_core.package_discovery:discover_packages(prefix_path) check parameters
[0.194s] Level 1:colcon.colcon_core.package_discovery:discover_packages(prefix_path) discover
[0.196s] DEBUG:colcon.colcon_installed_package_information.package_discovery:Found 327 installed packages in /opt/ros/humble
[0.204s] Level 1:colcon.colcon_core.package_discovery:discover_packages(prefix_path) using defaults
[0.230s] Level 5:colcon.colcon_core.verb:set package 'line_follower_description' build argument 'cmake_args' from command line to 'None'
[0.230s] Level 5:colcon.colcon_core.verb:set package 'line_follower_description' build argument 'cmake_target' from command line to 'None'
[0.230s] Level 5:colcon.colcon_core.verb:set package 'line_follower_description' build argument 'cmake_target_skip_unavailable' from command line to 'False'
[0.230s] Level 5:colcon.colcon_core.verb:set package 'line_follower_description' build argument 'cmake_clean_cache' from command line to 'False'
[0.230s] Level 5:colcon.colcon_core.verb:set package 'line_follower_description' build argument 'cmake_clean_first' from command line to 'False'
[0.230s] Level 5:colcon.colcon_core.verb:set package 'line_follower_description' build argument 'cmake_force_configure' from command line to 'False'
[0.230s] Level 5:colcon.colcon_core.verb:set package 'line_follower_description' build argument 'ament_cmake_args' from command line to 'None'
[0.230s] Level 5:colcon.colcon_core.verb:set package 'line_follower_description' build argument 'catkin_cmake_args' from command line to 'None'
[0.230s] Level 5:colcon.colcon_core.verb:set package 'line_follower_description' build argument 'catkin_skip_building_tests' from command line to 'False'
[0.230s] DEBUG:colcon.colcon_core.verb:Building package 'line_follower_description' with the following arguments: {'ament_cmake_args': None, 'build_base': '/home/albert/Workspaces/line_follower/build/line_follower_description', 'catkin_cmake_args': None, 'catkin_skip_building_tests': False, 'cmake_args': None, 'cmake_clean_cache': False, 'cmake_clean_first': False, 'cmake_force_configure': False, 'cmake_target': None, 'cmake_target_skip_unavailable': False, 'install_base': '/home/albert/Workspaces/line_follower/install/line_follower_description', 'merge_install': False, 'path': '/home/albert/Workspaces/line_follower/src/line_follower_description', 'symlink_install': False, 'test_result_base': None}
[0.230s] Level 5:colcon.colcon_core.verb:set package 'software_actuators_cpp' build argument 'cmake_args' from command line to 'None'
[0.230s] Level 5:colcon.colcon_core.verb:set package 'software_actuators_cpp' build argument 'cmake_target' from command line to 'None'
[0.230s] Level 5:colcon.colcon_core.verb:set package 'software_actuators_cpp' build argument 'cmake_target_skip_unavailable' from command line to 'False'
[0.230s] Level 5:colcon.colcon_core.verb:set package 'software_actuators_cpp' build argument 'cmake_clean_cache' from command line to 'False'
[0.230s] Level 5:colcon.colcon_core.verb:set package 'software_actuators_cpp' build argument 'cmake_clean_first' from command line to 'False'
[0.230s] Level 5:colcon.colcon_core.verb:set package 'software_actuators_cpp' build argument 'cmake_force_configure' from command line to 'False'
[0.230s] Level 5:colcon.colcon_core.verb:set package 'software_actuators_cpp' build argument 'ament_cmake_args' from command line to 'None'
[0.230s] Level 5:colcon.colcon_core.verb:set package 'software_actuators_cpp' build argument 'catkin_cmake_args' from command line to 'None'
[0.230s] Level 5:colcon.colcon_core.verb:set package 'software_actuators_cpp' build argument 'catkin_skip_building_tests' from command line to 'False'
[0.230s] DEBUG:colcon.colcon_core.verb:Building package 'software_actuators_cpp' with the following arguments: {'ament_cmake_args': None, 'build_base': '/home/albert/Workspaces/line_follower/build/software_actuators_cpp', 'catkin_cmake_args': None, 'catkin_skip_building_tests': False, 'cmake_args': None, 'cmake_clean_cache': False, 'cmake_clean_first': False, 'cmake_force_configure': False, 'cmake_target': None, 'cmake_target_skip_unavailable': False, 'install_base': '/home/albert/Workspaces/line_follower/install/software_actuators_cpp', 'merge_install': False, 'path': '/home/albert/Workspaces/line_follower/src/software_actuators_cpp', 'symlink_install': False, 'test_result_base': None}
[0.230s] Level 5:colcon.colcon_core.verb:set package 'software_pid_controller' build argument 'cmake_args' from command line to 'None'
[0.230s] Level 5:colcon.colcon_core.verb:set package 'software_pid_controller' build argument 'cmake_target' from command line to 'None'
[0.230s] Level 5:colcon.colcon_core.verb:set package 'software_pid_controller' build argument 'cmake_target_skip_unavailable' from command line to 'False'
[0.230s] Level 5:colcon.colcon_core.verb:set package 'software_pid_controller' build argument 'cmake_clean_cache' from command line to 'False'
[0.230s] Level 5:colcon.colcon_core.verb:set package 'software_pid_controller' build argument 'cmake_clean_first' from command line to 'False'
[0.230s] Level 5:colcon.colcon_core.verb:set package 'software_pid_controller' build argument 'cmake_force_configure' from command line to 'False'
[0.230s] Level 5:colcon.colcon_core.verb:set package 'software_pid_controller' build argument 'ament_cmake_args' from command line to 'None'
[0.230s] Level 5:colcon.colcon_core.verb:set package 'software_pid_controller' build argument 'catkin_cmake_args' from command line to 'None'
[0.230s] Level 5:colcon.colcon_core.verb:set package 'software_pid_controller' build argument 'catkin_skip_building_tests' from command line to 'False'
[0.230s] DEBUG:colcon.colcon_core.verb:Building package 'software_pid_controller' with the following arguments: {'ament_cmake_args': None, 'build_base': '/home/albert/Workspaces/line_follower/build/software_pid_controller', 'catkin_cmake_args': None, 'catkin_skip_building_tests': False, 'cmake_args': None, 'cmake_clean_cache': False, 'cmake_clean_first': False, 'cmake_force_configure': False, 'cmake_target': None, 'cmake_target_skip_unavailable': False, 'install_base': '/home/albert/Workspaces/line_follower/install/software_pid_controller', 'merge_install': False, 'path': '/home/albert/Workspaces/line_follower/src/software_pid_controller', 'symlink_install': False, 'test_result_base': None}
[0.231s] Level 5:colcon.colcon_core.verb:set package 'software_sensors_py' build argument 'cmake_args' from command line to 'None'
[0.231s] Level 5:colcon.colcon_core.verb:set package 'software_sensors_py' build argument 'cmake_target' from command line to 'None'
[0.231s] Level 5:colcon.colcon_core.verb:set package 'software_sensors_py' build argument 'cmake_target_skip_unavailable' from command line to 'False'
[0.231s] Level 5:colcon.colcon_core.verb:set package 'software_sensors_py' build argument 'cmake_clean_cache' from command line to 'False'
[0.231s] Level 5:colcon.colcon_core.verb:set package 'software_sensors_py' build argument 'cmake_clean_first' from command line to 'False'
[0.231s] Level 5:colcon.colcon_core.verb:set package 'software_sensors_py' build argument 'cmake_force_configure' from command line to 'False'
[0.231s] Level 5:colcon.colcon_core.verb:set package 'software_sensors_py' build argument 'ament_cmake_args' from command line to 'None'
[0.231s] Level 5:colcon.colcon_core.verb:set package 'software_sensors_py' build argument 'catkin_cmake_args' from command line to 'None'
[0.231s] Level 5:colcon.colcon_core.verb:set package 'software_sensors_py' build argument 'catkin_skip_building_tests' from command line to 'False'
[0.231s] DEBUG:colcon.colcon_core.verb:Building package 'software_sensors_py' with the following arguments: {'ament_cmake_args': None, 'build_base': '/home/albert/Workspaces/line_follower/build/software_sensors_py', 'catkin_cmake_args': None, 'catkin_skip_building_tests': False, 'cmake_args': None, 'cmake_clean_cache': False, 'cmake_clean_first': False, 'cmake_force_configure': False, 'cmake_target': None, 'cmake_target_skip_unavailable': False, 'install_base': '/home/albert/Workspaces/line_follower/install/software_sensors_py', 'merge_install': False, 'path': '/home/albert/Workspaces/line_follower/src/software_sensors_py', 'symlink_install': False, 'test_result_base': None}
[0.231s] Level 5:colcon.colcon_core.verb:set package 'line_follower_bringup' build argument 'cmake_args' from command line to 'None'
[0.231s] Level 5:colcon.colcon_core.verb:set package 'line_follower_bringup' build argument 'cmake_target' from command line to 'None'
[0.231s] Level 5:colcon.colcon_core.verb:set package 'line_follower_bringup' build argument 'cmake_target_skip_unavailable' from command line to 'False'
[0.231s] Level 5:colcon.colcon_core.verb:set package 'line_follower_bringup' build argument 'cmake_clean_cache' from command line to 'False'
[0.231s] Level 5:colcon.colcon_core.verb:set package 'line_follower_bringup' build argument 'cmake_clean_first' from command line to 'False'
[0.231s] Level 5:colcon.colcon_core.verb:set package 'line_follower_bringup' build argument 'cmake_force_configure' from command line to 'False'
[0.231s] Level 5:colcon.colcon_core.verb:set package 'line_follower_bringup' build argument 'ament_cmake_args' from command line to 'None'
[0.231s] Level 5:colcon.colcon_core.verb:set package 'line_follower_bringup' build argument 'catkin_cmake_args' from command line to 'None'
[0.231s] Level 5:colcon.colcon_core.verb:set package 'line_follower_bringup' build argument 'catkin_skip_building_tests' from command line to 'False'
[0.231s] DEBUG:colcon.colcon_core.verb:Building package 'line_follower_bringup' with the following arguments: {'ament_cmake_args': None, 'build_base': '/home/albert/Workspaces/line_follower/build/line_follower_bringup', 'catkin_cmake_args': None, 'catkin_skip_building_tests': False, 'cmake_args': None, 'cmake_clean_cache': False, 'cmake_clean_first': False, 'cmake_force_configure': False, 'cmake_target': None, 'cmake_target_skip_unavailable': False, 'install_base': '/home/albert/Workspaces/line_follower/install/line_follower_bringup', 'merge_install': False, 'path': '/home/albert/Workspaces/line_follower/src/line_follower_bringup', 'symlink_install': False, 'test_result_base': None}
[0.231s] INFO:colcon.colcon_core.executor:Executing jobs using 'parallel' executor
[0.232s] DEBUG:colcon.colcon_parallel_executor.executor.parallel:run_until_complete
[0.232s] INFO:colcon.colcon_ros.task.ament_cmake.build:Building ROS package in '/home/albert/Workspaces/line_follower/src/line_follower_description' with build type 'ament_cmake'
[0.232s] INFO:colcon.colcon_cmake.task.cmake.build:Building CMake package in '/home/albert/Workspaces/line_follower/src/line_follower_description'
[0.234s] INFO:colcon.colcon_core.plugin_system:Skipping extension 'colcon_core.shell.bat': Not used on non-Windows systems
[0.234s] INFO:colcon.colcon_core.shell:Skip shell extension 'powershell' for command environment: Not usable outside of PowerShell
[0.234s] DEBUG:colcon.colcon_core.shell:Skip shell extension 'dsv' for command environment
[0.241s] INFO:colcon.colcon_ros.task.ament_cmake.build:Building ROS package in '/home/albert/Workspaces/line_follower/src/software_actuators_cpp' with build type 'ament_cmake'
[0.242s] INFO:colcon.colcon_cmake.task.cmake.build:Building CMake package in '/home/albert/Workspaces/line_follower/src/software_actuators_cpp'
[0.242s] INFO:colcon.colcon_core.shell:Skip shell extension 'powershell' for command environment: Not usable outside of PowerShell
[0.242s] DEBUG:colcon.colcon_core.shell:Skip shell extension 'dsv' for command environment
[0.244s] INFO:colcon.colcon_ros.task.ament_cmake.build:Building ROS package in '/home/albert/Workspaces/line_follower/src/software_pid_controller' with build type 'ament_cmake'
[0.244s] INFO:colcon.colcon_cmake.task.cmake.build:Building CMake package in '/home/albert/Workspaces/line_follower/src/software_pid_controller'
[0.245s] INFO:colcon.colcon_core.shell:Skip shell extension 'powershell' for command environment: Not usable outside of PowerShell
[0.245s] DEBUG:colcon.colcon_core.shell:Skip shell extension 'dsv' for command environment
[0.248s] INFO:colcon.colcon_ros.task.ament_python.build:Building ROS package in '/home/albert/Workspaces/line_follower/src/software_sensors_py' with build type 'ament_python'
[0.248s] Level 1:colcon.colcon_core.shell:create_environment_hook('software_sensors_py', 'ament_prefix_path')
[0.248s] INFO:colcon.colcon_core.shell:Creating environment hook '/home/albert/Workspaces/line_follower/install/software_sensors_py/share/software_sensors_py/hook/ament_prefix_path.ps1'
[0.248s] INFO:colcon.colcon_core.shell:Creating environment descriptor '/home/albert/Workspaces/line_follower/install/software_sensors_py/share/software_sensors_py/hook/ament_prefix_path.dsv'
[0.249s] INFO:colcon.colcon_core.shell:Creating environment hook '/home/albert/Workspaces/line_follower/install/software_sensors_py/share/software_sensors_py/hook/ament_prefix_path.sh'
[0.249s] INFO:colcon.colcon_core.shell:Skip shell extension 'powershell' for command environment: Not usable outside of PowerShell
[0.249s] DEBUG:colcon.colcon_core.shell:Skip shell extension 'dsv' for command environment
[0.254s] DEBUG:colcon.colcon_core.event_handler.log_command:Invoking command in '/home/albert/Workspaces/line_follower/build/line_follower_description': CMAKE_PREFIX_PATH=/opt/ros/humble /usr/bin/cmake --build /home/albert/Workspaces/line_follower/build/line_follower_description -- -j20 -l20
[0.257s] DEBUG:colcon.colcon_core.event_handler.log_command:Invoking command in '/home/albert/Workspaces/line_follower/build/software_actuators_cpp': CMAKE_PREFIX_PATH=/opt/ros/humble /usr/bin/cmake --build /home/albert/Workspaces/line_follower/build/software_actuators_cpp -- -j20 -l20
[0.260s] DEBUG:colcon.colcon_core.event_handler.log_command:Invoking command in '/home/albert/Workspaces/line_follower/build/software_pid_controller': CMAKE_PREFIX_PATH=/opt/ros/humble /usr/bin/cmake --build /home/albert/Workspaces/line_follower/build/software_pid_controller -- -j20 -l20
[0.420s] INFO:colcon.colcon_core.task.python.build:Building Python package in '/home/albert/Workspaces/line_follower/src/software_sensors_py'
[0.420s] INFO:colcon.colcon_core.shell:Skip shell extension 'powershell' for command environment: Not usable outside of PowerShell
[0.421s] DEBUG:colcon.colcon_core.shell:Skip shell extension 'dsv' for command environment
[0.424s] DEBUG:colcon.colcon_core.event_handler.log_command:Invoked command in '/home/albert/Workspaces/line_follower/build/software_actuators_cpp' returned '0': CMAKE_PREFIX_PATH=/opt/ros/humble /usr/bin/cmake --build /home/albert/Workspaces/line_follower/build/software_actuators_cpp -- -j20 -l20
[0.425s] DEBUG:colcon.colcon_core.event_handler.log_command:Invoked command in '/home/albert/Workspaces/line_follower/build/line_follower_description' returned '0': CMAKE_PREFIX_PATH=/opt/ros/humble /usr/bin/cmake --build /home/albert/Workspaces/line_follower/build/line_follower_description -- -j20 -l20
[0.446s] DEBUG:colcon.colcon_core.event_handler.log_command:Invoking command in '/home/albert/Workspaces/line_follower/build/software_actuators_cpp': CMAKE_PREFIX_PATH=/opt/ros/humble /usr/bin/cmake --install /home/albert/Workspaces/line_follower/build/software_actuators_cpp
[0.448s] DEBUG:colcon.colcon_core.event_handler.log_command:Invoking command in '/home/albert/Workspaces/line_follower/build/line_follower_description': CMAKE_PREFIX_PATH=/opt/ros/humble /usr/bin/cmake --install /home/albert/Workspaces/line_follower/build/line_follower_description
[0.455s] Level 1:colcon.colcon_core.environment:create_environment_scripts_only(software_actuators_cpp)
[0.458s] Level 1:colcon.colcon_core.environment:checking '/home/albert/Workspaces/line_follower/install/software_actuators_cpp' for CMake module files
[0.458s] DEBUG:colcon.colcon_core.event_handler.log_command:Invoked command in '/home/albert/Workspaces/line_follower/build/software_actuators_cpp' returned '0': CMAKE_PREFIX_PATH=/opt/ros/humble /usr/bin/cmake --install /home/albert/Workspaces/line_follower/build/software_actuators_cpp
[0.459s] Level 1:colcon.colcon_core.environment:checking '/home/albert/Workspaces/line_follower/install/software_actuators_cpp' for CMake config files
[0.459s] Level 1:colcon.colcon_core.shell:create_environment_hook('software_actuators_cpp', 'cmake_prefix_path')
[0.459s] INFO:colcon.colcon_core.shell:Creating environment hook '/home/albert/Workspaces/line_follower/install/software_actuators_cpp/share/software_actuators_cpp/hook/cmake_prefix_path.ps1'
[0.459s] INFO:colcon.colcon_core.shell:Creating environment descriptor '/home/albert/Workspaces/line_follower/install/software_actuators_cpp/share/software_actuators_cpp/hook/cmake_prefix_path.dsv'
[0.459s] INFO:colcon.colcon_core.shell:Creating environment hook '/home/albert/Workspaces/line_follower/install/software_actuators_cpp/share/software_actuators_cpp/hook/cmake_prefix_path.sh'
[0.460s] Level 1:colcon.colcon_core.environment:checking '/home/albert/Workspaces/line_follower/install/software_actuators_cpp/bin'
[0.460s] Level 1:colcon.colcon_core.environment:checking '/home/albert/Workspaces/line_follower/install/software_actuators_cpp/lib/pkgconfig/software_actuators_cpp.pc'
[0.460s] Level 1:colcon.colcon_core.environment:checking '/home/albert/Workspaces/line_follower/install/software_actuators_cpp/lib/python3.10/site-packages'
[0.460s] Level 1:colcon.colcon_core.environment:checking '/home/albert/Workspaces/line_follower/install/software_actuators_cpp/bin'
[0.461s] INFO:colcon.colcon_core.shell:Creating package script '/home/albert/Workspaces/line_follower/install/software_actuators_cpp/share/software_actuators_cpp/package.ps1'
[0.461s] INFO:colcon.colcon_core.shell:Creating package descriptor '/home/albert/Workspaces/line_follower/install/software_actuators_cpp/share/software_actuators_cpp/package.dsv'
[0.461s] INFO:colcon.colcon_core.shell:Creating package script '/home/albert/Workspaces/line_follower/install/software_actuators_cpp/share/software_actuators_cpp/package.sh'
[0.462s] INFO:colcon.colcon_core.shell:Creating package script '/home/albert/Workspaces/line_follower/install/software_actuators_cpp/share/software_actuators_cpp/package.bash'
[0.462s] INFO:colcon.colcon_core.shell:Creating package script '/home/albert/Workspaces/line_follower/install/software_actuators_cpp/share/software_actuators_cpp/package.zsh'
[0.463s] Level 1:colcon.colcon_core.environment:create_file_with_runtime_dependencies(/home/albert/Workspaces/line_follower/install/software_actuators_cpp/share/colcon-core/packages/software_actuators_cpp)
[0.463s] Level 1:colcon.colcon_core.environment:create_environment_scripts_only(line_follower_description)
[0.464s] Level 1:colcon.colcon_core.environment:checking '/home/albert/Workspaces/line_follower/install/line_follower_description' for CMake module files
[0.464s] DEBUG:colcon.colcon_core.event_handler.log_command:Invoked command in '/home/albert/Workspaces/line_follower/build/line_follower_description' returned '0': CMAKE_PREFIX_PATH=/opt/ros/humble /usr/bin/cmake --install /home/albert/Workspaces/line_follower/build/line_follower_description
[0.464s] Level 1:colcon.colcon_core.environment:checking '/home/albert/Workspaces/line_follower/install/line_follower_description' for CMake config files
[0.464s] Level 1:colcon.colcon_core.shell:create_environment_hook('line_follower_description', 'cmake_prefix_path')
[0.465s] INFO:colcon.colcon_core.shell:Creating environment hook '/home/albert/Workspaces/line_follower/install/line_follower_description/share/line_follower_description/hook/cmake_prefix_path.ps1'
[0.465s] INFO:colcon.colcon_core.shell:Creating environment descriptor '/home/albert/Workspaces/line_follower/install/line_follower_description/share/line_follower_description/hook/cmake_prefix_path.dsv'
[0.465s] INFO:colcon.colcon_core.shell:Creating environment hook '/home/albert/Workspaces/line_follower/install/line_follower_description/share/line_follower_description/hook/cmake_prefix_path.sh'
[0.465s] Level 1:colcon.colcon_core.environment:checking '/home/albert/Workspaces/line_follower/install/line_follower_description/bin'
[0.465s] Level 1:colcon.colcon_core.environment:checking '/home/albert/Workspaces/line_follower/install/line_follower_description/lib/pkgconfig/line_follower_description.pc'
[0.466s] Level 1:colcon.colcon_core.environment:checking '/home/albert/Workspaces/line_follower/install/line_follower_description/lib/python3.10/site-packages'
[0.466s] Level 1:colcon.colcon_core.environment:checking '/home/albert/Workspaces/line_follower/install/line_follower_description/bin'
[0.466s] INFO:colcon.colcon_core.shell:Creating package script '/home/albert/Workspaces/line_follower/install/line_follower_description/share/line_follower_description/package.ps1'
[0.466s] INFO:colcon.colcon_core.shell:Creating package descriptor '/home/albert/Workspaces/line_follower/install/line_follower_description/share/line_follower_description/package.dsv'
[0.466s] INFO:colcon.colcon_core.shell:Creating package script '/home/albert/Workspaces/line_follower/install/line_follower_description/share/line_follower_description/package.sh'
[0.467s] INFO:colcon.colcon_core.shell:Creating package script '/home/albert/Workspaces/line_follower/install/line_follower_description/share/line_follower_description/package.bash'
[0.467s] INFO:colcon.colcon_core.shell:Creating package script '/home/albert/Workspaces/line_follower/install/line_follower_description/share/line_follower_description/package.zsh'
[0.467s] Level 1:colcon.colcon_core.environment:create_file_with_runtime_dependencies(/home/albert/Workspaces/line_follower/install/line_follower_description/share/colcon-core/packages/line_follower_description)
[0.478s] Level 1:colcon.colcon_core.environment:create_environment_scripts_only(software_actuators_cpp)
[0.478s] Level 1:colcon.colcon_core.environment:checking '/home/albert/Workspaces/line_follower/install/software_actuators_cpp' for CMake module files
[0.479s] Level 1:colcon.colcon_core.environment:checking '/home/albert/Workspaces/line_follower/install/software_actuators_cpp' for CMake config files
[0.479s] Level 1:colcon.colcon_core.shell:create_environment_hook('software_actuators_cpp', 'cmake_prefix_path')
[0.479s] INFO:colcon.colcon_core.shell:Creating environment hook '/home/albert/Workspaces/line_follower/install/software_actuators_cpp/share/software_actuators_cpp/hook/cmake_prefix_path.ps1'
[0.479s] INFO:colcon.colcon_core.shell:Creating environment descriptor '/home/albert/Workspaces/line_follower/install/software_actuators_cpp/share/software_actuators_cpp/hook/cmake_prefix_path.dsv'
[0.480s] INFO:colcon.colcon_core.shell:Creating environment hook '/home/albert/Workspaces/line_follower/install/software_actuators_cpp/share/software_actuators_cpp/hook/cmake_prefix_path.sh'
[0.480s] Level 1:colcon.colcon_core.environment:checking '/home/albert/Workspaces/line_follower/install/software_actuators_cpp/bin'
[0.480s] Level 1:colcon.colcon_core.environment:checking '/home/albert/Workspaces/line_follower/install/software_actuators_cpp/lib/pkgconfig/software_actuators_cpp.pc'
[0.480s] Level 1:colcon.colcon_core.environment:checking '/home/albert/Workspaces/line_follower/install/software_actuators_cpp/lib/python3.10/site-packages'
[0.480s] Level 1:colcon.colcon_core.environment:checking '/home/albert/Workspaces/line_follower/install/software_actuators_cpp/bin'
[0.480s] INFO:colcon.colcon_core.shell:Creating package script '/home/albert/Workspaces/line_follower/install/software_actuators_cpp/share/software_actuators_cpp/package.ps1'
[0.481s] INFO:colcon.colcon_core.shell:Creating package descriptor '/home/albert/Workspaces/line_follower/install/software_actuators_cpp/share/software_actuators_cpp/package.dsv'
[0.481s] INFO:colcon.colcon_core.shell:Creating package script '/home/albert/Workspaces/line_follower/install/software_actuators_cpp/share/software_actuators_cpp/package.sh'
[0.481s] INFO:colcon.colcon_core.shell:Creating package script '/home/albert/Workspaces/line_follower/install/software_actuators_cpp/share/software_actuators_cpp/package.bash'
[0.481s] INFO:colcon.colcon_core.shell:Creating package script '/home/albert/Workspaces/line_follower/install/software_actuators_cpp/share/software_actuators_cpp/package.zsh'
[0.482s] Level 1:colcon.colcon_core.environment:create_file_with_runtime_dependencies(/home/albert/Workspaces/line_follower/install/software_actuators_cpp/share/colcon-core/packages/software_actuators_cpp)
[0.482s] Level 1:colcon.colcon_core.environment:create_environment_scripts_only(line_follower_description)
[0.482s] Level 1:colcon.colcon_core.environment:checking '/home/albert/Workspaces/line_follower/install/line_follower_description' for CMake module files
[0.483s] Level 1:colcon.colcon_core.environment:checking '/home/albert/Workspaces/line_follower/install/line_follower_description' for CMake config files
[0.483s] Level 1:colcon.colcon_core.shell:create_environment_hook('line_follower_description', 'cmake_prefix_path')
[0.483s] INFO:colcon.colcon_core.shell:Creating environment hook '/home/albert/Workspaces/line_follower/install/line_follower_description/share/line_follower_description/hook/cmake_prefix_path.ps1'
[0.484s] INFO:colcon.colcon_core.shell:Creating environment descriptor '/home/albert/Workspaces/line_follower/install/line_follower_description/share/line_follower_description/hook/cmake_prefix_path.dsv'
[0.484s] INFO:colcon.colcon_core.shell:Creating environment hook '/home/albert/Workspaces/line_follower/install/line_follower_description/share/line_follower_description/hook/cmake_prefix_path.sh'
[0.484s] Level 1:colcon.colcon_core.environment:checking '/home/albert/Workspaces/line_follower/install/line_follower_description/bin'
[0.484s] Level 1:colcon.colcon_core.environment:checking '/home/albert/Workspaces/line_follower/install/line_follower_description/lib/pkgconfig/line_follower_description.pc'
[0.484s] Level 1:colcon.colcon_core.environment:checking '/home/albert/Workspaces/line_follower/install/line_follower_description/lib/python3.10/site-packages'
[0.485s] Level 1:colcon.colcon_core.environment:checking '/home/albert/Workspaces/line_follower/install/line_follower_description/bin'
[0.485s] INFO:colcon.colcon_core.shell:Creating package script '/home/albert/Workspaces/line_follower/install/line_follower_description/share/line_follower_description/package.ps1'
[0.485s] INFO:colcon.colcon_core.shell:Creating package descriptor '/home/albert/Workspaces/line_follower/install/line_follower_description/share/line_follower_description/package.dsv'
[0.485s] INFO:colcon.colcon_core.shell:Creating package script '/home/albert/Workspaces/line_follower/install/line_follower_description/share/line_follower_description/package.sh'
[0.486s] INFO:colcon.colcon_core.shell:Creating package script '/home/albert/Workspaces/line_follower/install/line_follower_description/share/line_follower_description/package.bash'
[0.486s] INFO:colcon.colcon_core.shell:Creating package script '/home/albert/Workspaces/line_follower/install/line_follower_description/share/line_follower_description/package.zsh'
[0.486s] Level 1:colcon.colcon_core.environment:create_file_with_runtime_dependencies(/home/albert/Workspaces/line_follower/install/line_follower_description/share/colcon-core/packages/line_follower_description)
[0.486s] INFO:colcon.colcon_ros.task.ament_cmake.build:Building ROS package in '/home/albert/Workspaces/line_follower/src/line_follower_bringup' with build type 'ament_cmake'
[0.486s] INFO:colcon.colcon_cmake.task.cmake.build:Building CMake package in '/home/albert/Workspaces/line_follower/src/line_follower_bringup'
[0.486s] INFO:colcon.colcon_core.shell:Skip shell extension 'powershell' for command environment: Not usable outside of PowerShell
[0.486s] DEBUG:colcon.colcon_core.shell:Skip shell extension 'dsv' for command environment
[0.492s] DEBUG:colcon.colcon_core.event_handler.log_command:Invoking command in '/home/albert/Workspaces/line_follower/build/line_follower_bringup': AMENT_PREFIX_PATH=/home/albert/Workspaces/line_follower/install/line_follower_description:${AMENT_PREFIX_PATH} CMAKE_PREFIX_PATH=/home/albert/Workspaces/line_follower/install/line_follower_description:/opt/ros/humble /usr/bin/cmake --build /home/albert/Workspaces/line_follower/build/line_follower_bringup -- -j20 -l20
[0.522s] DEBUG:colcon.colcon_core.event_handler.log_command:Invoked command in '/home/albert/Workspaces/line_follower/build/line_follower_bringup' returned '0': AMENT_PREFIX_PATH=/home/albert/Workspaces/line_follower/install/line_follower_description:${AMENT_PREFIX_PATH} CMAKE_PREFIX_PATH=/home/albert/Workspaces/line_follower/install/line_follower_description:/opt/ros/humble /usr/bin/cmake --build /home/albert/Workspaces/line_follower/build/line_follower_bringup -- -j20 -l20
[0.539s] DEBUG:colcon.colcon_core.event_handler.log_command:Invoking command in '/home/albert/Workspaces/line_follower/build/line_follower_bringup': AMENT_PREFIX_PATH=/home/albert/Workspaces/line_follower/install/line_follower_description:${AMENT_PREFIX_PATH} CMAKE_PREFIX_PATH=/home/albert/Workspaces/line_follower/install/line_follower_description:/opt/ros/humble /usr/bin/cmake --install /home/albert/Workspaces/line_follower/build/line_follower_bringup
[0.546s] Level 1:colcon.colcon_core.environment:create_environment_scripts_only(line_follower_bringup)
[0.546s] Level 1:colcon.colcon_core.environment:checking '/home/albert/Workspaces/line_follower/install/line_follower_bringup' for CMake module files
[0.546s] DEBUG:colcon.colcon_core.event_handler.log_command:Invoked command in '/home/albert/Workspaces/line_follower/build/line_follower_bringup' returned '0': AMENT_PREFIX_PATH=/home/albert/Workspaces/line_follower/install/line_follower_description:${AMENT_PREFIX_PATH} CMAKE_PREFIX_PATH=/home/albert/Workspaces/line_follower/install/line_follower_description:/opt/ros/humble /usr/bin/cmake --install /home/albert/Workspaces/line_follower/build/line_follower_bringup
[0.547s] Level 1:colcon.colcon_core.environment:checking '/home/albert/Workspaces/line_follower/install/line_follower_bringup' for CMake config files
[0.547s] Level 1:colcon.colcon_core.shell:create_environment_hook('line_follower_bringup', 'cmake_prefix_path')
[0.547s] INFO:colcon.colcon_core.shell:Creating environment hook '/home/albert/Workspaces/line_follower/install/line_follower_bringup/share/line_follower_bringup/hook/cmake_prefix_path.ps1'
[0.548s] INFO:colcon.colcon_core.shell:Creating environment descriptor '/home/albert/Workspaces/line_follower/install/line_follower_bringup/share/line_follower_bringup/hook/cmake_prefix_path.dsv'
[0.548s] INFO:colcon.colcon_core.shell:Creating environment hook '/home/albert/Workspaces/line_follower/install/line_follower_bringup/share/line_follower_bringup/hook/cmake_prefix_path.sh'
[0.548s] Level 1:colcon.colcon_core.environment:checking '/home/albert/Workspaces/line_follower/install/line_follower_bringup/bin'
[0.548s] Level 1:colcon.colcon_core.environment:checking '/home/albert/Workspaces/line_follower/install/line_follower_bringup/lib/pkgconfig/line_follower_bringup.pc'
[0.549s] Level 1:colcon.colcon_core.environment:checking '/home/albert/Workspaces/line_follower/install/line_follower_bringup/lib/python3.10/site-packages'
[0.549s] Level 1:colcon.colcon_core.environment:checking '/home/albert/Workspaces/line_follower/install/line_follower_bringup/bin'
[0.549s] INFO:colcon.colcon_core.shell:Creating package script '/home/albert/Workspaces/line_follower/install/line_follower_bringup/share/line_follower_bringup/package.ps1'
[0.549s] INFO:colcon.colcon_core.shell:Creating package descriptor '/home/albert/Workspaces/line_follower/install/line_follower_bringup/share/line_follower_bringup/package.dsv'
[0.549s] INFO:colcon.colcon_core.shell:Creating package script '/home/albert/Workspaces/line_follower/install/line_follower_bringup/share/line_follower_bringup/package.sh'
[0.550s] INFO:colcon.colcon_core.shell:Creating package script '/home/albert/Workspaces/line_follower/install/line_follower_bringup/share/line_follower_bringup/package.bash'
[0.550s] INFO:colcon.colcon_core.shell:Creating package script '/home/albert/Workspaces/line_follower/install/line_follower_bringup/share/line_follower_bringup/package.zsh'
[0.550s] Level 1:colcon.colcon_core.environment:create_file_with_runtime_dependencies(/home/albert/Workspaces/line_follower/install/line_follower_bringup/share/colcon-core/packages/line_follower_bringup)
[0.565s] Level 1:colcon.colcon_core.environment:create_environment_scripts_only(line_follower_bringup)
[0.566s] Level 1:colcon.colcon_core.environment:checking '/home/albert/Workspaces/line_follower/install/line_follower_bringup' for CMake module files
[0.566s] Level 1:colcon.colcon_core.environment:checking '/home/albert/Workspaces/line_follower/install/line_follower_bringup' for CMake config files
[0.567s] Level 1:colcon.colcon_core.shell:create_environment_hook('line_follower_bringup', 'cmake_prefix_path')
[0.567s] INFO:colcon.colcon_core.shell:Creating environment hook '/home/albert/Workspaces/line_follower/install/line_follower_bringup/share/line_follower_bringup/hook/cmake_prefix_path.ps1'
[0.567s] INFO:colcon.colcon_core.shell:Creating environment descriptor '/home/albert/Workspaces/line_follower/install/line_follower_bringup/share/line_follower_bringup/hook/cmake_prefix_path.dsv'
[0.568s] INFO:colcon.colcon_core.shell:Creating environment hook '/home/albert/Workspaces/line_follower/install/line_follower_bringup/share/line_follower_bringup/hook/cmake_prefix_path.sh'
[0.568s] Level 1:colcon.colcon_core.environment:checking '/home/albert/Workspaces/line_follower/install/line_follower_bringup/bin'
[0.568s] Level 1:colcon.colcon_core.environment:checking '/home/albert/Workspaces/line_follower/install/line_follower_bringup/lib/pkgconfig/line_follower_bringup.pc'
[0.568s] Level 1:colcon.colcon_core.environment:checking '/home/albert/Workspaces/line_follower/install/line_follower_bringup/lib/python3.10/site-packages'
[0.569s] Level 1:colcon.colcon_core.environment:checking '/home/albert/Workspaces/line_follower/install/line_follower_bringup/bin'
[0.569s] INFO:colcon.colcon_core.shell:Creating package script '/home/albert/Workspaces/line_follower/install/line_follower_bringup/share/line_follower_bringup/package.ps1'
[0.569s] INFO:colcon.colcon_core.shell:Creating package descriptor '/home/albert/Workspaces/line_follower/install/line_follower_bringup/share/line_follower_bringup/package.dsv'
[0.569s] INFO:colcon.colcon_core.shell:Creating package script '/home/albert/Workspaces/line_follower/install/line_follower_bringup/share/line_follower_bringup/package.sh'
[0.570s] INFO:colcon.colcon_core.shell:Creating package script '/home/albert/Workspaces/line_follower/install/line_follower_bringup/share/line_follower_bringup/package.bash'
[0.570s] INFO:colcon.colcon_core.shell:Creating package script '/home/albert/Workspaces/line_follower/install/line_follower_bringup/share/line_follower_bringup/package.zsh'
[0.570s] Level 1:colcon.colcon_core.environment:create_file_with_runtime_dependencies(/home/albert/Workspaces/line_follower/install/line_follower_bringup/share/colcon-core/packages/line_follower_bringup)
[0.664s] DEBUG:colcon.colcon_core.event_handler.log_command:Invoking command in '/home/albert/Workspaces/line_follower/src/software_sensors_py': PYTHONPATH=/home/albert/Workspaces/line_follower/build/software_sensors_py/prefix_override:/home/albert/Workspaces/line_follower/install/software_sensors_py/lib/python3.10/site-packages:${PYTHONPATH} /usr/bin/python3 -W ignore:setup.py install is deprecated setup.py egg_info --egg-base ../../build/software_sensors_py build --build-base /home/albert/Workspaces/line_follower/build/software_sensors_py/build install --record /home/albert/Workspaces/line_follower/build/software_sensors_py/install.log --single-version-externally-managed install_data
[0.846s] Level 1:colcon.colcon_core.environment:checking '/home/albert/Workspaces/line_follower/install/software_sensors_py' for CMake module files
[0.847s] DEBUG:colcon.colcon_core.event_handler.log_command:Invoked command in '/home/albert/Workspaces/line_follower/src/software_sensors_py' returned '0': PYTHONPATH=/home/albert/Workspaces/line_follower/build/software_sensors_py/prefix_override:/home/albert/Workspaces/line_follower/install/software_sensors_py/lib/python3.10/site-packages:${PYTHONPATH} /usr/bin/python3 -W ignore:setup.py install is deprecated setup.py egg_info --egg-base ../../build/software_sensors_py build --build-base /home/albert/Workspaces/line_follower/build/software_sensors_py/build install --record /home/albert/Workspaces/line_follower/build/software_sensors_py/install.log --single-version-externally-managed install_data
[0.847s] Level 1:colcon.colcon_core.environment:checking '/home/albert/Workspaces/line_follower/install/software_sensors_py' for CMake config files
[0.847s] Level 1:colcon.colcon_core.environment:checking '/home/albert/Workspaces/line_follower/install/software_sensors_py/lib'
[0.847s] Level 1:colcon.colcon_core.environment:checking '/home/albert/Workspaces/line_follower/install/software_sensors_py/bin'
[0.847s] Level 1:colcon.colcon_core.environment:checking '/home/albert/Workspaces/line_follower/install/software_sensors_py/lib/pkgconfig/software_sensors_py.pc'
[0.847s] Level 1:colcon.colcon_core.environment:checking '/home/albert/Workspaces/line_follower/install/software_sensors_py/lib/python3.10/site-packages'
[0.848s] Level 1:colcon.colcon_core.shell:create_environment_hook('software_sensors_py', 'pythonpath')
[0.848s] INFO:colcon.colcon_core.shell:Creating environment hook '/home/albert/Workspaces/line_follower/install/software_sensors_py/share/software_sensors_py/hook/pythonpath.ps1'
[0.848s] INFO:colcon.colcon_core.shell:Creating environment descriptor '/home/albert/Workspaces/line_follower/install/software_sensors_py/share/software_sensors_py/hook/pythonpath.dsv'
[0.848s] INFO:colcon.colcon_core.shell:Creating environment hook '/home/albert/Workspaces/line_follower/install/software_sensors_py/share/software_sensors_py/hook/pythonpath.sh'
[0.848s] Level 1:colcon.colcon_core.environment:checking '/home/albert/Workspaces/line_follower/install/software_sensors_py/bin'
[0.848s] Level 1:colcon.colcon_core.environment:create_environment_scripts_only(software_sensors_py)
[0.849s] INFO:colcon.colcon_core.shell:Creating package script '/home/albert/Workspaces/line_follower/install/software_sensors_py/share/software_sensors_py/package.ps1'
[0.849s] INFO:colcon.colcon_core.shell:Creating package descriptor '/home/albert/Workspaces/line_follower/install/software_sensors_py/share/software_sensors_py/package.dsv'
[0.849s] INFO:colcon.colcon_core.shell:Creating package script '/home/albert/Workspaces/line_follower/install/software_sensors_py/share/software_sensors_py/package.sh'
[0.849s] INFO:colcon.colcon_core.shell:Creating package script '/home/albert/Workspaces/line_follower/install/software_sensors_py/share/software_sensors_py/package.bash'
[0.850s] INFO:colcon.colcon_core.shell:Creating package script '/home/albert/Workspaces/line_follower/install/software_sensors_py/share/software_sensors_py/package.zsh'
[0.850s] Level 1:colcon.colcon_core.environment:create_file_with_runtime_dependencies(/home/albert/Workspaces/line_follower/install/software_sensors_py/share/colcon-core/packages/software_sensors_py)
[3.326s] DEBUG:colcon.colcon_core.event_handler.log_command:Invoked command in '/home/albert/Workspaces/line_follower/build/software_pid_controller' returned '2': CMAKE_PREFIX_PATH=/opt/ros/humble /usr/bin/cmake --build /home/albert/Workspaces/line_follower/build/software_pid_controller -- -j20 -l20
[3.343s] Level 1:colcon.colcon_core.environment:create_environment_scripts_only(software_pid_controller)
[3.343s] Level 1:colcon.colcon_core.environment:checking '/home/albert/Workspaces/line_follower/install/software_pid_controller' for CMake module files
[3.343s] Level 1:colcon.colcon_core.environment:checking '/home/albert/Workspaces/line_follower/install/software_pid_controller' for CMake config files
[3.343s] Level 1:colcon.colcon_core.shell:create_environment_hook('software_pid_controller', 'cmake_prefix_path')
[3.344s] INFO:colcon.colcon_core.shell:Creating environment hook '/home/albert/Workspaces/line_follower/install/software_pid_controller/share/software_pid_controller/hook/cmake_prefix_path.ps1'
[3.344s] INFO:colcon.colcon_core.shell:Creating environment descriptor '/home/albert/Workspaces/line_follower/install/software_pid_controller/share/software_pid_controller/hook/cmake_prefix_path.dsv'
[3.344s] INFO:colcon.colcon_core.shell:Creating environment hook '/home/albert/Workspaces/line_follower/install/software_pid_controller/share/software_pid_controller/hook/cmake_prefix_path.sh'
[3.345s] Level 1:colcon.colcon_core.environment:checking '/home/albert/Workspaces/line_follower/install/software_pid_controller/lib'
[3.345s] Level 1:colcon.colcon_core.environment:checking '/home/albert/Workspaces/line_follower/install/software_pid_controller/bin'
[3.345s] Level 1:colcon.colcon_core.environment:checking '/home/albert/Workspaces/line_follower/install/software_pid_controller/lib/pkgconfig/software_pid_controller.pc'
[3.345s] Level 1:colcon.colcon_core.environment:checking '/home/albert/Workspaces/line_follower/install/software_pid_controller/lib/python3.10/site-packages'
[3.345s] Level 1:colcon.colcon_core.environment:checking '/home/albert/Workspaces/line_follower/install/software_pid_controller/bin'
[3.345s] INFO:colcon.colcon_core.shell:Creating package script '/home/albert/Workspaces/line_follower/install/software_pid_controller/share/software_pid_controller/package.ps1'
[3.346s] INFO:colcon.colcon_core.shell:Creating package descriptor '/home/albert/Workspaces/line_follower/install/software_pid_controller/share/software_pid_controller/package.dsv'
[3.346s] INFO:colcon.colcon_core.shell:Creating package script '/home/albert/Workspaces/line_follower/install/software_pid_controller/share/software_pid_controller/package.sh'
[3.346s] INFO:colcon.colcon_core.shell:Creating package script '/home/albert/Workspaces/line_follower/install/software_pid_controller/share/software_pid_controller/package.bash'
[3.346s] INFO:colcon.colcon_core.shell:Creating package script '/home/albert/Workspaces/line_follower/install/software_pid_controller/share/software_pid_controller/package.zsh'
[3.346s] Level 1:colcon.colcon_core.environment:create_file_with_runtime_dependencies(/home/albert/Workspaces/line_follower/install/software_pid_controller/share/colcon-core/packages/software_pid_controller)
[3.357s] DEBUG:colcon.colcon_parallel_executor.executor.parallel:closing loop
[3.357s] DEBUG:colcon.colcon_parallel_executor.executor.parallel:loop closed
[3.357s] DEBUG:colcon.colcon_parallel_executor.executor.parallel:run_until_complete finished with '2'
[3.357s] DEBUG:colcon.colcon_core.event_reactor:joining thread
[3.365s] INFO:colcon.colcon_core.plugin_system:Skipping extension 'colcon_notification.desktop_notification.terminal_notifier': Not used on non-Darwin systems
[3.365s] INFO:colcon.colcon_core.plugin_system:Skipping extension 'colcon_notification.desktop_notification.win32': Not used on non-Windows systems
[3.365s] INFO:colcon.colcon_notification.desktop_notification:Sending desktop notification using 'notify2'
[3.384s] DEBUG:colcon.colcon_core.event_reactor:joined thread
[3.385s] INFO:colcon.colcon_core.shell:Creating prefix script '/home/albert/Workspaces/line_follower/install/local_setup.ps1'
[3.386s] INFO:colcon.colcon_core.shell:Creating prefix util module '/home/albert/Workspaces/line_follower/install/_local_setup_util_ps1.py'
[3.387s] INFO:colcon.colcon_core.shell:Creating prefix chain script '/home/albert/Workspaces/line_follower/install/setup.ps1'
[3.387s] INFO:colcon.colcon_core.shell:Creating prefix script '/home/albert/Workspaces/line_follower/install/local_setup.sh'
[3.388s] INFO:colcon.colcon_core.shell:Creating prefix util module '/home/albert/Workspaces/line_follower/install/_local_setup_util_sh.py'
[3.388s] INFO:colcon.colcon_core.shell:Creating prefix chain script '/home/albert/Workspaces/line_follower/install/setup.sh'
[3.388s] INFO:colcon.colcon_core.shell:Creating prefix script '/home/albert/Workspaces/line_follower/install/local_setup.bash'
[3.389s] INFO:colcon.colcon_core.shell:Creating prefix chain script '/home/albert/Workspaces/line_follower/install/setup.bash'
[3.389s] INFO:colcon.colcon_core.shell:Creating prefix script '/home/albert/Workspaces/line_follower/install/local_setup.zsh'
[3.390s] INFO:colcon.colcon_core.shell:Creating prefix chain script '/home/albert/Workspaces/line_follower/install/setup.zsh'
