-- Install configuration: ""
-- Installing: /home/albert/Workspaces/line_follower/install/line_follower_description/share/line_follower_description//urdf
-- Installing: /home/albert/Workspaces/line_follower/install/line_follower_description/share/line_follower_description//urdf/mobile_base.urdf.xacro
-- Installing: /home/albert/Workspaces/line_follower/install/line_follower_description/share/line_follower_description//urdf/line_follower.urdf.xacro
-- Installing: /home/albert/Workspaces/line_follower/install/line_follower_description/share/line_follower_description//urdf/common_properties.xacro
-- Installing: /home/albert/Workspaces/line_follower/install/line_follower_description/share/line_follower_description//launch
-- Installing: /home/albert/Workspaces/line_follower/install/line_follower_description/share/line_follower_description//launch/display.launch.xml
-- Installing: /home/albert/Workspaces/line_follower/install/line_follower_description/share/ament_index/resource_index/package_run_dependencies/line_follower_description
-- Installing: /home/albert/Workspaces/line_follower/install/line_follower_description/share/ament_index/resource_index/parent_prefix_path/line_follower_description
-- Installing: /home/albert/Workspaces/line_follower/install/line_follower_description/share/line_follower_description/environment/ament_prefix_path.sh
-- Installing: /home/albert/Workspaces/line_follower/install/line_follower_description/share/line_follower_description/environment/ament_prefix_path.dsv
-- Installing: /home/albert/Workspaces/line_follower/install/line_follower_description/share/line_follower_description/environment/path.sh
-- Installing: /home/albert/Workspaces/line_follower/install/line_follower_description/share/line_follower_description/environment/path.dsv
-- Installing: /home/albert/Workspaces/line_follower/install/line_follower_description/share/line_follower_description/local_setup.bash
-- Installing: /home/albert/Workspaces/line_follower/install/line_follower_description/share/line_follower_description/local_setup.sh
-- Installing: /home/albert/Workspaces/line_follower/install/line_follower_description/share/line_follower_description/local_setup.zsh
-- Installing: /home/albert/Workspaces/line_follower/install/line_follower_description/share/line_follower_description/local_setup.dsv
-- Installing: /home/albert/Workspaces/line_follower/install/line_follower_description/share/line_follower_description/package.dsv
-- Installing: /home/albert/Workspaces/line_follower/install/line_follower_description/share/ament_index/resource_index/packages/line_follower_description
-- Installing: /home/albert/Workspaces/line_follower/install/line_follower_description/share/line_follower_description/cmake/line_follower_descriptionConfig.cmake
-- Installing: /home/albert/Workspaces/line_follower/install/line_follower_description/share/line_follower_description/cmake/line_follower_descriptionConfig-version.cmake
-- Installing: /home/albert/Workspaces/line_follower/install/line_follower_description/share/line_follower_description/package.xml
