[0.014s] Invoking command in '/home/albert/Workspaces/line_follower/build/software_actuators_cpp': CMAKE_PREFIX_PATH=/opt/ros/humble /usr/bin/cmake /home/albert/Workspaces/line_follower/src/software_actuators_cpp -DCMAKE_INSTALL_PREFIX=/home/albert/Workspaces/line_follower/install/software_actuators_cpp
[0.047s] -- The C compiler identification is GNU 11.4.0
[0.082s] -- The CXX compiler identification is GNU 11.4.0
[0.087s] -- Detecting C compiler ABI info
[0.131s] -- Detecting C compiler ABI info - done
[0.136s] -- Check for working C compiler: /usr/bin/cc - skipped
[0.136s] -- Detecting C compile features
[0.137s] -- Detecting C compile features - done
[0.139s] -- Detecting CXX compiler ABI info
[0.190s] -- Detecting CXX compiler ABI info - done
[0.197s] -- Check for working CXX compiler: /usr/bin/c++ - skipped
[0.197s] -- Detecting CXX compile features
[0.197s] -- Detecting CXX compile features - done
[0.199s] -- Found ament_cmake: 1.3.8 (/opt/ros/humble/share/ament_cmake/cmake)
[0.297s] -- Found Python3: /usr/bin/python3 (found version "3.10.12") found components: Interpreter 
[0.350s] -- Found rclcpp: 16.0.8 (/opt/ros/humble/share/rclcpp/cmake)
[0.375s] -- Found rosidl_generator_c: 3.1.5 (/opt/ros/humble/share/rosidl_generator_c/cmake)
[0.378s] -- Found rosidl_adapter: 3.1.5 (/opt/ros/humble/share/rosidl_adapter/cmake)
[0.384s] -- Found rosidl_generator_cpp: 3.1.5 (/opt/ros/humble/share/rosidl_generator_cpp/cmake)
[0.391s] -- Using all available rosidl_typesupport_c: rosidl_typesupport_fastrtps_c;rosidl_typesupport_introspection_c
[0.403s] -- Using all available rosidl_typesupport_cpp: rosidl_typesupport_fastrtps_cpp;rosidl_typesupport_introspection_cpp
[0.446s] -- Found rmw_implementation_cmake: 6.1.1 (/opt/ros/humble/share/rmw_implementation_cmake/cmake)
[0.448s] -- Found rmw_fastrtps_cpp: 6.2.6 (/opt/ros/humble/share/rmw_fastrtps_cpp/cmake)
[0.512s] -- Found OpenSSL: /usr/lib/x86_64-linux-gnu/libcrypto.so (found version "3.0.2")  
[0.529s] -- Found FastRTPS: /opt/ros/humble/include  
[0.559s] -- Using RMW implementation 'rmw_fastrtps_cpp' as default
[0.564s] -- Looking for pthread.h
[0.610s] -- Looking for pthread.h - found
[0.610s] -- Performing Test CMAKE_HAVE_LIBC_PTHREAD
[0.665s] -- Performing Test CMAKE_HAVE_LIBC_PTHREAD - Success
[0.666s] -- Found Threads: TRUE  
[0.771s] -- Found ament_lint_auto: 0.12.10 (/opt/ros/humble/share/ament_lint_auto/cmake)
[0.818s] -- Added test 'lint_cmake' to check CMake code style
[0.819s] -- Added test 'xmllint' to check XML markup files
[0.819s] -- Configuring done
[0.821s] -- Generating done
[0.822s] -- Build files have been written to: /home/albert/Workspaces/line_follower/build/software_actuators_cpp
[0.829s] Invoked command in '/home/albert/Workspaces/line_follower/build/software_actuators_cpp' returned '0': CMAKE_PREFIX_PATH=/opt/ros/humble /usr/bin/cmake /home/albert/Workspaces/line_follower/src/software_actuators_cpp -DCMAKE_INSTALL_PREFIX=/home/albert/Workspaces/line_follower/install/software_actuators_cpp
[0.829s] Invoking command in '/home/albert/Workspaces/line_follower/build/software_actuators_cpp': CMAKE_PREFIX_PATH=/opt/ros/humble /usr/bin/cmake --build /home/albert/Workspaces/line_follower/build/software_actuators_cpp -- -j20 -l20
[0.856s] Invoked command in '/home/albert/Workspaces/line_follower/build/software_actuators_cpp' returned '0': CMAKE_PREFIX_PATH=/opt/ros/humble /usr/bin/cmake --build /home/albert/Workspaces/line_follower/build/software_actuators_cpp -- -j20 -l20
[0.874s] Invoking command in '/home/albert/Workspaces/line_follower/build/software_actuators_cpp': CMAKE_PREFIX_PATH=/opt/ros/humble /usr/bin/cmake --install /home/albert/Workspaces/line_follower/build/software_actuators_cpp
[0.879s] -- Install configuration: ""
[0.879s] -- Installing: /home/albert/Workspaces/line_follower/install/software_actuators_cpp/share/ament_index/resource_index/package_run_dependencies/software_actuators_cpp
[0.879s] -- Installing: /home/albert/Workspaces/line_follower/install/software_actuators_cpp/share/ament_index/resource_index/parent_prefix_path/software_actuators_cpp
[0.879s] -- Installing: /home/albert/Workspaces/line_follower/install/software_actuators_cpp/share/software_actuators_cpp/environment/ament_prefix_path.sh
[0.879s] -- Installing: /home/albert/Workspaces/line_follower/install/software_actuators_cpp/share/software_actuators_cpp/environment/ament_prefix_path.dsv
[0.879s] -- Installing: /home/albert/Workspaces/line_follower/install/software_actuators_cpp/share/software_actuators_cpp/environment/path.sh
[0.879s] -- Installing: /home/albert/Workspaces/line_follower/install/software_actuators_cpp/share/software_actuators_cpp/environment/path.dsv
[0.879s] -- Installing: /home/albert/Workspaces/line_follower/install/software_actuators_cpp/share/software_actuators_cpp/local_setup.bash
[0.880s] -- Installing: /home/albert/Workspaces/line_follower/install/software_actuators_cpp/share/software_actuators_cpp/local_setup.sh
[0.880s] -- Installing: /home/albert/Workspaces/line_follower/install/software_actuators_cpp/share/software_actuators_cpp/local_setup.zsh
[0.880s] -- Installing: /home/albert/Workspaces/line_follower/install/software_actuators_cpp/share/software_actuators_cpp/local_setup.dsv
[0.880s] -- Installing: /home/albert/Workspaces/line_follower/install/software_actuators_cpp/share/software_actuators_cpp/package.dsv
[0.880s] -- Installing: /home/albert/Workspaces/line_follower/install/software_actuators_cpp/share/ament_index/resource_index/packages/software_actuators_cpp
[0.880s] -- Installing: /home/albert/Workspaces/line_follower/install/software_actuators_cpp/share/software_actuators_cpp/cmake/software_actuators_cppConfig.cmake
[0.880s] -- Installing: /home/albert/Workspaces/line_follower/install/software_actuators_cpp/share/software_actuators_cpp/cmake/software_actuators_cppConfig-version.cmake
[0.880s] -- Installing: /home/albert/Workspaces/line_follower/install/software_actuators_cpp/share/software_actuators_cpp/package.xml
[0.881s] Invoked command in '/home/albert/Workspaces/line_follower/build/software_actuators_cpp' returned '0': CMAKE_PREFIX_PATH=/opt/ros/humble /usr/bin/cmake --install /home/albert/Workspaces/line_follower/build/software_actuators_cpp
