[0.011s] Invoking command in '/home/albert/Workspaces/line_follower/build/software_pid_controller': CMAKE_PREFIX_PATH=/opt/ros/humble /usr/bin/cmake --build /home/albert/Workspaces/line_follower/build/software_pid_controller -- -j20 -l20
[0.028s] -- Found ament_cmake: 1.3.8 (/opt/ros/humble/share/ament_cmake/cmake)
[0.112s] -- Found rclcpp: 16.0.8 (/opt/ros/humble/share/rclcpp/cmake)
[0.140s] -- Found rosidl_generator_c: 3.1.5 (/opt/ros/humble/share/rosidl_generator_c/cmake)
[0.142s] -- Found rosidl_adapter: 3.1.5 (/opt/ros/humble/share/rosidl_adapter/cmake)
[0.147s] -- Found rosidl_generator_cpp: 3.1.5 (/opt/ros/humble/share/rosidl_generator_cpp/cmake)
[0.156s] -- Using all available rosidl_typesupport_c: rosidl_typesupport_fastrtps_c;rosidl_typesupport_introspection_c
[0.170s] -- Using all available rosidl_typesupport_cpp: rosidl_typesupport_fastrtps_cpp;rosidl_typesupport_introspection_cpp
[0.224s] -- Found rmw_implementation_cmake: 6.1.1 (/opt/ros/humble/share/rmw_implementation_cmake/cmake)
[0.225s] -- Found rmw_fastrtps_cpp: 6.2.6 (/opt/ros/humble/share/rmw_fastrtps_cpp/cmake)
[0.312s] -- Using RMW implementation 'rmw_fastrtps_cpp' as default
[0.428s] -- Found example_interfaces: 0.9.3 (/opt/ros/humble/share/example_interfaces/cmake)
[0.523s] -- Found ament_lint_auto: 0.12.10 (/opt/ros/humble/share/ament_lint_auto/cmake)
[0.570s] -- Added test 'cppcheck' to perform static code analysis on C / C++ code
[0.570s] -- Configured cppcheck include dirs: 
[0.570s] -- Configured cppcheck exclude dirs and/or files: 
[0.570s] -- Added test 'lint_cmake' to check CMake code style
[0.570s] -- Added test 'uncrustify' to check C / C++ code style
[0.570s] -- Configured uncrustify additional arguments: 
[0.570s] -- Added test 'xmllint' to check XML markup files
[0.572s] -- Configuring done
[0.581s] -- Generating done
[0.581s] -- Build files have been written to: /home/albert/Workspaces/line_follower/build/software_pid_controller
[0.603s] [35m[1mConsolidate compiler generated dependencies of target pid_controller_node[0m
[0.617s] [ 50%] [32mBuilding CXX object CMakeFiles/pid_controller_node.dir/src/pid_controller_node.cpp.o[0m
[0.739s] [01m[K/home/albert/Workspaces/line_follower/src/software_pid_controller/src/pid_controller_node.cpp:2:10:[m[K [01;31m[Kfatal error: [m[Kstd_msgs/msg/float64.hpp: No such file or directory
[0.739s]     2 | #include [01;31m[K<std_msgs/msg/float64.hpp>[m[K
[0.739s]       |          [01;31m[K^~~~~~~~~~~~~~~~~~~~~~~~~~[m[K
[0.739s] compilation terminated.
[0.743s] gmake[2]: *** [CMakeFiles/pid_controller_node.dir/build.make:76: CMakeFiles/pid_controller_node.dir/src/pid_controller_node.cpp.o] Error 1
[0.744s] gmake[1]: *** [CMakeFiles/Makefile2:137: CMakeFiles/pid_controller_node.dir/all] Error 2
[0.744s] gmake: *** [Makefile:146: all] Error 2
[0.746s] Invoked command in '/home/albert/Workspaces/line_follower/build/software_pid_controller' returned '2': CMAKE_PREFIX_PATH=/opt/ros/humble /usr/bin/cmake --build /home/albert/Workspaces/line_follower/build/software_pid_controller -- -j20 -l20
