running egg_info
creating ../../build/software_sensors_py/software_sensors_py.egg-info
writing ../../build/software_sensors_py/software_sensors_py.egg-info/PKG-INFO
writing dependency_links to ../../build/software_sensors_py/software_sensors_py.egg-info/dependency_links.txt
writing entry points to ../../build/software_sensors_py/software_sensors_py.egg-info/entry_points.txt
writing requirements to ../../build/software_sensors_py/software_sensors_py.egg-info/requires.txt
writing top-level names to ../../build/software_sensors_py/software_sensors_py.egg-info/top_level.txt
writing manifest file '../../build/software_sensors_py/software_sensors_py.egg-info/SOURCES.txt'
reading manifest file '../../build/software_sensors_py/software_sensors_py.egg-info/SOURCES.txt'
writing manifest file '../../build/software_sensors_py/software_sensors_py.egg-info/SOURCES.txt'
running build
running build_py
creating /home/albert/Workspaces/line_follower/build/software_sensors_py/build
creating /home/albert/Workspaces/line_follower/build/software_sensors_py/build/lib
creating /home/albert/Workspaces/line_follower/build/software_sensors_py/build/lib/software_sensors_py
copying software_sensors_py/__init__.py -> /home/albert/Workspaces/line_follower/build/software_sensors_py/build/lib/software_sensors_py
running install
running install_lib
creating /home/albert/Workspaces/line_follower/install/software_sensors_py/lib/python3.10/site-packages/software_sensors_py
copying /home/albert/Workspaces/line_follower/build/software_sensors_py/build/lib/software_sensors_py/__init__.py -> /home/albert/Workspaces/line_follower/install/software_sensors_py/lib/python3.10/site-packages/software_sensors_py
byte-compiling /home/albert/Workspaces/line_follower/install/software_sensors_py/lib/python3.10/site-packages/software_sensors_py/__init__.py to __init__.cpython-310.pyc
running install_data
creating /home/albert/Workspaces/line_follower/install/software_sensors_py/share/ament_index
creating /home/albert/Workspaces/line_follower/install/software_sensors_py/share/ament_index/resource_index
creating /home/albert/Workspaces/line_follower/install/software_sensors_py/share/ament_index/resource_index/packages
copying resource/software_sensors_py -> /home/albert/Workspaces/line_follower/install/software_sensors_py/share/ament_index/resource_index/packages
copying package.xml -> /home/albert/Workspaces/line_follower/install/software_sensors_py/share/software_sensors_py
running install_egg_info
Copying ../../build/software_sensors_py/software_sensors_py.egg-info to /home/albert/Workspaces/line_follower/install/software_sensors_py/lib/python3.10/site-packages/software_sensors_py-0.0.0-py3.10.egg-info
running install_scripts
writing list of installed files to '/home/albert/Workspaces/line_follower/build/software_sensors_py/install.log'
