[0.012s] Invoking command in '/home/albert/Workspaces/line_follower/build/software_pid_controller': CMAKE_PREFIX_PATH=/opt/ros/humble /usr/bin/cmake --build /home/albert/Workspaces/line_follower/build/software_pid_controller -- -j20 -l20
[0.036s] [35m[1mConsolidate compiler generated dependencies of target pid_controller2_node[0m
[0.044s] [ 50%] Built target pid_controller_node
[0.047s] [ 75%] [32mBuilding CXX object CMakeFiles/pid_controller2_node.dir/src/pid_controller2_node.cpp.o[0m
[5.688s] [100%] [32m[1mLinking CXX executable pid_controller2_node[0m
[5.972s] [100%] Built target pid_controller2_node
[5.980s] Invoked command in '/home/albert/Workspaces/line_follower/build/software_pid_controller' returned '0': CMAKE_PREFIX_PATH=/opt/ros/humble /usr/bin/cmake --build /home/albert/Workspaces/line_follower/build/software_pid_controller -- -j20 -l20
[6.004s] Invoking command in '/home/albert/Workspaces/line_follower/build/software_pid_controller': CMAKE_PREFIX_PATH=/opt/ros/humble /usr/bin/cmake --install /home/albert/Workspaces/line_follower/build/software_pid_controller
[6.013s] -- Install configuration: ""
[6.014s] -- Up-to-date: /home/albert/Workspaces/line_follower/install/software_pid_controller/lib/software_pid_controller/pid_controller_node
[6.014s] -- Installing: /home/albert/Workspaces/line_follower/install/software_pid_controller/lib/software_pid_controller/pid_controller2_node
[6.018s] -- Set runtime path of "/home/albert/Workspaces/line_follower/install/software_pid_controller/lib/software_pid_controller/pid_controller2_node" to ""
[6.018s] -- Up-to-date: /home/albert/Workspaces/line_follower/install/software_pid_controller/share/ament_index/resource_index/package_run_dependencies/software_pid_controller
[6.018s] -- Up-to-date: /home/albert/Workspaces/line_follower/install/software_pid_controller/share/ament_index/resource_index/parent_prefix_path/software_pid_controller
[6.018s] -- Up-to-date: /home/albert/Workspaces/line_follower/install/software_pid_controller/share/software_pid_controller/environment/ament_prefix_path.sh
[6.018s] -- Up-to-date: /home/albert/Workspaces/line_follower/install/software_pid_controller/share/software_pid_controller/environment/ament_prefix_path.dsv
[6.018s] -- Up-to-date: /home/albert/Workspaces/line_follower/install/software_pid_controller/share/software_pid_controller/environment/path.sh
[6.018s] -- Up-to-date: /home/albert/Workspaces/line_follower/install/software_pid_controller/share/software_pid_controller/environment/path.dsv
[6.018s] -- Up-to-date: /home/albert/Workspaces/line_follower/install/software_pid_controller/share/software_pid_controller/local_setup.bash
[6.018s] -- Up-to-date: /home/albert/Workspaces/line_follower/install/software_pid_controller/share/software_pid_controller/local_setup.sh
[6.018s] -- Up-to-date: /home/albert/Workspaces/line_follower/install/software_pid_controller/share/software_pid_controller/local_setup.zsh
[6.018s] -- Up-to-date: /home/albert/Workspaces/line_follower/install/software_pid_controller/share/software_pid_controller/local_setup.dsv
[6.018s] -- Installing: /home/albert/Workspaces/line_follower/install/software_pid_controller/share/software_pid_controller/package.dsv
[6.018s] -- Up-to-date: /home/albert/Workspaces/line_follower/install/software_pid_controller/share/ament_index/resource_index/packages/software_pid_controller
[6.018s] -- Up-to-date: /home/albert/Workspaces/line_follower/install/software_pid_controller/share/software_pid_controller/cmake/software_pid_controllerConfig.cmake
[6.018s] -- Up-to-date: /home/albert/Workspaces/line_follower/install/software_pid_controller/share/software_pid_controller/cmake/software_pid_controllerConfig-version.cmake
[6.019s] -- Up-to-date: /home/albert/Workspaces/line_follower/install/software_pid_controller/share/software_pid_controller/package.xml
[6.020s] Invoked command in '/home/albert/Workspaces/line_follower/build/software_pid_controller' returned '0': CMAKE_PREFIX_PATH=/opt/ros/humble /usr/bin/cmake --install /home/albert/Workspaces/line_follower/build/software_pid_controller
