[0.014s] Invoking command in '/home/albert/Workspaces/line_follower/build/line_follower_description': CMAKE_PREFIX_PATH=/opt/ros/humble /usr/bin/cmake /home/albert/Workspaces/line_follower/src/line_follower_description -DCMAKE_INSTALL_PREFIX=/home/albert/Workspaces/line_follower/install/line_follower_description
[0.086s] -- The C compiler identification is GNU 11.4.0
[0.141s] -- The CXX compiler identification is GNU 11.4.0
[0.149s] -- Detecting C compiler ABI info
[0.201s] -- Detecting C compiler ABI info - done
[0.206s] -- Check for working C compiler: /usr/bin/cc - skipped
[0.207s] -- Detecting C compile features
[0.207s] -- Detecting C compile features - done
[0.209s] -- Detecting CXX compiler ABI info
[0.262s] -- Detecting CXX compiler ABI info - done
[0.268s] -- Check for working CXX compiler: /usr/bin/c++ - skipped
[0.268s] -- Detecting CXX compile features
[0.268s] -- Detecting CXX compile features - done
[0.271s] -- Found ament_cmake: 1.3.8 (/opt/ros/humble/share/ament_cmake/cmake)
[0.379s] -- Found Python3: /usr/bin/python3 (found version "3.10.12") found components: Interpreter 
[0.445s] -- Found ament_lint_auto: 0.12.10 (/opt/ros/humble/share/ament_lint_auto/cmake)
[0.500s] -- Added test 'lint_cmake' to check CMake code style
[0.501s] -- Added test 'xmllint' to check XML markup files
[0.501s] -- Configuring done
[0.503s] -- Generating done
[0.503s] -- Build files have been written to: /home/albert/Workspaces/line_follower/build/line_follower_description
[0.507s] Invoked command in '/home/albert/Workspaces/line_follower/build/line_follower_description' returned '0': CMAKE_PREFIX_PATH=/opt/ros/humble /usr/bin/cmake /home/albert/Workspaces/line_follower/src/line_follower_description -DCMAKE_INSTALL_PREFIX=/home/albert/Workspaces/line_follower/install/line_follower_description
[0.507s] Invoking command in '/home/albert/Workspaces/line_follower/build/line_follower_description': CMAKE_PREFIX_PATH=/opt/ros/humble /usr/bin/cmake --build /home/albert/Workspaces/line_follower/build/line_follower_description -- -j20 -l20
[0.530s] Invoked command in '/home/albert/Workspaces/line_follower/build/line_follower_description' returned '0': CMAKE_PREFIX_PATH=/opt/ros/humble /usr/bin/cmake --build /home/albert/Workspaces/line_follower/build/line_follower_description -- -j20 -l20
[0.544s] Invoking command in '/home/albert/Workspaces/line_follower/build/line_follower_description': CMAKE_PREFIX_PATH=/opt/ros/humble /usr/bin/cmake --install /home/albert/Workspaces/line_follower/build/line_follower_description
[0.549s] [31mCMake Error at cmake_install.cmake:46 (file):
[0.549s]   file INSTALL cannot find
[0.549s]   "/home/albert/Workspaces/line_follower/src/line_follower_description/urdf":
[0.549s]   No such file or directory.
[0.549s] 
[0.550s] [0m
[0.550s] -- Install configuration: ""
[0.550s] Invoked command in '/home/albert/Workspaces/line_follower/build/line_follower_description' returned '1': CMAKE_PREFIX_PATH=/opt/ros/humble /usr/bin/cmake --install /home/albert/Workspaces/line_follower/build/line_follower_description
