[0.006s] Invoking command in '/home/albert/Workspaces/line_follower/build/line_follower_bringup': AMENT_PREFIX_PATH=/home/albert/Workspaces/line_follower/install/line_follower_description:${AMENT_PREFIX_PATH} CMAKE_PREFIX_PATH=/home/albert/Workspaces/line_follower/install/line_follower_description:/opt/ros/humble /usr/bin/cmake --build /home/albert/Workspaces/line_follower/build/line_follower_bringup -- -j20 -l20
[0.021s] -- Found ament_cmake: 1.3.8 (/opt/ros/humble/share/ament_cmake/cmake)
[0.100s] -- Found ament_lint_auto: 0.12.10 (/opt/ros/humble/share/ament_lint_auto/cmake)
[0.144s] -- Added test 'lint_cmake' to check CMake code style
[0.145s] -- Added test 'xmllint' to check XML markup files
[0.145s] -- Configuring done
[0.146s] -- Generating done
[0.147s] -- Build files have been written to: /home/albert/Workspaces/line_follower/build/line_follower_bringup
[0.162s] Invoked command in '/home/albert/Workspaces/line_follower/build/line_follower_bringup' returned '0': AMENT_PREFIX_PATH=/home/albert/Workspaces/line_follower/install/line_follower_description:${AMENT_PREFIX_PATH} CMAKE_PREFIX_PATH=/home/albert/Workspaces/line_follower/install/line_follower_description:/opt/ros/humble /usr/bin/cmake --build /home/albert/Workspaces/line_follower/build/line_follower_bringup -- -j20 -l20
[0.177s] Invoking command in '/home/albert/Workspaces/line_follower/build/line_follower_bringup': AMENT_PREFIX_PATH=/home/albert/Workspaces/line_follower/install/line_follower_description:${AMENT_PREFIX_PATH} CMAKE_PREFIX_PATH=/home/albert/Workspaces/line_follower/install/line_follower_description:/opt/ros/humble /usr/bin/cmake --install /home/albert/Workspaces/line_follower/build/line_follower_bringup
[0.181s] -- Install configuration: ""
[0.181s] -- Up-to-date: /home/albert/Workspaces/line_follower/install/line_follower_bringup/share/line_follower_bringup//launch
[0.181s] -- Up-to-date: /home/albert/Workspaces/line_follower/install/line_follower_bringup/share/line_follower_bringup//launch/line_follower_gazebo.launch.xml
[0.181s] -- Up-to-date: /home/albert/Workspaces/line_follower/install/line_follower_bringup/share/line_follower_bringup//rviz
[0.181s] -- Up-to-date: /home/albert/Workspaces/line_follower/install/line_follower_bringup/share/line_follower_bringup//rviz/urdf_config.rviz
[0.181s] -- Up-to-date: /home/albert/Workspaces/line_follower/install/line_follower_bringup/share/line_follower_bringup//worlds
[0.181s] -- Up-to-date: /home/albert/Workspaces/line_follower/install/line_follower_bringup/share/line_follower_bringup//worlds/line_follower_world.world
[0.181s] -- Installing: /home/albert/Workspaces/line_follower/install/line_follower_bringup/share/line_follower_bringup//models
[0.181s] -- Installing: /home/albert/Workspaces/line_follower/install/line_follower_bringup/share/line_follower_bringup//models/black_line
[0.181s] -- Installing: /home/albert/Workspaces/line_follower/install/line_follower_bringup/share/line_follower_bringup//models/black_line/model.sdf
[0.181s] -- Installing: /home/albert/Workspaces/line_follower/install/line_follower_bringup/share/line_follower_bringup//models/black_line/model.config
[0.181s] -- Installing: /home/albert/Workspaces/line_follower/install/line_follower_bringup/share/line_follower_bringup//models/black_line/meshes
[0.181s] -- Installing: /home/albert/Workspaces/line_follower/install/line_follower_bringup/share/line_follower_bringup//models/black_line/meshes/line.dae
[0.181s] -- Installing: /home/albert/Workspaces/line_follower/install/line_follower_bringup/share/line_follower_bringup//models/black_line/meshes/black_line.dae
[0.182s] -- Installing: /home/albert/Workspaces/line_follower/install/line_follower_bringup/share/line_follower_bringup//models/black_line/meshes/untitled.dae
[0.182s] -- Installing: /home/albert/Workspaces/line_follower/install/line_follower_bringup/share/line_follower_bringup//models/black_line/meshes/linebot_track2.dae
[0.182s] -- Installing: /home/albert/Workspaces/line_follower/install/line_follower_bringup/share/line_follower_bringup//models/black_line/meshes/linebot_track.dae
[0.182s] -- Up-to-date: /home/albert/Workspaces/line_follower/install/line_follower_bringup/share/ament_index/resource_index/package_run_dependencies/line_follower_bringup
[0.182s] -- Up-to-date: /home/albert/Workspaces/line_follower/install/line_follower_bringup/share/ament_index/resource_index/parent_prefix_path/line_follower_bringup
[0.182s] -- Up-to-date: /home/albert/Workspaces/line_follower/install/line_follower_bringup/share/line_follower_bringup/environment/ament_prefix_path.sh
[0.182s] -- Installing: /home/albert/Workspaces/line_follower/install/line_follower_bringup/share/line_follower_bringup/environment/ament_prefix_path.dsv
[0.182s] -- Up-to-date: /home/albert/Workspaces/line_follower/install/line_follower_bringup/share/line_follower_bringup/environment/path.sh
[0.182s] -- Installing: /home/albert/Workspaces/line_follower/install/line_follower_bringup/share/line_follower_bringup/environment/path.dsv
[0.182s] -- Up-to-date: /home/albert/Workspaces/line_follower/install/line_follower_bringup/share/line_follower_bringup/local_setup.bash
[0.182s] -- Up-to-date: /home/albert/Workspaces/line_follower/install/line_follower_bringup/share/line_follower_bringup/local_setup.sh
[0.182s] -- Up-to-date: /home/albert/Workspaces/line_follower/install/line_follower_bringup/share/line_follower_bringup/local_setup.zsh
[0.182s] -- Installing: /home/albert/Workspaces/line_follower/install/line_follower_bringup/share/line_follower_bringup/local_setup.dsv
[0.182s] -- Installing: /home/albert/Workspaces/line_follower/install/line_follower_bringup/share/line_follower_bringup/package.dsv
[0.182s] -- Up-to-date: /home/albert/Workspaces/line_follower/install/line_follower_bringup/share/ament_index/resource_index/packages/line_follower_bringup
[0.182s] -- Up-to-date: /home/albert/Workspaces/line_follower/install/line_follower_bringup/share/line_follower_bringup/cmake/line_follower_bringupConfig.cmake
[0.182s] -- Up-to-date: /home/albert/Workspaces/line_follower/install/line_follower_bringup/share/line_follower_bringup/cmake/line_follower_bringupConfig-version.cmake
[0.182s] -- Up-to-date: /home/albert/Workspaces/line_follower/install/line_follower_bringup/share/line_follower_bringup/package.xml
[0.183s] Invoked command in '/home/albert/Workspaces/line_follower/build/line_follower_bringup' returned '0': AMENT_PREFIX_PATH=/home/albert/Workspaces/line_follower/install/line_follower_description:${AMENT_PREFIX_PATH} CMAKE_PREFIX_PATH=/home/albert/Workspaces/line_follower/install/line_follower_description:/opt/ros/humble /usr/bin/cmake --install /home/albert/Workspaces/line_follower/build/line_follower_bringup
