[0.012s] Invoking command in '/home/albert/Workspaces/line_follower/build/software_actuators_cpp': CMAKE_PREFIX_PATH=/opt/ros/humble /usr/bin/cmake /home/albert/Workspaces/line_follower/src/software_actuators_cpp -DCMAKE_INSTALL_PREFIX=/home/albert/Workspaces/line_follower/install/software_actuators_cpp
[0.046s] -- The C compiler identification is GNU 11.4.0
[0.081s] -- The CXX compiler identification is GNU 11.4.0
[0.086s] -- Detecting C compiler ABI info
[0.129s] -- Detecting C compiler ABI info - done
[0.134s] -- Check for working C compiler: /usr/bin/cc - skipped
[0.134s] -- Detecting C compile features
[0.134s] -- Detecting C compile features - done
[0.136s] -- Detecting CXX compiler ABI info
[0.188s] -- Detecting CXX compiler ABI info - done
[0.194s] -- Check for working CXX compiler: /usr/bin/c++ - skipped
[0.194s] -- Detecting CXX compile features
[0.195s] -- Detecting CXX compile features - done
[0.199s] -- Found ament_cmake: 1.3.8 (/opt/ros/humble/share/ament_cmake/cmake)
[0.299s] -- Found Python3: /usr/bin/python3 (found version "3.10.12") found components: Interpreter 
[0.368s] -- Found rclcpp: 16.0.8 (/opt/ros/humble/share/rclcpp/cmake)
[0.413s] -- Found rosidl_generator_c: 3.1.5 (/opt/ros/humble/share/rosidl_generator_c/cmake)
[0.417s] -- Found rosidl_adapter: 3.1.5 (/opt/ros/humble/share/rosidl_adapter/cmake)
[0.424s] -- Found rosidl_generator_cpp: 3.1.5 (/opt/ros/humble/share/rosidl_generator_cpp/cmake)
[0.437s] -- Using all available rosidl_typesupport_c: rosidl_typesupport_fastrtps_c;rosidl_typesupport_introspection_c
[0.457s] -- Using all available rosidl_typesupport_cpp: rosidl_typesupport_fastrtps_cpp;rosidl_typesupport_introspection_cpp
[0.509s] -- Found rmw_implementation_cmake: 6.1.1 (/opt/ros/humble/share/rmw_implementation_cmake/cmake)
[0.511s] -- Found rmw_fastrtps_cpp: 6.2.6 (/opt/ros/humble/share/rmw_fastrtps_cpp/cmake)
[0.578s] -- Found OpenSSL: /usr/lib/x86_64-linux-gnu/libcrypto.so (found version "3.0.2")  
[0.597s] -- Found FastRTPS: /opt/ros/humble/include  
[0.629s] -- Using RMW implementation 'rmw_fastrtps_cpp' as default
[0.637s] -- Looking for pthread.h
[0.683s] -- Looking for pthread.h - found
[0.683s] -- Performing Test CMAKE_HAVE_LIBC_PTHREAD
[0.730s] -- Performing Test CMAKE_HAVE_LIBC_PTHREAD - Success
[0.731s] -- Found Threads: TRUE  
[0.844s] -- Found ament_lint_auto: 0.12.10 (/opt/ros/humble/share/ament_lint_auto/cmake)
[0.899s] -- Added test 'lint_cmake' to check CMake code style
[0.900s] -- Added test 'xmllint' to check XML markup files
[0.901s] -- Configuring done
[0.903s] -- Generating done
[0.904s] -- Build files have been written to: /home/albert/Workspaces/line_follower/build/software_actuators_cpp
[0.910s] Invoked command in '/home/albert/Workspaces/line_follower/build/software_actuators_cpp' returned '0': CMAKE_PREFIX_PATH=/opt/ros/humble /usr/bin/cmake /home/albert/Workspaces/line_follower/src/software_actuators_cpp -DCMAKE_INSTALL_PREFIX=/home/albert/Workspaces/line_follower/install/software_actuators_cpp
[0.911s] Invoking command in '/home/albert/Workspaces/line_follower/build/software_actuators_cpp': CMAKE_PREFIX_PATH=/opt/ros/humble /usr/bin/cmake --build /home/albert/Workspaces/line_follower/build/software_actuators_cpp -- -j20 -l20
[0.939s] Invoked command in '/home/albert/Workspaces/line_follower/build/software_actuators_cpp' returned '0': CMAKE_PREFIX_PATH=/opt/ros/humble /usr/bin/cmake --build /home/albert/Workspaces/line_follower/build/software_actuators_cpp -- -j20 -l20
[0.958s] Invoking command in '/home/albert/Workspaces/line_follower/build/software_actuators_cpp': CMAKE_PREFIX_PATH=/opt/ros/humble /usr/bin/cmake --install /home/albert/Workspaces/line_follower/build/software_actuators_cpp
[0.963s] -- Install configuration: ""
[0.963s] -- Installing: /home/albert/Workspaces/line_follower/install/software_actuators_cpp/share/ament_index/resource_index/package_run_dependencies/software_actuators_cpp
[0.963s] -- Installing: /home/albert/Workspaces/line_follower/install/software_actuators_cpp/share/ament_index/resource_index/parent_prefix_path/software_actuators_cpp
[0.964s] -- Installing: /home/albert/Workspaces/line_follower/install/software_actuators_cpp/share/software_actuators_cpp/environment/ament_prefix_path.sh
[0.964s] -- Installing: /home/albert/Workspaces/line_follower/install/software_actuators_cpp/share/software_actuators_cpp/environment/ament_prefix_path.dsv
[0.964s] -- Installing: /home/albert/Workspaces/line_follower/install/software_actuators_cpp/share/software_actuators_cpp/environment/path.sh
[0.964s] -- Installing: /home/albert/Workspaces/line_follower/install/software_actuators_cpp/share/software_actuators_cpp/environment/path.dsv
[0.964s] -- Installing: /home/albert/Workspaces/line_follower/install/software_actuators_cpp/share/software_actuators_cpp/local_setup.bash
[0.964s] -- Installing: /home/albert/Workspaces/line_follower/install/software_actuators_cpp/share/software_actuators_cpp/local_setup.sh
[0.964s] -- Installing: /home/albert/Workspaces/line_follower/install/software_actuators_cpp/share/software_actuators_cpp/local_setup.zsh
[0.964s] -- Installing: /home/albert/Workspaces/line_follower/install/software_actuators_cpp/share/software_actuators_cpp/local_setup.dsv
[0.964s] -- Installing: /home/albert/Workspaces/line_follower/install/software_actuators_cpp/share/software_actuators_cpp/package.dsv
[0.964s] -- Installing: /home/albert/Workspaces/line_follower/install/software_actuators_cpp/share/ament_index/resource_index/packages/software_actuators_cpp
[0.964s] -- Installing: /home/albert/Workspaces/line_follower/install/software_actuators_cpp/share/software_actuators_cpp/cmake/software_actuators_cppConfig.cmake
[0.964s] -- Installing: /home/albert/Workspaces/line_follower/install/software_actuators_cpp/share/software_actuators_cpp/cmake/software_actuators_cppConfig-version.cmake
[0.964s] -- Installing: /home/albert/Workspaces/line_follower/install/software_actuators_cpp/share/software_actuators_cpp/package.xml
[0.969s] Invoked command in '/home/albert/Workspaces/line_follower/build/software_actuators_cpp' returned '0': CMAKE_PREFIX_PATH=/opt/ros/humble /usr/bin/cmake --install /home/albert/Workspaces/line_follower/build/software_actuators_cpp
