-- Install configuration: ""
-- Up-to-date: /home/albert/Workspaces/line_follower/install/line_follower_description/share/line_follower_description//urdf
-- Up-to-date: /home/albert/Workspaces/line_follower/install/line_follower_description/share/line_follower_description//urdf/line_follower.urdf.xacro
-- Up-to-date: /home/albert/Workspaces/line_follower/install/line_follower_description/share/line_follower_description//urdf/mobile_base.xacro
-- Installing: /home/albert/Workspaces/line_follower/install/line_follower_description/share/line_follower_description//urdf/mobile_base_gazebo.xacro
-- Installing: /home/albert/Workspaces/line_follower/install/line_follower_description/share/line_follower_description//urdf/common_properties.xacro
-- Up-to-date: /home/albert/Workspaces/line_follower/install/line_follower_description/share/line_follower_description//launch
-- Up-to-date: /home/albert/Workspaces/line_follower/install/line_follower_description/share/line_follower_description//launch/display.launch.xml
-- Up-to-date: /home/albert/Workspaces/line_follower/install/line_follower_description/share/line_follower_description//rviz
-- Up-to-date: /home/albert/Workspaces/line_follower/install/line_follower_description/share/line_follower_description//rviz/urdf_config.rviz
-- Up-to-date: /home/albert/Workspaces/line_follower/install/line_follower_description/share/ament_index/resource_index/package_run_dependencies/line_follower_description
-- Up-to-date: /home/albert/Workspaces/line_follower/install/line_follower_description/share/ament_index/resource_index/parent_prefix_path/line_follower_description
-- Up-to-date: /home/albert/Workspaces/line_follower/install/line_follower_description/share/line_follower_description/environment/ament_prefix_path.sh
-- Up-to-date: /home/albert/Workspaces/line_follower/install/line_follower_description/share/line_follower_description/environment/ament_prefix_path.dsv
-- Up-to-date: /home/albert/Workspaces/line_follower/install/line_follower_description/share/line_follower_description/environment/path.sh
-- Up-to-date: /home/albert/Workspaces/line_follower/install/line_follower_description/share/line_follower_description/environment/path.dsv
-- Up-to-date: /home/albert/Workspaces/line_follower/install/line_follower_description/share/line_follower_description/local_setup.bash
-- Up-to-date: /home/albert/Workspaces/line_follower/install/line_follower_description/share/line_follower_description/local_setup.sh
-- Up-to-date: /home/albert/Workspaces/line_follower/install/line_follower_description/share/line_follower_description/local_setup.zsh
-- Up-to-date: /home/albert/Workspaces/line_follower/install/line_follower_description/share/line_follower_description/local_setup.dsv
-- Installing: /home/albert/Workspaces/line_follower/install/line_follower_description/share/line_follower_description/package.dsv
-- Up-to-date: /home/albert/Workspaces/line_follower/install/line_follower_description/share/ament_index/resource_index/packages/line_follower_description
-- Up-to-date: /home/albert/Workspaces/line_follower/install/line_follower_description/share/line_follower_description/cmake/line_follower_descriptionConfig.cmake
-- Up-to-date: /home/albert/Workspaces/line_follower/install/line_follower_description/share/line_follower_description/cmake/line_follower_descriptionConfig-version.cmake
-- Up-to-date: /home/albert/Workspaces/line_follower/install/line_follower_description/share/line_follower_description/package.xml
