[0.007s] Invoking command in '/home/albert/Workspaces/line_follower/build/line_follower_bringup': AMENT_PREFIX_PATH=/home/albert/Workspaces/line_follower/install/line_follower_description:${AMENT_PREFIX_PATH} CMAKE_PREFIX_PATH=/home/albert/Workspaces/line_follower/install/line_follower_description:/opt/ros/humble /usr/bin/cmake --build /home/albert/Workspaces/line_follower/build/line_follower_bringup -- -j20 -l20
[0.031s] Invoked command in '/home/albert/Workspaces/line_follower/build/line_follower_bringup' returned '0': AMENT_PREFIX_PATH=/home/albert/Workspaces/line_follower/install/line_follower_description:${AMENT_PREFIX_PATH} CMAKE_PREFIX_PATH=/home/albert/Workspaces/line_follower/install/line_follower_description:/opt/ros/humble /usr/bin/cmake --build /home/albert/Workspaces/line_follower/build/line_follower_bringup -- -j20 -l20
[0.047s] Invoking command in '/home/albert/Workspaces/line_follower/build/line_follower_bringup': AMENT_PREFIX_PATH=/home/albert/Workspaces/line_follower/install/line_follower_description:${AMENT_PREFIX_PATH} CMAKE_PREFIX_PATH=/home/albert/Workspaces/line_follower/install/line_follower_description:/opt/ros/humble /usr/bin/cmake --install /home/albert/Workspaces/line_follower/build/line_follower_bringup
[0.052s] -- Install configuration: ""
[0.052s] -- Up-to-date: /home/albert/Workspaces/line_follower/install/line_follower_bringup/share/line_follower_bringup//launch
[0.053s] -- Up-to-date: /home/albert/Workspaces/line_follower/install/line_follower_bringup/share/line_follower_bringup//launch/line_follower_gazebo.launch.xml
[0.053s] -- Up-to-date: /home/albert/Workspaces/line_follower/install/line_follower_bringup/share/line_follower_bringup//rviz
[0.053s] -- Up-to-date: /home/albert/Workspaces/line_follower/install/line_follower_bringup/share/line_follower_bringup//rviz/urdf_config.rviz
[0.053s] -- Up-to-date: /home/albert/Workspaces/line_follower/install/line_follower_bringup/share/line_follower_bringup//worlds
[0.053s] -- Up-to-date: /home/albert/Workspaces/line_follower/install/line_follower_bringup/share/line_follower_bringup//worlds/line_follower_world_3.world
[0.053s] -- Up-to-date: /home/albert/Workspaces/line_follower/install/line_follower_bringup/share/line_follower_bringup//worlds/line_follower_world.world
[0.053s] -- Up-to-date: /home/albert/Workspaces/line_follower/install/line_follower_bringup/share/line_follower_bringup//worlds/line_follower_world_1.world
[0.054s] -- Up-to-date: /home/albert/Workspaces/line_follower/install/line_follower_bringup/share/line_follower_bringup//worlds/line_follower_world_2.world
[0.054s] -- Up-to-date: /home/albert/Workspaces/line_follower/install/line_follower_bringup/share/line_follower_bringup//models
[0.054s] -- Up-to-date: /home/albert/Workspaces/line_follower/install/line_follower_bringup/share/line_follower_bringup//models/model.sdf
[0.055s] -- Up-to-date: /home/albert/Workspaces/line_follower/install/line_follower_bringup/share/line_follower_bringup//models/model.config
[0.055s] -- Up-to-date: /home/albert/Workspaces/line_follower/install/line_follower_bringup/share/ament_index/resource_index/package_run_dependencies/line_follower_bringup
[0.055s] -- Up-to-date: /home/albert/Workspaces/line_follower/install/line_follower_bringup/share/ament_index/resource_index/parent_prefix_path/line_follower_bringup
[0.055s] -- Up-to-date: /home/albert/Workspaces/line_follower/install/line_follower_bringup/share/line_follower_bringup/environment/ament_prefix_path.sh
[0.055s] -- Up-to-date: /home/albert/Workspaces/line_follower/install/line_follower_bringup/share/line_follower_bringup/environment/ament_prefix_path.dsv
[0.055s] -- Up-to-date: /home/albert/Workspaces/line_follower/install/line_follower_bringup/share/line_follower_bringup/environment/path.sh
[0.056s] -- Up-to-date: /home/albert/Workspaces/line_follower/install/line_follower_bringup/share/line_follower_bringup/environment/path.dsv
[0.056s] -- Up-to-date: /home/albert/Workspaces/line_follower/install/line_follower_bringup/share/line_follower_bringup/local_setup.bash
[0.056s] -- Up-to-date: /home/albert/Workspaces/line_follower/install/line_follower_bringup/share/line_follower_bringup/local_setup.sh
[0.056s] -- Up-to-date: /home/albert/Workspaces/line_follower/install/line_follower_bringup/share/line_follower_bringup/local_setup.zsh
[0.056s] -- Up-to-date: /home/albert/Workspaces/line_follower/install/line_follower_bringup/share/line_follower_bringup/local_setup.dsv
[0.056s] -- Installing: /home/albert/Workspaces/line_follower/install/line_follower_bringup/share/line_follower_bringup/package.dsv
[0.057s] -- Up-to-date: /home/albert/Workspaces/line_follower/install/line_follower_bringup/share/ament_index/resource_index/packages/line_follower_bringup
[0.057s] -- Up-to-date: /home/albert/Workspaces/line_follower/install/line_follower_bringup/share/line_follower_bringup/cmake/line_follower_bringupConfig.cmake
[0.058s] -- Up-to-date: /home/albert/Workspaces/line_follower/install/line_follower_bringup/share/line_follower_bringup/cmake/line_follower_bringupConfig-version.cmake
[0.058s] -- Up-to-date: /home/albert/Workspaces/line_follower/install/line_follower_bringup/share/line_follower_bringup/package.xml
[0.058s] Invoked command in '/home/albert/Workspaces/line_follower/build/line_follower_bringup' returned '0': AMENT_PREFIX_PATH=/home/albert/Workspaces/line_follower/install/line_follower_description:${AMENT_PREFIX_PATH} CMAKE_PREFIX_PATH=/home/albert/Workspaces/line_follower/install/line_follower_description:/opt/ros/humble /usr/bin/cmake --install /home/albert/Workspaces/line_follower/build/line_follower_bringup
