[0.010s] Invoking command in '/home/albert/Workspaces/line_follower/build/software_pid_controller': CMAKE_PREFIX_PATH=/opt/ros/humble /usr/bin/cmake --build /home/albert/Workspaces/line_follower/build/software_pid_controller -- -j20 -l20
[0.030s] -- Found ament_cmake: 1.3.8 (/opt/ros/humble/share/ament_cmake/cmake)
[0.124s] -- Found rclcpp: 16.0.8 (/opt/ros/humble/share/rclcpp/cmake)
[0.149s] -- Found rosidl_generator_c: 3.1.5 (/opt/ros/humble/share/rosidl_generator_c/cmake)
[0.152s] -- Found rosidl_adapter: 3.1.5 (/opt/ros/humble/share/rosidl_adapter/cmake)
[0.157s] -- Found rosidl_generator_cpp: 3.1.5 (/opt/ros/humble/share/rosidl_generator_cpp/cmake)
[0.167s] -- Using all available rosidl_typesupport_c: rosidl_typesupport_fastrtps_c;rosidl_typesupport_introspection_c
[0.179s] -- Using all available rosidl_typesupport_cpp: rosidl_typesupport_fastrtps_cpp;rosidl_typesupport_introspection_cpp
[0.230s] -- Found rmw_implementation_cmake: 6.1.1 (/opt/ros/humble/share/rmw_implementation_cmake/cmake)
[0.231s] -- Found rmw_fastrtps_cpp: 6.2.6 (/opt/ros/humble/share/rmw_fastrtps_cpp/cmake)
[0.317s] -- Using RMW implementation 'rmw_fastrtps_cpp' as default
[0.428s] -- Found example_interfaces: 0.9.3 (/opt/ros/humble/share/example_interfaces/cmake)
[0.524s] -- Found geometry_msgs: 4.2.3 (/opt/ros/humble/share/geometry_msgs/cmake)
[0.561s] [31mCMake Error at CMakeLists.txt:14 (find_package):
[0.561s]   By not providing "Findalgorithm.cmake" in CMAKE_MODULE_PATH this project
[0.561s]   has asked CMake to find a package configuration file provided by
[0.561s]   "algorithm", but CMake did not find one.
[0.561s] 
[0.561s]   Could not find a package configuration file provided by "algorithm" with
[0.561s]   any of the following names:
[0.561s] 
[0.561s]     algorithmConfig.cmake
[0.561s]     algorithm-config.cmake
[0.561s] 
[0.561s]   Add the installation prefix of "algorithm" to CMAKE_PREFIX_PATH or set
[0.561s]   "algorithm_DIR" to a directory containing one of the above files.  If
[0.561s]   "algorithm" provides a separate development package or SDK, be sure it has
[0.561s]   been installed.
[0.561s] 
[0.561s] [0m
[0.561s] -- Configuring incomplete, errors occurred!
[0.562s] See also "/home/albert/Workspaces/line_follower/build/software_pid_controller/CMakeFiles/CMakeOutput.log".
[0.565s] gmake: *** [Makefile:267: cmake_check_build_system] Error 1
[0.566s] Invoked command in '/home/albert/Workspaces/line_follower/build/software_pid_controller' returned '2': CMAKE_PREFIX_PATH=/opt/ros/humble /usr/bin/cmake --build /home/albert/Workspaces/line_follower/build/software_pid_controller -- -j20 -l20
