[0.063s] DEBUG:colcon:Command line arguments: ['/usr/bin/colcon', 'build']
[0.063s] DEBUG:colcon:Parsed command line arguments: Namespace(log_base=None, log_level=None, verb_name='build', build_base='build', install_base='install', merge_install=False, symlink_install=False, test_result_base=None, continue_on_error=False, executor='parallel', parallel_workers=20, event_handlers=None, ignore_user_meta=False, metas=['./colcon.meta'], base_paths=['.'], packages_ignore=None, packages_ignore_regex=None, paths=None, packages_up_to=None, packages_up_to_regex=None, packages_above=None, packages_above_and_dependencies=None, packages_above_depth=None, packages_select_by_dep=None, packages_skip_by_dep=None, packages_skip_up_to=None, packages_select_build_failed=False, packages_skip_build_finished=False, packages_select_test_failures=False, packages_skip_test_passed=False, packages_select=None, packages_skip=None, packages_select_regex=None, packages_skip_regex=None, packages_start=None, packages_end=None, allow_overriding=[], cmake_args=None, cmake_target=None, cmake_target_skip_unavailable=False, cmake_clean_cache=False, cmake_clean_first=False, cmake_force_configure=False, ament_cmake_args=None, catkin_cmake_args=None, catkin_skip_building_tests=False, verb_parser=<colcon_defaults.argument_parser.defaults.DefaultArgumentsDecorator object at 0x75fa78f35ab0>, verb_extension=<colcon_core.verb.build.BuildVerb object at 0x75fa78f35630>, main=<bound method BuildVerb.main of <colcon_core.verb.build.BuildVerb object at 0x75fa78f35630>>)
[0.161s] Level 1:colcon.colcon_core.package_discovery:discover_packages(colcon_meta) check parameters
[0.161s] Level 1:colcon.colcon_core.package_discovery:discover_packages(recursive) check parameters
[0.161s] Level 1:colcon.colcon_core.package_discovery:discover_packages(ignore) check parameters
[0.161s] Level 1:colcon.colcon_core.package_discovery:discover_packages(path) check parameters
[0.161s] Level 1:colcon.colcon_core.package_discovery:discover_packages(colcon_meta) discover
[0.161s] Level 1:colcon.colcon_core.package_discovery:discover_packages(recursive) discover
[0.161s] INFO:colcon.colcon_core.package_discovery:Crawling recursively for packages in '/home/albert/Workspaces/line_follower'
[0.161s] Level 1:colcon.colcon_core.package_identification:_identify(.) by extensions ['ignore', 'ignore_ament_install']
[0.161s] Level 1:colcon.colcon_core.package_identification:_identify(.) by extension 'ignore'
[0.161s] Level 1:colcon.colcon_core.package_identification:_identify(.) by extension 'ignore_ament_install'
[0.161s] Level 1:colcon.colcon_core.package_identification:_identify(.) by extensions ['colcon_pkg']
[0.161s] Level 1:colcon.colcon_core.package_identification:_identify(.) by extension 'colcon_pkg'
[0.161s] Level 1:colcon.colcon_core.package_identification:_identify(.) by extensions ['colcon_meta']
[0.161s] Level 1:colcon.colcon_core.package_identification:_identify(.) by extension 'colcon_meta'
[0.162s] Level 1:colcon.colcon_core.package_identification:_identify(.) by extensions ['ros']
[0.162s] Level 1:colcon.colcon_core.package_identification:_identify(.) by extension 'ros'
[0.169s] Level 1:colcon.colcon_core.package_identification:_identify(.) by extensions ['cmake', 'python']
[0.169s] Level 1:colcon.colcon_core.package_identification:_identify(.) by extension 'cmake'
[0.169s] Level 1:colcon.colcon_core.package_identification:_identify(.) by extension 'python'
[0.169s] Level 1:colcon.colcon_core.package_identification:_identify(.) by extensions ['python_setup_py']
[0.169s] Level 1:colcon.colcon_core.package_identification:_identify(.) by extension 'python_setup_py'
[0.169s] Level 1:colcon.colcon_core.package_identification:_identify(build) by extensions ['ignore', 'ignore_ament_install']
[0.169s] Level 1:colcon.colcon_core.package_identification:_identify(build) by extension 'ignore'
[0.169s] Level 1:colcon.colcon_core.package_identification:_identify(build) ignored
[0.169s] Level 1:colcon.colcon_core.package_identification:_identify(install) by extensions ['ignore', 'ignore_ament_install']
[0.169s] Level 1:colcon.colcon_core.package_identification:_identify(install) by extension 'ignore'
[0.169s] Level 1:colcon.colcon_core.package_identification:_identify(install) ignored
[0.169s] Level 1:colcon.colcon_core.package_identification:_identify(log) by extensions ['ignore', 'ignore_ament_install']
[0.169s] Level 1:colcon.colcon_core.package_identification:_identify(log) by extension 'ignore'
[0.169s] Level 1:colcon.colcon_core.package_identification:_identify(log) ignored
[0.170s] Level 1:colcon.colcon_core.package_identification:_identify(src) by extensions ['ignore', 'ignore_ament_install']
[0.170s] Level 1:colcon.colcon_core.package_identification:_identify(src) by extension 'ignore'
[0.170s] Level 1:colcon.colcon_core.package_identification:_identify(src) by extension 'ignore_ament_install'
[0.170s] Level 1:colcon.colcon_core.package_identification:_identify(src) by extensions ['colcon_pkg']
[0.170s] Level 1:colcon.colcon_core.package_identification:_identify(src) by extension 'colcon_pkg'
[0.170s] Level 1:colcon.colcon_core.package_identification:_identify(src) by extensions ['colcon_meta']
[0.170s] Level 1:colcon.colcon_core.package_identification:_identify(src) by extension 'colcon_meta'
[0.170s] Level 1:colcon.colcon_core.package_identification:_identify(src) by extensions ['ros']
[0.170s] Level 1:colcon.colcon_core.package_identification:_identify(src) by extension 'ros'
[0.170s] Level 1:colcon.colcon_core.package_identification:_identify(src) by extensions ['cmake', 'python']
[0.170s] Level 1:colcon.colcon_core.package_identification:_identify(src) by extension 'cmake'
[0.170s] Level 1:colcon.colcon_core.package_identification:_identify(src) by extension 'python'
[0.170s] Level 1:colcon.colcon_core.package_identification:_identify(src) by extensions ['python_setup_py']
[0.170s] Level 1:colcon.colcon_core.package_identification:_identify(src) by extension 'python_setup_py'
[0.170s] Level 1:colcon.colcon_core.package_identification:_identify(src/line_follower_bringup) by extensions ['ignore', 'ignore_ament_install']
[0.170s] Level 1:colcon.colcon_core.package_identification:_identify(src/line_follower_bringup) by extension 'ignore'
[0.170s] Level 1:colcon.colcon_core.package_identification:_identify(src/line_follower_bringup) by extension 'ignore_ament_install'
[0.170s] Level 1:colcon.colcon_core.package_identification:_identify(src/line_follower_bringup) by extensions ['colcon_pkg']
[0.170s] Level 1:colcon.colcon_core.package_identification:_identify(src/line_follower_bringup) by extension 'colcon_pkg'
[0.170s] Level 1:colcon.colcon_core.package_identification:_identify(src/line_follower_bringup) by extensions ['colcon_meta']
[0.170s] Level 1:colcon.colcon_core.package_identification:_identify(src/line_follower_bringup) by extension 'colcon_meta'
[0.170s] Level 1:colcon.colcon_core.package_identification:_identify(src/line_follower_bringup) by extensions ['ros']
[0.170s] Level 1:colcon.colcon_core.package_identification:_identify(src/line_follower_bringup) by extension 'ros'
[0.172s] DEBUG:colcon.colcon_core.package_identification:Package 'src/line_follower_bringup' with type 'ros.ament_cmake' and name 'line_follower_bringup'
[0.172s] Level 1:colcon.colcon_core.package_identification:_identify(src/line_follower_description) by extensions ['ignore', 'ignore_ament_install']
[0.172s] Level 1:colcon.colcon_core.package_identification:_identify(src/line_follower_description) by extension 'ignore'
[0.172s] Level 1:colcon.colcon_core.package_identification:_identify(src/line_follower_description) by extension 'ignore_ament_install'
[0.172s] Level 1:colcon.colcon_core.package_identification:_identify(src/line_follower_description) by extensions ['colcon_pkg']
[0.172s] Level 1:colcon.colcon_core.package_identification:_identify(src/line_follower_description) by extension 'colcon_pkg'
[0.172s] Level 1:colcon.colcon_core.package_identification:_identify(src/line_follower_description) by extensions ['colcon_meta']
[0.172s] Level 1:colcon.colcon_core.package_identification:_identify(src/line_follower_description) by extension 'colcon_meta'
[0.172s] Level 1:colcon.colcon_core.package_identification:_identify(src/line_follower_description) by extensions ['ros']
[0.172s] Level 1:colcon.colcon_core.package_identification:_identify(src/line_follower_description) by extension 'ros'
[0.172s] DEBUG:colcon.colcon_core.package_identification:Package 'src/line_follower_description' with type 'ros.ament_cmake' and name 'line_follower_description'
[0.172s] Level 1:colcon.colcon_core.package_identification:_identify(src/software_actuators_cpp) by extensions ['ignore', 'ignore_ament_install']
[0.173s] Level 1:colcon.colcon_core.package_identification:_identify(src/software_actuators_cpp) by extension 'ignore'
[0.173s] Level 1:colcon.colcon_core.package_identification:_identify(src/software_actuators_cpp) by extension 'ignore_ament_install'
[0.173s] Level 1:colcon.colcon_core.package_identification:_identify(src/software_actuators_cpp) by extensions ['colcon_pkg']
[0.173s] Level 1:colcon.colcon_core.package_identification:_identify(src/software_actuators_cpp) by extension 'colcon_pkg'
[0.173s] Level 1:colcon.colcon_core.package_identification:_identify(src/software_actuators_cpp) by extensions ['colcon_meta']
[0.173s] Level 1:colcon.colcon_core.package_identification:_identify(src/software_actuators_cpp) by extension 'colcon_meta'
[0.173s] Level 1:colcon.colcon_core.package_identification:_identify(src/software_actuators_cpp) by extensions ['ros']
[0.173s] Level 1:colcon.colcon_core.package_identification:_identify(src/software_actuators_cpp) by extension 'ros'
[0.173s] DEBUG:colcon.colcon_core.package_identification:Package 'src/software_actuators_cpp' with type 'ros.ament_cmake' and name 'software_actuators_cpp'
[0.173s] Level 1:colcon.colcon_core.package_identification:_identify(src/software_pid_controller) by extensions ['ignore', 'ignore_ament_install']
[0.173s] Level 1:colcon.colcon_core.package_identification:_identify(src/software_pid_controller) by extension 'ignore'
[0.173s] Level 1:colcon.colcon_core.package_identification:_identify(src/software_pid_controller) by extension 'ignore_ament_install'
[0.173s] Level 1:colcon.colcon_core.package_identification:_identify(src/software_pid_controller) by extensions ['colcon_pkg']
[0.173s] Level 1:colcon.colcon_core.package_identification:_identify(src/software_pid_controller) by extension 'colcon_pkg'
[0.173s] Level 1:colcon.colcon_core.package_identification:_identify(src/software_pid_controller) by extensions ['colcon_meta']
[0.173s] Level 1:colcon.colcon_core.package_identification:_identify(src/software_pid_controller) by extension 'colcon_meta'
[0.173s] Level 1:colcon.colcon_core.package_identification:_identify(src/software_pid_controller) by extensions ['ros']
[0.173s] Level 1:colcon.colcon_core.package_identification:_identify(src/software_pid_controller) by extension 'ros'
[0.174s] DEBUG:colcon.colcon_core.package_identification:Package 'src/software_pid_controller' with type 'ros.ament_cmake' and name 'software_pid_controller'
[0.174s] Level 1:colcon.colcon_core.package_identification:_identify(src/software_sensors_py) by extensions ['ignore', 'ignore_ament_install']
[0.174s] Level 1:colcon.colcon_core.package_identification:_identify(src/software_sensors_py) by extension 'ignore'
[0.174s] Level 1:colcon.colcon_core.package_identification:_identify(src/software_sensors_py) by extension 'ignore_ament_install'
[0.174s] Level 1:colcon.colcon_core.package_identification:_identify(src/software_sensors_py) by extensions ['colcon_pkg']
[0.174s] Level 1:colcon.colcon_core.package_identification:_identify(src/software_sensors_py) by extension 'colcon_pkg'
[0.174s] Level 1:colcon.colcon_core.package_identification:_identify(src/software_sensors_py) by extensions ['colcon_meta']
[0.174s] Level 1:colcon.colcon_core.package_identification:_identify(src/software_sensors_py) by extension 'colcon_meta'
[0.174s] Level 1:colcon.colcon_core.package_identification:_identify(src/software_sensors_py) by extensions ['ros']
[0.174s] Level 1:colcon.colcon_core.package_identification:_identify(src/software_sensors_py) by extension 'ros'
[0.175s] DEBUG:colcon.colcon_core.package_identification:Package 'src/software_sensors_py' with type 'ros.ament_python' and name 'software_sensors_py'
[0.175s] Level 1:colcon.colcon_core.package_discovery:discover_packages(recursive) using defaults
[0.175s] Level 1:colcon.colcon_core.package_discovery:discover_packages(ignore) discover
[0.175s] Level 1:colcon.colcon_core.package_discovery:discover_packages(ignore) using defaults
[0.175s] Level 1:colcon.colcon_core.package_discovery:discover_packages(path) discover
[0.175s] Level 1:colcon.colcon_core.package_discovery:discover_packages(path) using defaults
[0.188s] Level 1:colcon.colcon_core.package_discovery:discover_packages(prefix_path) check parameters
[0.188s] Level 1:colcon.colcon_core.package_discovery:discover_packages(prefix_path) discover
[0.190s] DEBUG:colcon.colcon_installed_package_information.package_discovery:Found 327 installed packages in /opt/ros/humble
[0.196s] Level 1:colcon.colcon_core.package_discovery:discover_packages(prefix_path) using defaults
[0.220s] Level 5:colcon.colcon_core.verb:set package 'line_follower_description' build argument 'cmake_args' from command line to 'None'
[0.220s] Level 5:colcon.colcon_core.verb:set package 'line_follower_description' build argument 'cmake_target' from command line to 'None'
[0.220s] Level 5:colcon.colcon_core.verb:set package 'line_follower_description' build argument 'cmake_target_skip_unavailable' from command line to 'False'
[0.220s] Level 5:colcon.colcon_core.verb:set package 'line_follower_description' build argument 'cmake_clean_cache' from command line to 'False'
[0.220s] Level 5:colcon.colcon_core.verb:set package 'line_follower_description' build argument 'cmake_clean_first' from command line to 'False'
[0.220s] Level 5:colcon.colcon_core.verb:set package 'line_follower_description' build argument 'cmake_force_configure' from command line to 'False'
[0.220s] Level 5:colcon.colcon_core.verb:set package 'line_follower_description' build argument 'ament_cmake_args' from command line to 'None'
[0.220s] Level 5:colcon.colcon_core.verb:set package 'line_follower_description' build argument 'catkin_cmake_args' from command line to 'None'
[0.220s] Level 5:colcon.colcon_core.verb:set package 'line_follower_description' build argument 'catkin_skip_building_tests' from command line to 'False'
[0.220s] DEBUG:colcon.colcon_core.verb:Building package 'line_follower_description' with the following arguments: {'ament_cmake_args': None, 'build_base': '/home/albert/Workspaces/line_follower/build/line_follower_description', 'catkin_cmake_args': None, 'catkin_skip_building_tests': False, 'cmake_args': None, 'cmake_clean_cache': False, 'cmake_clean_first': False, 'cmake_force_configure': False, 'cmake_target': None, 'cmake_target_skip_unavailable': False, 'install_base': '/home/albert/Workspaces/line_follower/install/line_follower_description', 'merge_install': False, 'path': '/home/albert/Workspaces/line_follower/src/line_follower_description', 'symlink_install': False, 'test_result_base': None}
[0.221s] Level 5:colcon.colcon_core.verb:set package 'software_actuators_cpp' build argument 'cmake_args' from command line to 'None'
[0.221s] Level 5:colcon.colcon_core.verb:set package 'software_actuators_cpp' build argument 'cmake_target' from command line to 'None'
[0.221s] Level 5:colcon.colcon_core.verb:set package 'software_actuators_cpp' build argument 'cmake_target_skip_unavailable' from command line to 'False'
[0.221s] Level 5:colcon.colcon_core.verb:set package 'software_actuators_cpp' build argument 'cmake_clean_cache' from command line to 'False'
[0.221s] Level 5:colcon.colcon_core.verb:set package 'software_actuators_cpp' build argument 'cmake_clean_first' from command line to 'False'
[0.221s] Level 5:colcon.colcon_core.verb:set package 'software_actuators_cpp' build argument 'cmake_force_configure' from command line to 'False'
[0.221s] Level 5:colcon.colcon_core.verb:set package 'software_actuators_cpp' build argument 'ament_cmake_args' from command line to 'None'
[0.221s] Level 5:colcon.colcon_core.verb:set package 'software_actuators_cpp' build argument 'catkin_cmake_args' from command line to 'None'
[0.221s] Level 5:colcon.colcon_core.verb:set package 'software_actuators_cpp' build argument 'catkin_skip_building_tests' from command line to 'False'
[0.221s] DEBUG:colcon.colcon_core.verb:Building package 'software_actuators_cpp' with the following arguments: {'ament_cmake_args': None, 'build_base': '/home/albert/Workspaces/line_follower/build/software_actuators_cpp', 'catkin_cmake_args': None, 'catkin_skip_building_tests': False, 'cmake_args': None, 'cmake_clean_cache': False, 'cmake_clean_first': False, 'cmake_force_configure': False, 'cmake_target': None, 'cmake_target_skip_unavailable': False, 'install_base': '/home/albert/Workspaces/line_follower/install/software_actuators_cpp', 'merge_install': False, 'path': '/home/albert/Workspaces/line_follower/src/software_actuators_cpp', 'symlink_install': False, 'test_result_base': None}
[0.221s] Level 5:colcon.colcon_core.verb:set package 'software_pid_controller' build argument 'cmake_args' from command line to 'None'
[0.221s] Level 5:colcon.colcon_core.verb:set package 'software_pid_controller' build argument 'cmake_target' from command line to 'None'
[0.221s] Level 5:colcon.colcon_core.verb:set package 'software_pid_controller' build argument 'cmake_target_skip_unavailable' from command line to 'False'
[0.221s] Level 5:colcon.colcon_core.verb:set package 'software_pid_controller' build argument 'cmake_clean_cache' from command line to 'False'
[0.221s] Level 5:colcon.colcon_core.verb:set package 'software_pid_controller' build argument 'cmake_clean_first' from command line to 'False'
[0.221s] Level 5:colcon.colcon_core.verb:set package 'software_pid_controller' build argument 'cmake_force_configure' from command line to 'False'
[0.221s] Level 5:colcon.colcon_core.verb:set package 'software_pid_controller' build argument 'ament_cmake_args' from command line to 'None'
[0.221s] Level 5:colcon.colcon_core.verb:set package 'software_pid_controller' build argument 'catkin_cmake_args' from command line to 'None'
[0.221s] Level 5:colcon.colcon_core.verb:set package 'software_pid_controller' build argument 'catkin_skip_building_tests' from command line to 'False'
[0.221s] DEBUG:colcon.colcon_core.verb:Building package 'software_pid_controller' with the following arguments: {'ament_cmake_args': None, 'build_base': '/home/albert/Workspaces/line_follower/build/software_pid_controller', 'catkin_cmake_args': None, 'catkin_skip_building_tests': False, 'cmake_args': None, 'cmake_clean_cache': False, 'cmake_clean_first': False, 'cmake_force_configure': False, 'cmake_target': None, 'cmake_target_skip_unavailable': False, 'install_base': '/home/albert/Workspaces/line_follower/install/software_pid_controller', 'merge_install': False, 'path': '/home/albert/Workspaces/line_follower/src/software_pid_controller', 'symlink_install': False, 'test_result_base': None}
[0.221s] Level 5:colcon.colcon_core.verb:set package 'software_sensors_py' build argument 'cmake_args' from command line to 'None'
[0.221s] Level 5:colcon.colcon_core.verb:set package 'software_sensors_py' build argument 'cmake_target' from command line to 'None'
[0.221s] Level 5:colcon.colcon_core.verb:set package 'software_sensors_py' build argument 'cmake_target_skip_unavailable' from command line to 'False'
[0.221s] Level 5:colcon.colcon_core.verb:set package 'software_sensors_py' build argument 'cmake_clean_cache' from command line to 'False'
[0.221s] Level 5:colcon.colcon_core.verb:set package 'software_sensors_py' build argument 'cmake_clean_first' from command line to 'False'
[0.221s] Level 5:colcon.colcon_core.verb:set package 'software_sensors_py' build argument 'cmake_force_configure' from command line to 'False'
[0.221s] Level 5:colcon.colcon_core.verb:set package 'software_sensors_py' build argument 'ament_cmake_args' from command line to 'None'
[0.221s] Level 5:colcon.colcon_core.verb:set package 'software_sensors_py' build argument 'catkin_cmake_args' from command line to 'None'
[0.221s] Level 5:colcon.colcon_core.verb:set package 'software_sensors_py' build argument 'catkin_skip_building_tests' from command line to 'False'
[0.221s] DEBUG:colcon.colcon_core.verb:Building package 'software_sensors_py' with the following arguments: {'ament_cmake_args': None, 'build_base': '/home/albert/Workspaces/line_follower/build/software_sensors_py', 'catkin_cmake_args': None, 'catkin_skip_building_tests': False, 'cmake_args': None, 'cmake_clean_cache': False, 'cmake_clean_first': False, 'cmake_force_configure': False, 'cmake_target': None, 'cmake_target_skip_unavailable': False, 'install_base': '/home/albert/Workspaces/line_follower/install/software_sensors_py', 'merge_install': False, 'path': '/home/albert/Workspaces/line_follower/src/software_sensors_py', 'symlink_install': False, 'test_result_base': None}
[0.222s] Level 5:colcon.colcon_core.verb:set package 'line_follower_bringup' build argument 'cmake_args' from command line to 'None'
[0.222s] Level 5:colcon.colcon_core.verb:set package 'line_follower_bringup' build argument 'cmake_target' from command line to 'None'
[0.222s] Level 5:colcon.colcon_core.verb:set package 'line_follower_bringup' build argument 'cmake_target_skip_unavailable' from command line to 'False'
[0.222s] Level 5:colcon.colcon_core.verb:set package 'line_follower_bringup' build argument 'cmake_clean_cache' from command line to 'False'
[0.222s] Level 5:colcon.colcon_core.verb:set package 'line_follower_bringup' build argument 'cmake_clean_first' from command line to 'False'
[0.222s] Level 5:colcon.colcon_core.verb:set package 'line_follower_bringup' build argument 'cmake_force_configure' from command line to 'False'
[0.222s] Level 5:colcon.colcon_core.verb:set package 'line_follower_bringup' build argument 'ament_cmake_args' from command line to 'None'
[0.222s] Level 5:colcon.colcon_core.verb:set package 'line_follower_bringup' build argument 'catkin_cmake_args' from command line to 'None'
[0.222s] Level 5:colcon.colcon_core.verb:set package 'line_follower_bringup' build argument 'catkin_skip_building_tests' from command line to 'False'
[0.222s] DEBUG:colcon.colcon_core.verb:Building package 'line_follower_bringup' with the following arguments: {'ament_cmake_args': None, 'build_base': '/home/albert/Workspaces/line_follower/build/line_follower_bringup', 'catkin_cmake_args': None, 'catkin_skip_building_tests': False, 'cmake_args': None, 'cmake_clean_cache': False, 'cmake_clean_first': False, 'cmake_force_configure': False, 'cmake_target': None, 'cmake_target_skip_unavailable': False, 'install_base': '/home/albert/Workspaces/line_follower/install/line_follower_bringup', 'merge_install': False, 'path': '/home/albert/Workspaces/line_follower/src/line_follower_bringup', 'symlink_install': False, 'test_result_base': None}
[0.222s] INFO:colcon.colcon_core.executor:Executing jobs using 'parallel' executor
[0.223s] DEBUG:colcon.colcon_parallel_executor.executor.parallel:run_until_complete
[0.223s] INFO:colcon.colcon_ros.task.ament_cmake.build:Building ROS package in '/home/albert/Workspaces/line_follower/src/line_follower_description' with build type 'ament_cmake'
[0.223s] INFO:colcon.colcon_cmake.task.cmake.build:Building CMake package in '/home/albert/Workspaces/line_follower/src/line_follower_description'
[0.224s] INFO:colcon.colcon_core.plugin_system:Skipping extension 'colcon_core.shell.bat': Not used on non-Windows systems
[0.224s] INFO:colcon.colcon_core.shell:Skip shell extension 'powershell' for command environment: Not usable outside of PowerShell
[0.224s] DEBUG:colcon.colcon_core.shell:Skip shell extension 'dsv' for command environment
[0.226s] INFO:colcon.colcon_ros.task.ament_cmake.build:Building ROS package in '/home/albert/Workspaces/line_follower/src/software_actuators_cpp' with build type 'ament_cmake'
[0.226s] INFO:colcon.colcon_cmake.task.cmake.build:Building CMake package in '/home/albert/Workspaces/line_follower/src/software_actuators_cpp'
[0.226s] INFO:colcon.colcon_core.shell:Skip shell extension 'powershell' for command environment: Not usable outside of PowerShell
[0.226s] DEBUG:colcon.colcon_core.shell:Skip shell extension 'dsv' for command environment
[0.228s] INFO:colcon.colcon_ros.task.ament_cmake.build:Building ROS package in '/home/albert/Workspaces/line_follower/src/software_pid_controller' with build type 'ament_cmake'
[0.228s] INFO:colcon.colcon_cmake.task.cmake.build:Building CMake package in '/home/albert/Workspaces/line_follower/src/software_pid_controller'
[0.228s] INFO:colcon.colcon_core.shell:Skip shell extension 'powershell' for command environment: Not usable outside of PowerShell
[0.228s] DEBUG:colcon.colcon_core.shell:Skip shell extension 'dsv' for command environment
[0.230s] INFO:colcon.colcon_ros.task.ament_python.build:Building ROS package in '/home/albert/Workspaces/line_follower/src/software_sensors_py' with build type 'ament_python'
[0.230s] Level 1:colcon.colcon_core.shell:create_environment_hook('software_sensors_py', 'ament_prefix_path')
[0.230s] INFO:colcon.colcon_core.shell:Creating environment hook '/home/albert/Workspaces/line_follower/install/software_sensors_py/share/software_sensors_py/hook/ament_prefix_path.ps1'
[0.230s] INFO:colcon.colcon_core.shell:Creating environment descriptor '/home/albert/Workspaces/line_follower/install/software_sensors_py/share/software_sensors_py/hook/ament_prefix_path.dsv'
[0.230s] INFO:colcon.colcon_core.shell:Creating environment hook '/home/albert/Workspaces/line_follower/install/software_sensors_py/share/software_sensors_py/hook/ament_prefix_path.sh'
[0.231s] INFO:colcon.colcon_core.shell:Skip shell extension 'powershell' for command environment: Not usable outside of PowerShell
[0.231s] DEBUG:colcon.colcon_core.shell:Skip shell extension 'dsv' for command environment
[0.236s] DEBUG:colcon.colcon_core.event_handler.log_command:Invoking command in '/home/albert/Workspaces/line_follower/build/line_follower_description': CMAKE_PREFIX_PATH=/opt/ros/humble /usr/bin/cmake --build /home/albert/Workspaces/line_follower/build/line_follower_description -- -j20 -l20
[0.237s] DEBUG:colcon.colcon_core.event_handler.log_command:Invoking command in '/home/albert/Workspaces/line_follower/build/software_actuators_cpp': CMAKE_PREFIX_PATH=/opt/ros/humble /usr/bin/cmake --build /home/albert/Workspaces/line_follower/build/software_actuators_cpp -- -j20 -l20
[0.239s] DEBUG:colcon.colcon_core.event_handler.log_command:Invoking command in '/home/albert/Workspaces/line_follower/build/software_pid_controller': CMAKE_PREFIX_PATH=/opt/ros/humble /usr/bin/cmake --build /home/albert/Workspaces/line_follower/build/software_pid_controller -- -j20 -l20
[0.391s] INFO:colcon.colcon_core.task.python.build:Building Python package in '/home/albert/Workspaces/line_follower/src/software_sensors_py'
[0.391s] INFO:colcon.colcon_core.shell:Skip shell extension 'powershell' for command environment: Not usable outside of PowerShell
[0.391s] DEBUG:colcon.colcon_core.shell:Skip shell extension 'dsv' for command environment
[0.394s] DEBUG:colcon.colcon_core.event_handler.log_command:Invoked command in '/home/albert/Workspaces/line_follower/build/software_actuators_cpp' returned '0': CMAKE_PREFIX_PATH=/opt/ros/humble /usr/bin/cmake --build /home/albert/Workspaces/line_follower/build/software_actuators_cpp -- -j20 -l20
[0.395s] DEBUG:colcon.colcon_core.event_handler.log_command:Invoked command in '/home/albert/Workspaces/line_follower/build/line_follower_description' returned '0': CMAKE_PREFIX_PATH=/opt/ros/humble /usr/bin/cmake --build /home/albert/Workspaces/line_follower/build/line_follower_description -- -j20 -l20
[0.418s] DEBUG:colcon.colcon_core.event_handler.log_command:Invoking command in '/home/albert/Workspaces/line_follower/build/software_actuators_cpp': CMAKE_PREFIX_PATH=/opt/ros/humble /usr/bin/cmake --install /home/albert/Workspaces/line_follower/build/software_actuators_cpp
[0.420s] DEBUG:colcon.colcon_core.event_handler.log_command:Invoking command in '/home/albert/Workspaces/line_follower/build/line_follower_description': CMAKE_PREFIX_PATH=/opt/ros/humble /usr/bin/cmake --install /home/albert/Workspaces/line_follower/build/line_follower_description
[0.425s] Level 1:colcon.colcon_core.environment:create_environment_scripts_only(software_actuators_cpp)
[0.425s] DEBUG:colcon.colcon_core.event_handler.log_command:Invoked command in '/home/albert/Workspaces/line_follower/build/software_actuators_cpp' returned '0': CMAKE_PREFIX_PATH=/opt/ros/humble /usr/bin/cmake --install /home/albert/Workspaces/line_follower/build/software_actuators_cpp
[0.427s] Level 1:colcon.colcon_core.environment:checking '/home/albert/Workspaces/line_follower/install/software_actuators_cpp' for CMake module files
[0.429s] Level 1:colcon.colcon_core.environment:checking '/home/albert/Workspaces/line_follower/install/software_actuators_cpp' for CMake config files
[0.430s] Level 1:colcon.colcon_core.shell:create_environment_hook('software_actuators_cpp', 'cmake_prefix_path')
[0.430s] INFO:colcon.colcon_core.shell:Creating environment hook '/home/albert/Workspaces/line_follower/install/software_actuators_cpp/share/software_actuators_cpp/hook/cmake_prefix_path.ps1'
[0.431s] INFO:colcon.colcon_core.shell:Creating environment descriptor '/home/albert/Workspaces/line_follower/install/software_actuators_cpp/share/software_actuators_cpp/hook/cmake_prefix_path.dsv'
[0.432s] INFO:colcon.colcon_core.shell:Creating environment hook '/home/albert/Workspaces/line_follower/install/software_actuators_cpp/share/software_actuators_cpp/hook/cmake_prefix_path.sh'
[0.432s] Level 1:colcon.colcon_core.environment:checking '/home/albert/Workspaces/line_follower/install/software_actuators_cpp/bin'
[0.432s] Level 1:colcon.colcon_core.environment:checking '/home/albert/Workspaces/line_follower/install/software_actuators_cpp/lib/pkgconfig/software_actuators_cpp.pc'
[0.432s] Level 1:colcon.colcon_core.environment:checking '/home/albert/Workspaces/line_follower/install/software_actuators_cpp/lib/python3.10/site-packages'
[0.433s] Level 1:colcon.colcon_core.environment:checking '/home/albert/Workspaces/line_follower/install/software_actuators_cpp/bin'
[0.433s] INFO:colcon.colcon_core.shell:Creating package script '/home/albert/Workspaces/line_follower/install/software_actuators_cpp/share/software_actuators_cpp/package.ps1'
[0.434s] INFO:colcon.colcon_core.shell:Creating package descriptor '/home/albert/Workspaces/line_follower/install/software_actuators_cpp/share/software_actuators_cpp/package.dsv'
[0.434s] INFO:colcon.colcon_core.shell:Creating package script '/home/albert/Workspaces/line_follower/install/software_actuators_cpp/share/software_actuators_cpp/package.sh'
[0.434s] INFO:colcon.colcon_core.shell:Creating package script '/home/albert/Workspaces/line_follower/install/software_actuators_cpp/share/software_actuators_cpp/package.bash'
[0.435s] INFO:colcon.colcon_core.shell:Creating package script '/home/albert/Workspaces/line_follower/install/software_actuators_cpp/share/software_actuators_cpp/package.zsh'
[0.435s] Level 1:colcon.colcon_core.environment:create_file_with_runtime_dependencies(/home/albert/Workspaces/line_follower/install/software_actuators_cpp/share/colcon-core/packages/software_actuators_cpp)
[0.437s] Level 1:colcon.colcon_core.environment:create_environment_scripts_only(line_follower_description)
[0.437s] Level 1:colcon.colcon_core.environment:checking '/home/albert/Workspaces/line_follower/install/line_follower_description' for CMake module files
[0.437s] DEBUG:colcon.colcon_core.event_handler.log_command:Invoked command in '/home/albert/Workspaces/line_follower/build/line_follower_description' returned '0': CMAKE_PREFIX_PATH=/opt/ros/humble /usr/bin/cmake --install /home/albert/Workspaces/line_follower/build/line_follower_description
[0.438s] Level 1:colcon.colcon_core.environment:checking '/home/albert/Workspaces/line_follower/install/line_follower_description' for CMake config files
[0.438s] Level 1:colcon.colcon_core.shell:create_environment_hook('line_follower_description', 'cmake_prefix_path')
[0.438s] INFO:colcon.colcon_core.shell:Creating environment hook '/home/albert/Workspaces/line_follower/install/line_follower_description/share/line_follower_description/hook/cmake_prefix_path.ps1'
[0.439s] INFO:colcon.colcon_core.shell:Creating environment descriptor '/home/albert/Workspaces/line_follower/install/line_follower_description/share/line_follower_description/hook/cmake_prefix_path.dsv'
[0.439s] INFO:colcon.colcon_core.shell:Creating environment hook '/home/albert/Workspaces/line_follower/install/line_follower_description/share/line_follower_description/hook/cmake_prefix_path.sh'
[0.439s] Level 1:colcon.colcon_core.environment:checking '/home/albert/Workspaces/line_follower/install/line_follower_description/bin'
[0.440s] Level 1:colcon.colcon_core.environment:checking '/home/albert/Workspaces/line_follower/install/line_follower_description/lib/pkgconfig/line_follower_description.pc'
[0.440s] Level 1:colcon.colcon_core.environment:checking '/home/albert/Workspaces/line_follower/install/line_follower_description/lib/python3.10/site-packages'
[0.440s] Level 1:colcon.colcon_core.environment:checking '/home/albert/Workspaces/line_follower/install/line_follower_description/bin'
[0.440s] INFO:colcon.colcon_core.shell:Creating package script '/home/albert/Workspaces/line_follower/install/line_follower_description/share/line_follower_description/package.ps1'
[0.440s] INFO:colcon.colcon_core.shell:Creating package descriptor '/home/albert/Workspaces/line_follower/install/line_follower_description/share/line_follower_description/package.dsv'
[0.440s] INFO:colcon.colcon_core.shell:Creating package script '/home/albert/Workspaces/line_follower/install/line_follower_description/share/line_follower_description/package.sh'
[0.441s] INFO:colcon.colcon_core.shell:Creating package script '/home/albert/Workspaces/line_follower/install/line_follower_description/share/line_follower_description/package.bash'
[0.441s] INFO:colcon.colcon_core.shell:Creating package script '/home/albert/Workspaces/line_follower/install/line_follower_description/share/line_follower_description/package.zsh'
[0.441s] Level 1:colcon.colcon_core.environment:create_file_with_runtime_dependencies(/home/albert/Workspaces/line_follower/install/line_follower_description/share/colcon-core/packages/line_follower_description)
[0.452s] Level 1:colcon.colcon_core.environment:create_environment_scripts_only(software_actuators_cpp)
[0.452s] Level 1:colcon.colcon_core.environment:checking '/home/albert/Workspaces/line_follower/install/software_actuators_cpp' for CMake module files
[0.453s] Level 1:colcon.colcon_core.environment:checking '/home/albert/Workspaces/line_follower/install/software_actuators_cpp' for CMake config files
[0.453s] Level 1:colcon.colcon_core.shell:create_environment_hook('software_actuators_cpp', 'cmake_prefix_path')
[0.453s] INFO:colcon.colcon_core.shell:Creating environment hook '/home/albert/Workspaces/line_follower/install/software_actuators_cpp/share/software_actuators_cpp/hook/cmake_prefix_path.ps1'
[0.453s] INFO:colcon.colcon_core.shell:Creating environment descriptor '/home/albert/Workspaces/line_follower/install/software_actuators_cpp/share/software_actuators_cpp/hook/cmake_prefix_path.dsv'
[0.453s] INFO:colcon.colcon_core.shell:Creating environment hook '/home/albert/Workspaces/line_follower/install/software_actuators_cpp/share/software_actuators_cpp/hook/cmake_prefix_path.sh'
[0.454s] Level 1:colcon.colcon_core.environment:checking '/home/albert/Workspaces/line_follower/install/software_actuators_cpp/bin'
[0.454s] Level 1:colcon.colcon_core.environment:checking '/home/albert/Workspaces/line_follower/install/software_actuators_cpp/lib/pkgconfig/software_actuators_cpp.pc'
[0.454s] Level 1:colcon.colcon_core.environment:checking '/home/albert/Workspaces/line_follower/install/software_actuators_cpp/lib/python3.10/site-packages'
[0.454s] Level 1:colcon.colcon_core.environment:checking '/home/albert/Workspaces/line_follower/install/software_actuators_cpp/bin'
[0.454s] INFO:colcon.colcon_core.shell:Creating package script '/home/albert/Workspaces/line_follower/install/software_actuators_cpp/share/software_actuators_cpp/package.ps1'
[0.455s] INFO:colcon.colcon_core.shell:Creating package descriptor '/home/albert/Workspaces/line_follower/install/software_actuators_cpp/share/software_actuators_cpp/package.dsv'
[0.455s] INFO:colcon.colcon_core.shell:Creating package script '/home/albert/Workspaces/line_follower/install/software_actuators_cpp/share/software_actuators_cpp/package.sh'
[0.455s] INFO:colcon.colcon_core.shell:Creating package script '/home/albert/Workspaces/line_follower/install/software_actuators_cpp/share/software_actuators_cpp/package.bash'
[0.455s] INFO:colcon.colcon_core.shell:Creating package script '/home/albert/Workspaces/line_follower/install/software_actuators_cpp/share/software_actuators_cpp/package.zsh'
[0.456s] Level 1:colcon.colcon_core.environment:create_file_with_runtime_dependencies(/home/albert/Workspaces/line_follower/install/software_actuators_cpp/share/colcon-core/packages/software_actuators_cpp)
[0.457s] Level 1:colcon.colcon_core.environment:create_environment_scripts_only(line_follower_description)
[0.457s] Level 1:colcon.colcon_core.environment:checking '/home/albert/Workspaces/line_follower/install/line_follower_description' for CMake module files
[0.457s] Level 1:colcon.colcon_core.environment:checking '/home/albert/Workspaces/line_follower/install/line_follower_description' for CMake config files
[0.457s] Level 1:colcon.colcon_core.shell:create_environment_hook('line_follower_description', 'cmake_prefix_path')
[0.458s] INFO:colcon.colcon_core.shell:Creating environment hook '/home/albert/Workspaces/line_follower/install/line_follower_description/share/line_follower_description/hook/cmake_prefix_path.ps1'
[0.458s] INFO:colcon.colcon_core.shell:Creating environment descriptor '/home/albert/Workspaces/line_follower/install/line_follower_description/share/line_follower_description/hook/cmake_prefix_path.dsv'
[0.458s] INFO:colcon.colcon_core.shell:Creating environment hook '/home/albert/Workspaces/line_follower/install/line_follower_description/share/line_follower_description/hook/cmake_prefix_path.sh'
[0.458s] Level 1:colcon.colcon_core.environment:checking '/home/albert/Workspaces/line_follower/install/line_follower_description/bin'
[0.458s] Level 1:colcon.colcon_core.environment:checking '/home/albert/Workspaces/line_follower/install/line_follower_description/lib/pkgconfig/line_follower_description.pc'
[0.459s] Level 1:colcon.colcon_core.environment:checking '/home/albert/Workspaces/line_follower/install/line_follower_description/lib/python3.10/site-packages'
[0.459s] Level 1:colcon.colcon_core.environment:checking '/home/albert/Workspaces/line_follower/install/line_follower_description/bin'
[0.459s] INFO:colcon.colcon_core.shell:Creating package script '/home/albert/Workspaces/line_follower/install/line_follower_description/share/line_follower_description/package.ps1'
[0.459s] INFO:colcon.colcon_core.shell:Creating package descriptor '/home/albert/Workspaces/line_follower/install/line_follower_description/share/line_follower_description/package.dsv'
[0.460s] INFO:colcon.colcon_core.shell:Creating package script '/home/albert/Workspaces/line_follower/install/line_follower_description/share/line_follower_description/package.sh'
[0.460s] INFO:colcon.colcon_core.shell:Creating package script '/home/albert/Workspaces/line_follower/install/line_follower_description/share/line_follower_description/package.bash'
[0.460s] INFO:colcon.colcon_core.shell:Creating package script '/home/albert/Workspaces/line_follower/install/line_follower_description/share/line_follower_description/package.zsh'
[0.460s] Level 1:colcon.colcon_core.environment:create_file_with_runtime_dependencies(/home/albert/Workspaces/line_follower/install/line_follower_description/share/colcon-core/packages/line_follower_description)
[0.460s] INFO:colcon.colcon_ros.task.ament_cmake.build:Building ROS package in '/home/albert/Workspaces/line_follower/src/line_follower_bringup' with build type 'ament_cmake'
[0.461s] INFO:colcon.colcon_cmake.task.cmake.build:Building CMake package in '/home/albert/Workspaces/line_follower/src/line_follower_bringup'
[0.461s] INFO:colcon.colcon_core.shell:Skip shell extension 'powershell' for command environment: Not usable outside of PowerShell
[0.461s] DEBUG:colcon.colcon_core.shell:Skip shell extension 'dsv' for command environment
[0.469s] DEBUG:colcon.colcon_core.event_handler.log_command:Invoking command in '/home/albert/Workspaces/line_follower/build/line_follower_bringup': AMENT_PREFIX_PATH=/home/albert/Workspaces/line_follower/install/line_follower_description:${AMENT_PREFIX_PATH} CMAKE_PREFIX_PATH=/home/albert/Workspaces/line_follower/install/line_follower_description:/opt/ros/humble /usr/bin/cmake --build /home/albert/Workspaces/line_follower/build/line_follower_bringup -- -j20 -l20
[0.499s] DEBUG:colcon.colcon_core.event_handler.log_command:Invoked command in '/home/albert/Workspaces/line_follower/build/line_follower_bringup' returned '0': AMENT_PREFIX_PATH=/home/albert/Workspaces/line_follower/install/line_follower_description:${AMENT_PREFIX_PATH} CMAKE_PREFIX_PATH=/home/albert/Workspaces/line_follower/install/line_follower_description:/opt/ros/humble /usr/bin/cmake --build /home/albert/Workspaces/line_follower/build/line_follower_bringup -- -j20 -l20
[0.517s] DEBUG:colcon.colcon_core.event_handler.log_command:Invoking command in '/home/albert/Workspaces/line_follower/build/line_follower_bringup': AMENT_PREFIX_PATH=/home/albert/Workspaces/line_follower/install/line_follower_description:${AMENT_PREFIX_PATH} CMAKE_PREFIX_PATH=/home/albert/Workspaces/line_follower/install/line_follower_description:/opt/ros/humble /usr/bin/cmake --install /home/albert/Workspaces/line_follower/build/line_follower_bringup
[0.524s] Level 1:colcon.colcon_core.environment:create_environment_scripts_only(line_follower_bringup)
[0.524s] Level 1:colcon.colcon_core.environment:checking '/home/albert/Workspaces/line_follower/install/line_follower_bringup' for CMake module files
[0.525s] DEBUG:colcon.colcon_core.event_handler.log_command:Invoked command in '/home/albert/Workspaces/line_follower/build/line_follower_bringup' returned '0': AMENT_PREFIX_PATH=/home/albert/Workspaces/line_follower/install/line_follower_description:${AMENT_PREFIX_PATH} CMAKE_PREFIX_PATH=/home/albert/Workspaces/line_follower/install/line_follower_description:/opt/ros/humble /usr/bin/cmake --install /home/albert/Workspaces/line_follower/build/line_follower_bringup
[0.525s] Level 1:colcon.colcon_core.environment:checking '/home/albert/Workspaces/line_follower/install/line_follower_bringup' for CMake config files
[0.525s] Level 1:colcon.colcon_core.shell:create_environment_hook('line_follower_bringup', 'cmake_prefix_path')
[0.525s] INFO:colcon.colcon_core.shell:Creating environment hook '/home/albert/Workspaces/line_follower/install/line_follower_bringup/share/line_follower_bringup/hook/cmake_prefix_path.ps1'
[0.526s] INFO:colcon.colcon_core.shell:Creating environment descriptor '/home/albert/Workspaces/line_follower/install/line_follower_bringup/share/line_follower_bringup/hook/cmake_prefix_path.dsv'
[0.526s] INFO:colcon.colcon_core.shell:Creating environment hook '/home/albert/Workspaces/line_follower/install/line_follower_bringup/share/line_follower_bringup/hook/cmake_prefix_path.sh'
[0.526s] Level 1:colcon.colcon_core.environment:checking '/home/albert/Workspaces/line_follower/install/line_follower_bringup/bin'
[0.526s] Level 1:colcon.colcon_core.environment:checking '/home/albert/Workspaces/line_follower/install/line_follower_bringup/lib/pkgconfig/line_follower_bringup.pc'
[0.527s] Level 1:colcon.colcon_core.environment:checking '/home/albert/Workspaces/line_follower/install/line_follower_bringup/lib/python3.10/site-packages'
[0.527s] Level 1:colcon.colcon_core.environment:checking '/home/albert/Workspaces/line_follower/install/line_follower_bringup/bin'
[0.527s] INFO:colcon.colcon_core.shell:Creating package script '/home/albert/Workspaces/line_follower/install/line_follower_bringup/share/line_follower_bringup/package.ps1'
[0.527s] INFO:colcon.colcon_core.shell:Creating package descriptor '/home/albert/Workspaces/line_follower/install/line_follower_bringup/share/line_follower_bringup/package.dsv'
[0.527s] INFO:colcon.colcon_core.shell:Creating package script '/home/albert/Workspaces/line_follower/install/line_follower_bringup/share/line_follower_bringup/package.sh'
[0.528s] INFO:colcon.colcon_core.shell:Creating package script '/home/albert/Workspaces/line_follower/install/line_follower_bringup/share/line_follower_bringup/package.bash'
[0.528s] INFO:colcon.colcon_core.shell:Creating package script '/home/albert/Workspaces/line_follower/install/line_follower_bringup/share/line_follower_bringup/package.zsh'
[0.528s] Level 1:colcon.colcon_core.environment:create_file_with_runtime_dependencies(/home/albert/Workspaces/line_follower/install/line_follower_bringup/share/colcon-core/packages/line_follower_bringup)
[0.544s] Level 1:colcon.colcon_core.environment:create_environment_scripts_only(line_follower_bringup)
[0.545s] Level 1:colcon.colcon_core.environment:checking '/home/albert/Workspaces/line_follower/install/line_follower_bringup' for CMake module files
[0.545s] Level 1:colcon.colcon_core.environment:checking '/home/albert/Workspaces/line_follower/install/line_follower_bringup' for CMake config files
[0.545s] Level 1:colcon.colcon_core.shell:create_environment_hook('line_follower_bringup', 'cmake_prefix_path')
[0.545s] INFO:colcon.colcon_core.shell:Creating environment hook '/home/albert/Workspaces/line_follower/install/line_follower_bringup/share/line_follower_bringup/hook/cmake_prefix_path.ps1'
[0.546s] INFO:colcon.colcon_core.shell:Creating environment descriptor '/home/albert/Workspaces/line_follower/install/line_follower_bringup/share/line_follower_bringup/hook/cmake_prefix_path.dsv'
[0.546s] INFO:colcon.colcon_core.shell:Creating environment hook '/home/albert/Workspaces/line_follower/install/line_follower_bringup/share/line_follower_bringup/hook/cmake_prefix_path.sh'
[0.546s] Level 1:colcon.colcon_core.environment:checking '/home/albert/Workspaces/line_follower/install/line_follower_bringup/bin'
[0.546s] Level 1:colcon.colcon_core.environment:checking '/home/albert/Workspaces/line_follower/install/line_follower_bringup/lib/pkgconfig/line_follower_bringup.pc'
[0.546s] Level 1:colcon.colcon_core.environment:checking '/home/albert/Workspaces/line_follower/install/line_follower_bringup/lib/python3.10/site-packages'
[0.547s] Level 1:colcon.colcon_core.environment:checking '/home/albert/Workspaces/line_follower/install/line_follower_bringup/bin'
[0.547s] INFO:colcon.colcon_core.shell:Creating package script '/home/albert/Workspaces/line_follower/install/line_follower_bringup/share/line_follower_bringup/package.ps1'
[0.547s] INFO:colcon.colcon_core.shell:Creating package descriptor '/home/albert/Workspaces/line_follower/install/line_follower_bringup/share/line_follower_bringup/package.dsv'
[0.547s] INFO:colcon.colcon_core.shell:Creating package script '/home/albert/Workspaces/line_follower/install/line_follower_bringup/share/line_follower_bringup/package.sh'
[0.548s] INFO:colcon.colcon_core.shell:Creating package script '/home/albert/Workspaces/line_follower/install/line_follower_bringup/share/line_follower_bringup/package.bash'
[0.548s] INFO:colcon.colcon_core.shell:Creating package script '/home/albert/Workspaces/line_follower/install/line_follower_bringup/share/line_follower_bringup/package.zsh'
[0.548s] Level 1:colcon.colcon_core.environment:create_file_with_runtime_dependencies(/home/albert/Workspaces/line_follower/install/line_follower_bringup/share/colcon-core/packages/line_follower_bringup)
[0.637s] DEBUG:colcon.colcon_core.event_handler.log_command:Invoking command in '/home/albert/Workspaces/line_follower/src/software_sensors_py': PYTHONPATH=/home/albert/Workspaces/line_follower/build/software_sensors_py/prefix_override:/home/albert/Workspaces/line_follower/install/software_sensors_py/lib/python3.10/site-packages:${PYTHONPATH} /usr/bin/python3 -W ignore:setup.py install is deprecated setup.py egg_info --egg-base ../../build/software_sensors_py build --build-base /home/albert/Workspaces/line_follower/build/software_sensors_py/build install --record /home/albert/Workspaces/line_follower/build/software_sensors_py/install.log --single-version-externally-managed install_data
[0.830s] Level 1:colcon.colcon_core.environment:checking '/home/albert/Workspaces/line_follower/install/software_sensors_py' for CMake module files
[0.831s] DEBUG:colcon.colcon_core.event_handler.log_command:Invoked command in '/home/albert/Workspaces/line_follower/src/software_sensors_py' returned '0': PYTHONPATH=/home/albert/Workspaces/line_follower/build/software_sensors_py/prefix_override:/home/albert/Workspaces/line_follower/install/software_sensors_py/lib/python3.10/site-packages:${PYTHONPATH} /usr/bin/python3 -W ignore:setup.py install is deprecated setup.py egg_info --egg-base ../../build/software_sensors_py build --build-base /home/albert/Workspaces/line_follower/build/software_sensors_py/build install --record /home/albert/Workspaces/line_follower/build/software_sensors_py/install.log --single-version-externally-managed install_data
[0.831s] Level 1:colcon.colcon_core.environment:checking '/home/albert/Workspaces/line_follower/install/software_sensors_py' for CMake config files
[0.832s] Level 1:colcon.colcon_core.environment:checking '/home/albert/Workspaces/line_follower/install/software_sensors_py/lib'
[0.832s] Level 1:colcon.colcon_core.environment:checking '/home/albert/Workspaces/line_follower/install/software_sensors_py/bin'
[0.832s] Level 1:colcon.colcon_core.environment:checking '/home/albert/Workspaces/line_follower/install/software_sensors_py/lib/pkgconfig/software_sensors_py.pc'
[0.832s] Level 1:colcon.colcon_core.environment:checking '/home/albert/Workspaces/line_follower/install/software_sensors_py/lib/python3.10/site-packages'
[0.832s] Level 1:colcon.colcon_core.shell:create_environment_hook('software_sensors_py', 'pythonpath')
[0.832s] INFO:colcon.colcon_core.shell:Creating environment hook '/home/albert/Workspaces/line_follower/install/software_sensors_py/share/software_sensors_py/hook/pythonpath.ps1'
[0.833s] INFO:colcon.colcon_core.shell:Creating environment descriptor '/home/albert/Workspaces/line_follower/install/software_sensors_py/share/software_sensors_py/hook/pythonpath.dsv'
[0.833s] INFO:colcon.colcon_core.shell:Creating environment hook '/home/albert/Workspaces/line_follower/install/software_sensors_py/share/software_sensors_py/hook/pythonpath.sh'
[0.833s] Level 1:colcon.colcon_core.environment:checking '/home/albert/Workspaces/line_follower/install/software_sensors_py/bin'
[0.833s] Level 1:colcon.colcon_core.environment:create_environment_scripts_only(software_sensors_py)
[0.833s] INFO:colcon.colcon_core.shell:Creating package script '/home/albert/Workspaces/line_follower/install/software_sensors_py/share/software_sensors_py/package.ps1'
[0.834s] INFO:colcon.colcon_core.shell:Creating package descriptor '/home/albert/Workspaces/line_follower/install/software_sensors_py/share/software_sensors_py/package.dsv'
[0.834s] INFO:colcon.colcon_core.shell:Creating package script '/home/albert/Workspaces/line_follower/install/software_sensors_py/share/software_sensors_py/package.sh'
[0.834s] INFO:colcon.colcon_core.shell:Creating package script '/home/albert/Workspaces/line_follower/install/software_sensors_py/share/software_sensors_py/package.bash'
[0.834s] INFO:colcon.colcon_core.shell:Creating package script '/home/albert/Workspaces/line_follower/install/software_sensors_py/share/software_sensors_py/package.zsh'
[0.835s] Level 1:colcon.colcon_core.environment:create_file_with_runtime_dependencies(/home/albert/Workspaces/line_follower/install/software_sensors_py/share/colcon-core/packages/software_sensors_py)
[5.840s] DEBUG:colcon.colcon_core.event_handler.log_command:Invoked command in '/home/albert/Workspaces/line_follower/build/software_pid_controller' returned '0': CMAKE_PREFIX_PATH=/opt/ros/humble /usr/bin/cmake --build /home/albert/Workspaces/line_follower/build/software_pid_controller -- -j20 -l20
[5.857s] DEBUG:colcon.colcon_core.event_handler.log_command:Invoking command in '/home/albert/Workspaces/line_follower/build/software_pid_controller': CMAKE_PREFIX_PATH=/opt/ros/humble /usr/bin/cmake --install /home/albert/Workspaces/line_follower/build/software_pid_controller
[5.869s] Level 1:colcon.colcon_core.environment:create_environment_scripts_only(software_pid_controller)
[5.869s] DEBUG:colcon.colcon_core.event_handler.log_command:Invoked command in '/home/albert/Workspaces/line_follower/build/software_pid_controller' returned '0': CMAKE_PREFIX_PATH=/opt/ros/humble /usr/bin/cmake --install /home/albert/Workspaces/line_follower/build/software_pid_controller
[5.869s] Level 1:colcon.colcon_core.environment:checking '/home/albert/Workspaces/line_follower/install/software_pid_controller' for CMake module files
[5.870s] Level 1:colcon.colcon_core.environment:checking '/home/albert/Workspaces/line_follower/install/software_pid_controller' for CMake config files
[5.870s] Level 1:colcon.colcon_core.shell:create_environment_hook('software_pid_controller', 'cmake_prefix_path')
[5.870s] INFO:colcon.colcon_core.shell:Creating environment hook '/home/albert/Workspaces/line_follower/install/software_pid_controller/share/software_pid_controller/hook/cmake_prefix_path.ps1'
[5.870s] INFO:colcon.colcon_core.shell:Creating environment descriptor '/home/albert/Workspaces/line_follower/install/software_pid_controller/share/software_pid_controller/hook/cmake_prefix_path.dsv'
[5.870s] INFO:colcon.colcon_core.shell:Creating environment hook '/home/albert/Workspaces/line_follower/install/software_pid_controller/share/software_pid_controller/hook/cmake_prefix_path.sh'
[5.871s] Level 1:colcon.colcon_core.environment:checking '/home/albert/Workspaces/line_follower/install/software_pid_controller/lib'
[5.871s] Level 1:colcon.colcon_core.environment:checking '/home/albert/Workspaces/line_follower/install/software_pid_controller/bin'
[5.871s] Level 1:colcon.colcon_core.environment:checking '/home/albert/Workspaces/line_follower/install/software_pid_controller/lib/pkgconfig/software_pid_controller.pc'
[5.871s] Level 1:colcon.colcon_core.environment:checking '/home/albert/Workspaces/line_follower/install/software_pid_controller/lib/python3.10/site-packages'
[5.871s] Level 1:colcon.colcon_core.environment:checking '/home/albert/Workspaces/line_follower/install/software_pid_controller/bin'
[5.872s] INFO:colcon.colcon_core.shell:Creating package script '/home/albert/Workspaces/line_follower/install/software_pid_controller/share/software_pid_controller/package.ps1'
[5.872s] INFO:colcon.colcon_core.shell:Creating package descriptor '/home/albert/Workspaces/line_follower/install/software_pid_controller/share/software_pid_controller/package.dsv'
[5.872s] INFO:colcon.colcon_core.shell:Creating package script '/home/albert/Workspaces/line_follower/install/software_pid_controller/share/software_pid_controller/package.sh'
[5.873s] INFO:colcon.colcon_core.shell:Creating package script '/home/albert/Workspaces/line_follower/install/software_pid_controller/share/software_pid_controller/package.bash'
[5.873s] INFO:colcon.colcon_core.shell:Creating package script '/home/albert/Workspaces/line_follower/install/software_pid_controller/share/software_pid_controller/package.zsh'
[5.873s] Level 1:colcon.colcon_core.environment:create_file_with_runtime_dependencies(/home/albert/Workspaces/line_follower/install/software_pid_controller/share/colcon-core/packages/software_pid_controller)
[5.907s] Level 1:colcon.colcon_core.environment:create_environment_scripts_only(software_pid_controller)
[5.908s] Level 1:colcon.colcon_core.environment:checking '/home/albert/Workspaces/line_follower/install/software_pid_controller' for CMake module files
[5.908s] Level 1:colcon.colcon_core.environment:checking '/home/albert/Workspaces/line_follower/install/software_pid_controller' for CMake config files
[5.909s] Level 1:colcon.colcon_core.shell:create_environment_hook('software_pid_controller', 'cmake_prefix_path')
[5.909s] INFO:colcon.colcon_core.shell:Creating environment hook '/home/albert/Workspaces/line_follower/install/software_pid_controller/share/software_pid_controller/hook/cmake_prefix_path.ps1'
[5.910s] INFO:colcon.colcon_core.shell:Creating environment descriptor '/home/albert/Workspaces/line_follower/install/software_pid_controller/share/software_pid_controller/hook/cmake_prefix_path.dsv'
[5.911s] INFO:colcon.colcon_core.shell:Creating environment hook '/home/albert/Workspaces/line_follower/install/software_pid_controller/share/software_pid_controller/hook/cmake_prefix_path.sh'
[5.912s] Level 1:colcon.colcon_core.environment:checking '/home/albert/Workspaces/line_follower/install/software_pid_controller/lib'
[5.912s] Level 1:colcon.colcon_core.environment:checking '/home/albert/Workspaces/line_follower/install/software_pid_controller/bin'
[5.912s] Level 1:colcon.colcon_core.environment:checking '/home/albert/Workspaces/line_follower/install/software_pid_controller/lib/pkgconfig/software_pid_controller.pc'
[5.912s] Level 1:colcon.colcon_core.environment:checking '/home/albert/Workspaces/line_follower/install/software_pid_controller/lib/python3.10/site-packages'
[5.913s] Level 1:colcon.colcon_core.environment:checking '/home/albert/Workspaces/line_follower/install/software_pid_controller/bin'
[5.913s] INFO:colcon.colcon_core.shell:Creating package script '/home/albert/Workspaces/line_follower/install/software_pid_controller/share/software_pid_controller/package.ps1'
[5.914s] INFO:colcon.colcon_core.shell:Creating package descriptor '/home/albert/Workspaces/line_follower/install/software_pid_controller/share/software_pid_controller/package.dsv'
[5.915s] INFO:colcon.colcon_core.shell:Creating package script '/home/albert/Workspaces/line_follower/install/software_pid_controller/share/software_pid_controller/package.sh'
[5.915s] INFO:colcon.colcon_core.shell:Creating package script '/home/albert/Workspaces/line_follower/install/software_pid_controller/share/software_pid_controller/package.bash'
[5.916s] INFO:colcon.colcon_core.shell:Creating package script '/home/albert/Workspaces/line_follower/install/software_pid_controller/share/software_pid_controller/package.zsh'
[5.916s] Level 1:colcon.colcon_core.environment:create_file_with_runtime_dependencies(/home/albert/Workspaces/line_follower/install/software_pid_controller/share/colcon-core/packages/software_pid_controller)
[5.916s] DEBUG:colcon.colcon_parallel_executor.executor.parallel:closing loop
[5.917s] DEBUG:colcon.colcon_parallel_executor.executor.parallel:loop closed
[5.917s] DEBUG:colcon.colcon_parallel_executor.executor.parallel:run_until_complete finished with '0'
[5.917s] DEBUG:colcon.colcon_core.event_reactor:joining thread
[5.925s] INFO:colcon.colcon_core.plugin_system:Skipping extension 'colcon_notification.desktop_notification.terminal_notifier': Not used on non-Darwin systems
[5.925s] INFO:colcon.colcon_core.plugin_system:Skipping extension 'colcon_notification.desktop_notification.win32': Not used on non-Windows systems
[5.925s] INFO:colcon.colcon_notification.desktop_notification:Sending desktop notification using 'notify2'
[5.946s] DEBUG:colcon.colcon_core.event_reactor:joined thread
[5.946s] INFO:colcon.colcon_core.shell:Creating prefix script '/home/albert/Workspaces/line_follower/install/local_setup.ps1'
[5.947s] INFO:colcon.colcon_core.shell:Creating prefix util module '/home/albert/Workspaces/line_follower/install/_local_setup_util_ps1.py'
[5.948s] INFO:colcon.colcon_core.shell:Creating prefix chain script '/home/albert/Workspaces/line_follower/install/setup.ps1'
[5.949s] INFO:colcon.colcon_core.shell:Creating prefix script '/home/albert/Workspaces/line_follower/install/local_setup.sh'
[5.950s] INFO:colcon.colcon_core.shell:Creating prefix util module '/home/albert/Workspaces/line_follower/install/_local_setup_util_sh.py'
[5.950s] INFO:colcon.colcon_core.shell:Creating prefix chain script '/home/albert/Workspaces/line_follower/install/setup.sh'
[5.951s] INFO:colcon.colcon_core.shell:Creating prefix script '/home/albert/Workspaces/line_follower/install/local_setup.bash'
[5.952s] INFO:colcon.colcon_core.shell:Creating prefix chain script '/home/albert/Workspaces/line_follower/install/setup.bash'
[5.953s] INFO:colcon.colcon_core.shell:Creating prefix script '/home/albert/Workspaces/line_follower/install/local_setup.zsh'
[5.954s] INFO:colcon.colcon_core.shell:Creating prefix chain script '/home/albert/Workspaces/line_follower/install/setup.zsh'
