[0.010s] Invoking command in '/home/albert/Workspaces/line_follower/build/software_actuators_cpp': CMAKE_PREFIX_PATH=/opt/ros/humble /usr/bin/cmake --build /home/albert/Workspaces/line_follower/build/software_actuators_cpp -- -j20 -l20
[0.165s] Invoked command in '/home/albert/Workspaces/line_follower/build/software_actuators_cpp' returned '0': CMAKE_PREFIX_PATH=/opt/ros/humble /usr/bin/cmake --build /home/albert/Workspaces/line_follower/build/software_actuators_cpp -- -j20 -l20
[0.187s] Invoking command in '/home/albert/Workspaces/line_follower/build/software_actuators_cpp': CMAKE_PREFIX_PATH=/opt/ros/humble /usr/bin/cmake --install /home/albert/Workspaces/line_follower/build/software_actuators_cpp
[0.192s] -- Install configuration: ""
[0.192s] -- Up-to-date: /home/albert/Workspaces/line_follower/install/software_actuators_cpp/share/ament_index/resource_index/package_run_dependencies/software_actuators_cpp
[0.192s] -- Up-to-date: /home/albert/Workspaces/line_follower/install/software_actuators_cpp/share/ament_index/resource_index/parent_prefix_path/software_actuators_cpp
[0.192s] -- Up-to-date: /home/albert/Workspaces/line_follower/install/software_actuators_cpp/share/software_actuators_cpp/environment/ament_prefix_path.sh
[0.192s] -- Up-to-date: /home/albert/Workspaces/line_follower/install/software_actuators_cpp/share/software_actuators_cpp/environment/ament_prefix_path.dsv
[0.192s] -- Up-to-date: /home/albert/Workspaces/line_follower/install/software_actuators_cpp/share/software_actuators_cpp/environment/path.sh
[0.192s] -- Up-to-date: /home/albert/Workspaces/line_follower/install/software_actuators_cpp/share/software_actuators_cpp/environment/path.dsv
[0.192s] -- Up-to-date: /home/albert/Workspaces/line_follower/install/software_actuators_cpp/share/software_actuators_cpp/local_setup.bash
[0.192s] -- Up-to-date: /home/albert/Workspaces/line_follower/install/software_actuators_cpp/share/software_actuators_cpp/local_setup.sh
[0.192s] -- Up-to-date: /home/albert/Workspaces/line_follower/install/software_actuators_cpp/share/software_actuators_cpp/local_setup.zsh
[0.192s] -- Up-to-date: /home/albert/Workspaces/line_follower/install/software_actuators_cpp/share/software_actuators_cpp/local_setup.dsv
[0.193s] -- Installing: /home/albert/Workspaces/line_follower/install/software_actuators_cpp/share/software_actuators_cpp/package.dsv
[0.193s] -- Up-to-date: /home/albert/Workspaces/line_follower/install/software_actuators_cpp/share/ament_index/resource_index/packages/software_actuators_cpp
[0.193s] -- Up-to-date: /home/albert/Workspaces/line_follower/install/software_actuators_cpp/share/software_actuators_cpp/cmake/software_actuators_cppConfig.cmake
[0.193s] -- Up-to-date: /home/albert/Workspaces/line_follower/install/software_actuators_cpp/share/software_actuators_cpp/cmake/software_actuators_cppConfig-version.cmake
[0.193s] -- Up-to-date: /home/albert/Workspaces/line_follower/install/software_actuators_cpp/share/software_actuators_cpp/package.xml
[0.200s] Invoked command in '/home/albert/Workspaces/line_follower/build/software_actuators_cpp' returned '0': CMAKE_PREFIX_PATH=/opt/ros/humble /usr/bin/cmake --install /home/albert/Workspaces/line_follower/build/software_actuators_cpp
