[35m[1mConsolidate compiler generated dependencies of target pid_controller2_node[0m
[ 75%] [32mBuilding CXX object CMakeFiles/pid_controller2_node.dir/src/pid_controller2_node.cpp.o[0m
[ 75%] Built target pid_controller_node
[100%] [32m[1mLinking CXX executable pid_controller2_node[0m
[100%] Built target pid_controller2_node
-- Install configuration: ""
-- Up-to-date: /home/albert/Workspaces/line_follower/install/software_pid_controller/lib/software_pid_controller/pid_controller_node
-- Installing: /home/albert/Workspaces/line_follower/install/software_pid_controller/lib/software_pid_controller/pid_controller2_node
-- Set runtime path of "/home/albert/Workspaces/line_follower/install/software_pid_controller/lib/software_pid_controller/pid_controller2_node" to ""
-- Up-to-date: /home/albert/Workspaces/line_follower/install/software_pid_controller/share/ament_index/resource_index/package_run_dependencies/software_pid_controller
-- Up-to-date: /home/albert/Workspaces/line_follower/install/software_pid_controller/share/ament_index/resource_index/parent_prefix_path/software_pid_controller
-- Up-to-date: /home/albert/Workspaces/line_follower/install/software_pid_controller/share/software_pid_controller/environment/ament_prefix_path.sh
-- Up-to-date: /home/albert/Workspaces/line_follower/install/software_pid_controller/share/software_pid_controller/environment/ament_prefix_path.dsv
-- Up-to-date: /home/albert/Workspaces/line_follower/install/software_pid_controller/share/software_pid_controller/environment/path.sh
-- Up-to-date: /home/albert/Workspaces/line_follower/install/software_pid_controller/share/software_pid_controller/environment/path.dsv
-- Up-to-date: /home/albert/Workspaces/line_follower/install/software_pid_controller/share/software_pid_controller/local_setup.bash
-- Up-to-date: /home/albert/Workspaces/line_follower/install/software_pid_controller/share/software_pid_controller/local_setup.sh
-- Up-to-date: /home/albert/Workspaces/line_follower/install/software_pid_controller/share/software_pid_controller/local_setup.zsh
-- Up-to-date: /home/albert/Workspaces/line_follower/install/software_pid_controller/share/software_pid_controller/local_setup.dsv
-- Installing: /home/albert/Workspaces/line_follower/install/software_pid_controller/share/software_pid_controller/package.dsv
-- Up-to-date: /home/albert/Workspaces/line_follower/install/software_pid_controller/share/ament_index/resource_index/packages/software_pid_controller
-- Up-to-date: /home/albert/Workspaces/line_follower/install/software_pid_controller/share/software_pid_controller/cmake/software_pid_controllerConfig.cmake
-- Up-to-date: /home/albert/Workspaces/line_follower/install/software_pid_controller/share/software_pid_controller/cmake/software_pid_controllerConfig-version.cmake
-- Up-to-date: /home/albert/Workspaces/line_follower/install/software_pid_controller/share/software_pid_controller/package.xml
