running egg_info
writing ../../build/software_sensors_py/software_sensors_py.egg-info/PKG-INFO
writing dependency_links to ../../build/software_sensors_py/software_sensors_py.egg-info/dependency_links.txt
writing entry points to ../../build/software_sensors_py/software_sensors_py.egg-info/entry_points.txt
writing requirements to ../../build/software_sensors_py/software_sensors_py.egg-info/requires.txt
writing top-level names to ../../build/software_sensors_py/software_sensors_py.egg-info/top_level.txt
reading manifest file '../../build/software_sensors_py/software_sensors_py.egg-info/SOURCES.txt'
writing manifest file '../../build/software_sensors_py/software_sensors_py.egg-info/SOURCES.txt'
running build
running build_py
copying software_sensors_py/line_detector_node.py -> /home/albert/Workspaces/line_follower/build/software_sensors_py/build/lib/software_sensors_py
running install
running install_lib
copying /home/albert/Workspaces/line_follower/build/software_sensors_py/build/lib/software_sensors_py/line_detector_node.py -> /home/albert/Workspaces/line_follower/install/software_sensors_py/lib/python3.10/site-packages/software_sensors_py
byte-compiling /home/albert/Workspaces/line_follower/install/software_sensors_py/lib/python3.10/site-packages/software_sensors_py/line_detector_node.py to line_detector_node.cpython-310.pyc
running install_data
running install_egg_info
removing '/home/albert/Workspaces/line_follower/install/software_sensors_py/lib/python3.10/site-packages/software_sensors_py-0.0.0-py3.10.egg-info' (and everything under it)
Copying ../../build/software_sensors_py/software_sensors_py.egg-info to /home/albert/Workspaces/line_follower/install/software_sensors_py/lib/python3.10/site-packages/software_sensors_py-0.0.0-py3.10.egg-info
running install_scripts
Installing camera_node script to /home/albert/Workspaces/line_follower/install/software_sensors_py/lib/software_sensors_py
Installing line_detector_node script to /home/albert/Workspaces/line_follower/install/software_sensors_py/lib/software_sensors_py
writing list of installed files to '/home/albert/Workspaces/line_follower/build/software_sensors_py/install.log'
